# 11/7/22, 11:51:20 PM EST
# Eclipse Compiler for Java(TM) v20220831-1439, 3.31.0, Copyright IBM Corp 2000, 2020. All rights reserved.
----------
1. WARNING in /Users/tcv/git/Pydev/plugins/org.python.pydev.debug/src/org/python/pydev/debug/codecoverage/PyCodeCoverageView.java (at line 860)
	PySourceLocatorBase locator = new PySourceLocatorBase();
	                    ^^^^^^^
The value of the local variable locator is not used
----------
----------
2. WARNING in /Users/tcv/git/Pydev/plugins/org.python.pydev.debug/src/org/python/pydev/debug/curr_exception/CurrentExceptionView.java (at line 105)
	List<AbstractDebugTarget> targets = (List) input;
	                                    ^^^^^^^^^^^^
Type safety: The expression of type List needs unchecked conversion to conform to List<AbstractDebugTarget>
----------
3. WARNING in /Users/tcv/git/Pydev/plugins/org.python.pydev.debug/src/org/python/pydev/debug/curr_exception/CurrentExceptionView.java (at line 105)
	List<AbstractDebugTarget> targets = (List) input;
	                                     ^^^^
List is a raw type. References to generic type List<E> should be parameterized
----------
----------
4. WARNING in /Users/tcv/git/Pydev/plugins/org.python.pydev.debug/src/org/python/pydev/debug/curr_exception/CurrentExceptionViewContentProvider.java (at line 41)
	List<IDebugTarget> elements = (List<IDebugTarget>) inputElement;
	                              ^^^^^^^^^^^^^^^^^^^^^^^^^^^^^^^^^
Type safety: Unchecked cast from Object to List<IDebugTarget>
----------
5. WARNING in /Users/tcv/git/Pydev/plugins/org.python.pydev.debug/src/org/python/pydev/debug/curr_exception/CurrentExceptionViewContentProvider.java (at line 114)
	List list = (List) element;
	^^^^
List is a raw type. References to generic type List<E> should be parameterized
----------
6. WARNING in /Users/tcv/git/Pydev/plugins/org.python.pydev.debug/src/org/python/pydev/debug/curr_exception/CurrentExceptionViewContentProvider.java (at line 114)
	List list = (List) element;
	             ^^^^
List is a raw type. References to generic type List<E> should be parameterized
----------
----------
7. WARNING in /Users/tcv/git/Pydev/plugins/org.python.pydev.debug/src/org/python/pydev/debug/curr_exception/EditIgnoredCaughtExceptions.java (at line 30)
	private WeakReference<CurrentExceptionView> currentExceptionView;
	                                            ^^^^^^^^^^^^^^^^^^^^
The value of the field EditIgnoredCaughtExceptions.currentExceptionView is not used
----------
----------
8. WARNING in /Users/tcv/git/Pydev/plugins/org.python.pydev.debug/src/org/python/pydev/debug/curr_exception/EditIgnoredCaughtExceptionsDialog.java (at line 29)
	private Button okButton;
	               ^^^^^^^^
The value of the field EditIgnoredCaughtExceptionsDialog.okButton is not used
----------
9. WARNING in /Users/tcv/git/Pydev/plugins/org.python.pydev.debug/src/org/python/pydev/debug/curr_exception/EditIgnoredCaughtExceptionsDialog.java (at line 30)
	private Button cancelButton;
	               ^^^^^^^^^^^^
The value of the field EditIgnoredCaughtExceptionsDialog.cancelButton is not used
----------
----------
10. WARNING in /Users/tcv/git/Pydev/plugins/org.python.pydev.debug/src/org/python/pydev/debug/handlers/StepIntoSelectionHyperlinkDetector.java (at line 160)
	+ StringUtils.join("; ", stepIntoTargets));
	  ^^^^^^^^^^^^^^^^^^^^^^^^^^^^^^^^^^^^^^^
Type SmartStepIntoVariant[] of the last argument to method join(String, Object...) doesn't exactly match the vararg parameter type. Cast to Object[] to confirm the non-varargs invocation, or pass individual arguments of type Object for a varargs invocation.
----------
----------
11. WARNING in /Users/tcv/git/Pydev/plugins/org.python.pydev.debug/src/org/python/pydev/debug/model/AdapterDebug.java (at line 11)
	public static void print(Object askedfor, Class adapter) {
	                                          ^^^^^
Class is a raw type. References to generic type Class<T> should be parameterized
----------
12. WARNING in /Users/tcv/git/Pydev/plugins/org.python.pydev.debug/src/org/python/pydev/debug/model/AdapterDebug.java (at line 12)
	if (false) {
            System.out.println(askedfor.getClass().getName() + " requests " + adapter.toString());
        }
	           ^^^^^^^^^^^^^^^^^^^^^^^^^^^^^^^^^^^^^^^^^^^^^^^^^^^^^^^^^^^^^^^^^^^^^^^^^^^^^^^^^^^^^^^^^^^^^^^^^^^^^^^^^^^^^^
Dead code
----------
13. WARNING in /Users/tcv/git/Pydev/plugins/org.python.pydev.debug/src/org/python/pydev/debug/model/AdapterDebug.java (at line 17)
	public static void printDontKnow(Object askedfor, Class adapter) {
	                                                  ^^^^^
Class is a raw type. References to generic type Class<T> should be parameterized
----------
14. WARNING in /Users/tcv/git/Pydev/plugins/org.python.pydev.debug/src/org/python/pydev/debug/model/AdapterDebug.java (at line 18)
	if (false) {
            System.out.println("DONT KNOW: " + askedfor.getClass().getName() + " requests " + adapter.toString());
        }
	           ^^^^^^^^^^^^^^^^^^^^^^^^^^^^^^^^^^^^^^^^^^^^^^^^^^^^^^^^^^^^^^^^^^^^^^^^^^^^^^^^^^^^^^^^^^^^^^^^^^^^^^^^^^^^^^^^^^^^^^^^^^^^^^
Dead code
----------
----------
15. WARNING in /Users/tcv/git/Pydev/plugins/org.python.pydev.debug/src/org/python/pydev/debug/model/PyDebugModelPresentation.java (at line 51)
	protected ListenerList fListeners = new ListenerList(ListenerList.IDENTITY);
	          ^^^^^^^^^^^^
ListenerList is a raw type. References to generic type ListenerList<E> should be parameterized
----------
16. WARNING in /Users/tcv/git/Pydev/plugins/org.python.pydev.debug/src/org/python/pydev/debug/model/PyDebugModelPresentation.java (at line 51)
	protected ListenerList fListeners = new ListenerList(ListenerList.IDENTITY);
	                                        ^^^^^^^^^^^^
ListenerList is a raw type. References to generic type ListenerList<E> should be parameterized
----------
17. INFO in /Users/tcv/git/Pydev/plugins/org.python.pydev.debug/src/org/python/pydev/debug/model/PyDebugModelPresentation.java (at line 320)
	} catch (@SuppressWarnings("unused") PartInitException | OperationCanceledException ignored) {
	                           ^^^^^^^^
At least one of the problems in category 'unused' is not analysed due to a compiler option being ignored
----------
18. WARNING in /Users/tcv/git/Pydev/plugins/org.python.pydev.debug/src/org/python/pydev/debug/model/PyDebugModelPresentation.java (at line 336)
	fListeners.add(listener);
	^^^^^^^^^^^^^^^^^^^^^^^^
Type safety: The method add(Object) belongs to the raw type ListenerList. References to generic type ListenerList<E> should be parameterized
----------
----------
19. WARNING in /Users/tcv/git/Pydev/plugins/org.python.pydev.debug/src/org/python/pydev/debug/model/PyDebugTarget.java (at line 27)
	import org.python.pydev.debug.console.ConsoleCompletionsPageParticipant;
	       ^^^^^^^^^^^^^^^^^^^^^^^^^^^^^^^^^^^^^^^^^^^^^^^^^^^^^^^^^^^^^^^^
The import org.python.pydev.debug.console.ConsoleCompletionsPageParticipant is never used
----------
----------
20. WARNING in /Users/tcv/git/Pydev/plugins/org.python.pydev.debug/src/org/python/pydev/debug/model/PyVariableContentProviderHack.java (at line 11)
	import org.eclipse.debug.internal.ui.model.elements.VariableContentProvider;
	       ^^^^^^^^^^^^^^^^^^^^^^^^^^^^^^^^^^^^^^^^^^^^^^^^^^^^^^^^^^^^^^^^^^^^
Discouraged access: The type 'VariableContentProvider' is not API (restriction on classpath entry '/Users/tcv/.p2/pool/plugins/org.eclipse.debug.ui_3.17.0.v20220817-1312.jar')
----------
21. WARNING in /Users/tcv/git/Pydev/plugins/org.python.pydev.debug/src/org/python/pydev/debug/model/PyVariableContentProviderHack.java (at line 12)
	import org.eclipse.debug.internal.ui.viewers.model.provisional.IPresentationContext;
	       ^^^^^^^^^^^^^^^^^^^^^^^^^^^^^^^^^^^^^^^^^^^^^^^^^^^^^^^^^^^^^^^^^^^^^^^^^^^^
Discouraged access: The type 'IPresentationContext' is not API (restriction on classpath entry '/Users/tcv/.p2/pool/plugins/org.eclipse.debug.ui_3.17.0.v20220817-1312.jar')
----------
22. WARNING in /Users/tcv/git/Pydev/plugins/org.python.pydev.debug/src/org/python/pydev/debug/model/PyVariableContentProviderHack.java (at line 13)
	import org.eclipse.debug.internal.ui.viewers.model.provisional.IViewerUpdate;
	       ^^^^^^^^^^^^^^^^^^^^^^^^^^^^^^^^^^^^^^^^^^^^^^^^^^^^^^^^^^^^^^^^^^^^^
Discouraged access: The type 'IViewerUpdate' is not API (restriction on classpath entry '/Users/tcv/.p2/pool/plugins/org.eclipse.debug.ui_3.17.0.v20220817-1312.jar')
----------
23. WARNING in /Users/tcv/git/Pydev/plugins/org.python.pydev.debug/src/org/python/pydev/debug/model/PyVariableContentProviderHack.java (at line 21)
	public class PyVariableContentProviderHack extends VariableContentProvider {
	                                                   ^^^^^^^^^^^^^^^^^^^^^^^
Discouraged access: The type 'VariableContentProvider' is not API (restriction on classpath entry '/Users/tcv/.p2/pool/plugins/org.eclipse.debug.ui_3.17.0.v20220817-1312.jar')
----------
24. WARNING in /Users/tcv/git/Pydev/plugins/org.python.pydev.debug/src/org/python/pydev/debug/model/PyVariableContentProviderHack.java (at line 24)
	protected boolean hasChildren(Object element, IPresentationContext context, IViewerUpdate monitor)
	                                              ^^^^^^^^^^^^^^^^^^^^
Discouraged access: The type 'IPresentationContext' is not API (restriction on classpath entry '/Users/tcv/.p2/pool/plugins/org.eclipse.debug.ui_3.17.0.v20220817-1312.jar')
----------
25. WARNING in /Users/tcv/git/Pydev/plugins/org.python.pydev.debug/src/org/python/pydev/debug/model/PyVariableContentProviderHack.java (at line 24)
	protected boolean hasChildren(Object element, IPresentationContext context, IViewerUpdate monitor)
	                                                                            ^^^^^^^^^^^^^
Discouraged access: The type 'IViewerUpdate' is not API (restriction on classpath entry '/Users/tcv/.p2/pool/plugins/org.eclipse.debug.ui_3.17.0.v20220817-1312.jar')
----------
26. WARNING in /Users/tcv/git/Pydev/plugins/org.python.pydev.debug/src/org/python/pydev/debug/model/PyVariableContentProviderHack.java (at line 28)
	return super.hasChildren(watchExpression.getValue(), context, monitor);
	             ^^^^^^^^^^^
Discouraged access: The method 'VariableContentProvider.hasChildren(Object, IPresentationContext, IViewerUpdate)' is not API (restriction on classpath entry '/Users/tcv/.p2/pool/plugins/org.eclipse.debug.ui_3.17.0.v20220817-1312.jar')
----------
27. WARNING in /Users/tcv/git/Pydev/plugins/org.python.pydev.debug/src/org/python/pydev/debug/model/PyVariableContentProviderHack.java (at line 38)
	return super.hasChildren(element, context, monitor);
	             ^^^^^^^^^^^
Discouraged access: The method 'VariableContentProvider.hasChildren(Object, IPresentationContext, IViewerUpdate)' is not API (restriction on classpath entry '/Users/tcv/.p2/pool/plugins/org.eclipse.debug.ui_3.17.0.v20220817-1312.jar')
----------
28. WARNING in /Users/tcv/git/Pydev/plugins/org.python.pydev.debug/src/org/python/pydev/debug/model/PyVariableContentProviderHack.java (at line 42)
	protected Object[] getAllChildren(Object parent, IPresentationContext context) throws CoreException {
	                                                 ^^^^^^^^^^^^^^^^^^^^
Discouraged access: The type 'IPresentationContext' is not API (restriction on classpath entry '/Users/tcv/.p2/pool/plugins/org.eclipse.debug.ui_3.17.0.v20220817-1312.jar')
----------
29. WARNING in /Users/tcv/git/Pydev/plugins/org.python.pydev.debug/src/org/python/pydev/debug/model/PyVariableContentProviderHack.java (at line 45)
	return super.getAllChildren(watchExpression.getValue(), context);
	             ^^^^^^^^^^^^^^
Discouraged access: The method 'VariableContentProvider.getAllChildren(Object, IPresentationContext)' is not API (restriction on classpath entry '/Users/tcv/.p2/pool/plugins/org.eclipse.debug.ui_3.17.0.v20220817-1312.jar')
----------
30. WARNING in /Users/tcv/git/Pydev/plugins/org.python.pydev.debug/src/org/python/pydev/debug/model/PyVariableContentProviderHack.java (at line 55)
	return super.getAllChildren(parent, context);
	             ^^^^^^^^^^^^^^
Discouraged access: The method 'VariableContentProvider.getAllChildren(Object, IPresentationContext)' is not API (restriction on classpath entry '/Users/tcv/.p2/pool/plugins/org.eclipse.debug.ui_3.17.0.v20220817-1312.jar')
----------
----------
31. WARNING in /Users/tcv/git/Pydev/plugins/org.python.pydev.debug/src/org/python/pydev/debug/model/remote/DebuggerReader.java (at line 103)
	cmd = responseQueue.remove(new Integer(seqCode));
	                               ^^^^^^^^^^^^^^^^
The constructor Integer(int) has been deprecated since version 9 and marked for removal
----------
----------
32. WARNING in /Users/tcv/git/Pydev/plugins/org.python.pydev.debug/src/org/python/pydev/debug/model/remote/RunCustomOperationCommand.java (at line 26)
	import org.python.pydev.debug.handlers.PrettyPrintCommandHandler;
	       ^^^^^^^^^^^^^^^^^^^^^^^^^^^^^^^^^^^^^^^^^^^^^^^^^^^^^^^^^
The import org.python.pydev.debug.handlers.PrettyPrintCommandHandler is never used
----------
----------
33. WARNING in /Users/tcv/git/Pydev/plugins/org.python.pydev.debug/src/org/python/pydev/debug/model/remote/SmartStepIntoCommand.java (at line 11)
	private final int line;
	                  ^^^^
The value of the field SmartStepIntoCommand.line is not used
----------
----------
34. WARNING in /Users/tcv/git/Pydev/plugins/org.python.pydev.debug/src/org/python/pydev/debug/processfactory/PyProcessFactory.java (at line 22)
	public IProcess newProcess(ILaunch launch, Process process, String label, Map attributes) {
	                                                                          ^^^
Map is a raw type. References to generic type Map<K,V> should be parameterized
----------
35. WARNING in /Users/tcv/git/Pydev/plugins/org.python.pydev.debug/src/org/python/pydev/debug/processfactory/PyProcessFactory.java (at line 23)
	return new RuntimeProcess(launch, new ProcessWrapper(process), label, attributes);
	                                                                      ^^^^^^^^^^
Type safety: The expression of type Map needs unchecked conversion to conform to Map<String,String>
----------
----------
36. WARNING in /Users/tcv/git/Pydev/plugins/org.python.pydev.debug/src/org/python/pydev/debug/pyunit/ShowTestRunnerPreferencesAction.java (at line 15)
	private WeakReference<PyUnitView> pyUnitView;
	                                  ^^^^^^^^^^
The value of the field ShowTestRunnerPreferencesAction.pyUnitView is not used
----------
----------
37. WARNING in /Users/tcv/git/Pydev/plugins/org.python.pydev.debug/src/org/python/pydev/debug/pyunit/ShowViewOnTestRunAction.java (at line 16)
	private WeakReference<PyUnitView> pyUnitView;
	                                  ^^^^^^^^^^
The value of the field ShowViewOnTestRunAction.pyUnitView is not used
----------
----------
38. WARNING in /Users/tcv/git/Pydev/plugins/org.python.pydev.debug/src/org/python/pydev/debug/ui/PyConfigureExceptionDialog.java (at line 17)
	import org.eclipse.debug.internal.ui.DebugUIPlugin;
	       ^^^^^^^^^^^^^^^^^^^^^^^^^^^^^^^^^^^^^^^^^^^
Discouraged access: The type 'DebugUIPlugin' is not API (restriction on classpath entry '/Users/tcv/.p2/pool/plugins/org.eclipse.debug.ui_3.17.0.v20220817-1312.jar')
----------
39. WARNING in /Users/tcv/git/Pydev/plugins/org.python.pydev.debug/src/org/python/pydev/debug/ui/PyConfigureExceptionDialog.java (at line 45)
	import org.eclipse.ui.internal.WorkbenchMessages;
	       ^^^^^^^^^^^^^^^^^^^^^^^^^^^^^^^^^^^^^^^^^
Discouraged access: The type 'WorkbenchMessages' is not API (restriction on classpath entry '/Users/tcv/.p2/pool/plugins/org.eclipse.ui.workbench_3.126.0.v20220823-0718.jar')
----------
40. WARNING in /Users/tcv/git/Pydev/plugins/org.python.pydev.debug/src/org/python/pydev/debug/ui/PyConfigureExceptionDialog.java (at line 100)
	protected static String SELECT_ALL_TITLE = WorkbenchMessages.SelectionDialog_selectLabel;
	                                           ^^^^^^^^^^^^^^^^^^^^^^^^^^^^^^^^^^^^^^^^^^^^^
Discouraged access: The type 'WorkbenchMessages' is not API (restriction on classpath entry '/Users/tcv/.p2/pool/plugins/org.eclipse.ui.workbench_3.126.0.v20220823-0718.jar')
----------
41. WARNING in /Users/tcv/git/Pydev/plugins/org.python.pydev.debug/src/org/python/pydev/debug/ui/PyConfigureExceptionDialog.java (at line 100)
	protected static String SELECT_ALL_TITLE = WorkbenchMessages.SelectionDialog_selectLabel;
	                                                             ^^^^^^^^^^^^^^^^^^^^^^^^^^^
Discouraged access: The field 'WorkbenchMessages.SelectionDialog_selectLabel' is not API (restriction on classpath entry '/Users/tcv/.p2/pool/plugins/org.eclipse.ui.workbench_3.126.0.v20220823-0718.jar')
----------
42. WARNING in /Users/tcv/git/Pydev/plugins/org.python.pydev.debug/src/org/python/pydev/debug/ui/PyConfigureExceptionDialog.java (at line 101)
	protected static String DESELECT_ALL_TITLE = WorkbenchMessages.SelectionDialog_deselectLabel;
	                                             ^^^^^^^^^^^^^^^^^^^^^^^^^^^^^^^^^^^^^^^^^^^^^^^
Discouraged access: The type 'WorkbenchMessages' is not API (restriction on classpath entry '/Users/tcv/.p2/pool/plugins/org.eclipse.ui.workbench_3.126.0.v20220823-0718.jar')
----------
43. WARNING in /Users/tcv/git/Pydev/plugins/org.python.pydev.debug/src/org/python/pydev/debug/ui/PyConfigureExceptionDialog.java (at line 101)
	protected static String DESELECT_ALL_TITLE = WorkbenchMessages.SelectionDialog_deselectLabel;
	                                                               ^^^^^^^^^^^^^^^^^^^^^^^^^^^^^
Discouraged access: The field 'WorkbenchMessages.SelectionDialog_deselectLabel' is not API (restriction on classpath entry '/Users/tcv/.p2/pool/plugins/org.eclipse.ui.workbench_3.126.0.v20220823-0718.jar')
----------
44. WARNING in /Users/tcv/git/Pydev/plugins/org.python.pydev.debug/src/org/python/pydev/debug/ui/PyConfigureExceptionDialog.java (at line 106)
	setTitle(WorkbenchMessages.ListSelection_title);
	         ^^^^^^^^^^^^^^^^^^^^^^^^^^^^^^^^^^^^^
Discouraged access: The type 'WorkbenchMessages' is not API (restriction on classpath entry '/Users/tcv/.p2/pool/plugins/org.eclipse.ui.workbench_3.126.0.v20220823-0718.jar')
----------
45. WARNING in /Users/tcv/git/Pydev/plugins/org.python.pydev.debug/src/org/python/pydev/debug/ui/PyConfigureExceptionDialog.java (at line 106)
	setTitle(WorkbenchMessages.ListSelection_title);
	                           ^^^^^^^^^^^^^^^^^^^
Discouraged access: The field 'WorkbenchMessages.ListSelection_title' is not API (restriction on classpath entry '/Users/tcv/.p2/pool/plugins/org.eclipse.ui.workbench_3.126.0.v20220823-0718.jar')
----------
46. WARNING in /Users/tcv/git/Pydev/plugins/org.python.pydev.debug/src/org/python/pydev/debug/ui/PyConfigureExceptionDialog.java (at line 113)
	setMessage(WorkbenchMessages.ListSelection_message);
	           ^^^^^^^^^^^^^^^^^^^^^^^^^^^^^^^^^^^^^^^
Discouraged access: The type 'WorkbenchMessages' is not API (restriction on classpath entry '/Users/tcv/.p2/pool/plugins/org.eclipse.ui.workbench_3.126.0.v20220823-0718.jar')
----------
47. WARNING in /Users/tcv/git/Pydev/plugins/org.python.pydev.debug/src/org/python/pydev/debug/ui/PyConfigureExceptionDialog.java (at line 113)
	setMessage(WorkbenchMessages.ListSelection_message);
	                             ^^^^^^^^^^^^^^^^^^^^^
Discouraged access: The field 'WorkbenchMessages.ListSelection_message' is not API (restriction on classpath entry '/Users/tcv/.p2/pool/plugins/org.eclipse.ui.workbench_3.126.0.v20220823-0718.jar')
----------
48. WARNING in /Users/tcv/git/Pydev/plugins/org.python.pydev.debug/src/org/python/pydev/debug/ui/PyConfigureExceptionDialog.java (at line 297)
	IStatus status = new Status(IStatus.WARNING, DebugUIPlugin.getUniqueIdentifier(),
	                                             ^^^^^^^^^^^^^
Discouraged access: The type 'DebugUIPlugin' is not API (restriction on classpath entry '/Users/tcv/.p2/pool/plugins/org.eclipse.debug.ui_3.17.0.v20220817-1312.jar')
----------
49. WARNING in /Users/tcv/git/Pydev/plugins/org.python.pydev.debug/src/org/python/pydev/debug/ui/PyConfigureExceptionDialog.java (at line 297)
	IStatus status = new Status(IStatus.WARNING, DebugUIPlugin.getUniqueIdentifier(),
	                                                           ^^^^^^^^^^^^^^^^^^^
Discouraged access: The method 'DebugUIPlugin.getUniqueIdentifier()' is not API (restriction on classpath entry '/Users/tcv/.p2/pool/plugins/org.eclipse.debug.ui_3.17.0.v20220817-1312.jar')
----------
50. WARNING in /Users/tcv/git/Pydev/plugins/org.python.pydev.debug/src/org/python/pydev/debug/ui/PyConfigureExceptionDialog.java (at line 299)
	DebugUIPlugin.errorDialog(getShell(), DebugUIPlugin.removeAccelerators("Add Custom User Exception"),
	^^^^^^^^^^^^^
Discouraged access: The type 'DebugUIPlugin' is not API (restriction on classpath entry '/Users/tcv/.p2/pool/plugins/org.eclipse.debug.ui_3.17.0.v20220817-1312.jar')
----------
51. WARNING in /Users/tcv/git/Pydev/plugins/org.python.pydev.debug/src/org/python/pydev/debug/ui/PyConfigureExceptionDialog.java (at line 299)
	DebugUIPlugin.errorDialog(getShell(), DebugUIPlugin.removeAccelerators("Add Custom User Exception"),
	              ^^^^^^^^^^^
Discouraged access: The method 'DebugUIPlugin.errorDialog(Shell, String, String, IStatus)' is not API (restriction on classpath entry '/Users/tcv/.p2/pool/plugins/org.eclipse.debug.ui_3.17.0.v20220817-1312.jar')
----------
52. WARNING in /Users/tcv/git/Pydev/plugins/org.python.pydev.debug/src/org/python/pydev/debug/ui/PyConfigureExceptionDialog.java (at line 299)
	DebugUIPlugin.errorDialog(getShell(), DebugUIPlugin.removeAccelerators("Add Custom User Exception"),
	                                      ^^^^^^^^^^^^^
Discouraged access: The type 'DebugUIPlugin' is not API (restriction on classpath entry '/Users/tcv/.p2/pool/plugins/org.eclipse.debug.ui_3.17.0.v20220817-1312.jar')
----------
53. WARNING in /Users/tcv/git/Pydev/plugins/org.python.pydev.debug/src/org/python/pydev/debug/ui/PyConfigureExceptionDialog.java (at line 299)
	DebugUIPlugin.errorDialog(getShell(), DebugUIPlugin.removeAccelerators("Add Custom User Exception"),
	                                                    ^^^^^^^^^^^^^^^^^^
Discouraged access: The method 'DebugUIPlugin.removeAccelerators(String)' is not API (restriction on classpath entry '/Users/tcv/.p2/pool/plugins/org.eclipse.debug.ui_3.17.0.v20220817-1312.jar')
----------
54. WARNING in /Users/tcv/git/Pydev/plugins/org.python.pydev.debug/src/org/python/pydev/debug/ui/PyConfigureExceptionDialog.java (at line 528)
	Iterator itemsToCheck = getInitialElementSelections().iterator();
	^^^^^^^^
Iterator is a raw type. References to generic type Iterator<E> should be parameterized
----------
----------
55. WARNING in /Users/tcv/git/Pydev/plugins/org.python.pydev.debug/src/org/python/pydev/debug/ui/actions/EvalExpressionAction.java (at line 178)
	Set set = (Set) obj;
	^^^
Set is a raw type. References to generic type Set<E> should be parameterized
----------
56. WARNING in /Users/tcv/git/Pydev/plugins/org.python.pydev.debug/src/org/python/pydev/debug/ui/actions/EvalExpressionAction.java (at line 178)
	Set set = (Set) obj;
	           ^^^
Set is a raw type. References to generic type Set<E> should be parameterized
----------
----------
57. WARNING in /Users/tcv/git/Pydev/plugins/org.python.pydev.debug/src/org/python/pydev/debug/ui/actions/PyBreakpointRulerAction.java (at line 30)
	import org.eclipse.jface.action.Action;
	       ^^^^^^^^^^^^^^^^^^^^^^^^^^^^^^^
The import org.eclipse.jface.action.Action is never used
----------
58. WARNING in /Users/tcv/git/Pydev/plugins/org.python.pydev.debug/src/org/python/pydev/debug/ui/actions/PyBreakpointRulerAction.java (at line 35)
	import org.eclipse.ui.texteditor.IUpdate;
	       ^^^^^^^^^^^^^^^^^^^^^^^^^^^^^^^^^
The import org.eclipse.ui.texteditor.IUpdate is never used
----------
----------
59. WARNING in /Users/tcv/git/Pydev/plugins/org.python.pydev.debug/src/org/python/pydev/debug/ui/actions/PythonBreakpointPropertiesRulerAction.java (at line 9)
	import org.eclipse.core.runtime.CoreException;
	       ^^^^^^^^^^^^^^^^^^^^^^^^^^^^^^^^^^^^^^
The import org.eclipse.core.runtime.CoreException is never used
----------
60. WARNING in /Users/tcv/git/Pydev/plugins/org.python.pydev.debug/src/org/python/pydev/debug/ui/actions/PythonBreakpointPropertiesRulerAction.java (at line 11)
	import org.eclipse.jface.action.Action;
	       ^^^^^^^^^^^^^^^^^^^^^^^^^^^^^^^
The import org.eclipse.jface.action.Action is never used
----------
----------
61. WARNING in /Users/tcv/git/Pydev/plugins/org.python.pydev.debug/src/org/python/pydev/debug/ui/actions/RetargetSetNextAction.java (at line 14)
	import org.eclipse.debug.internal.ui.DebugUIPlugin;
	       ^^^^^^^^^^^^^^^^^^^^^^^^^^^^^^^^^^^^^^^^^^^
Discouraged access: The type 'DebugUIPlugin' is not API (restriction on classpath entry '/Users/tcv/.p2/pool/plugins/org.eclipse.debug.ui_3.17.0.v20220817-1312.jar')
----------
62. WARNING in /Users/tcv/git/Pydev/plugins/org.python.pydev.debug/src/org/python/pydev/debug/ui/actions/RetargetSetNextAction.java (at line 15)
	import org.eclipse.debug.internal.ui.actions.RetargetAction;
	       ^^^^^^^^^^^^^^^^^^^^^^^^^^^^^^^^^^^^^^^^^^^^^^^^^^^^
Discouraged access: The type 'RetargetAction' is not API (restriction on classpath entry '/Users/tcv/.p2/pool/plugins/org.eclipse.debug.ui_3.17.0.v20220817-1312.jar')
----------
63. WARNING in /Users/tcv/git/Pydev/plugins/org.python.pydev.debug/src/org/python/pydev/debug/ui/actions/RetargetSetNextAction.java (at line 29)
	public class RetargetSetNextAction extends RetargetAction {
	                                           ^^^^^^^^^^^^^^
Discouraged access: The type 'RetargetAction' is not API (restriction on classpath entry '/Users/tcv/.p2/pool/plugins/org.eclipse.debug.ui_3.17.0.v20220817-1312.jar')
----------
64. WARNING in /Users/tcv/git/Pydev/plugins/org.python.pydev.debug/src/org/python/pydev/debug/ui/actions/RetargetSetNextAction.java (at line 45)
	IAction action = getAction();
	                 ^^^^^^^^^
Discouraged access: The method 'RetargetAction.getAction()' is not API (restriction on classpath entry '/Users/tcv/.p2/pool/plugins/org.eclipse.debug.ui_3.17.0.v20220817-1312.jar')
----------
65. WARNING in /Users/tcv/git/Pydev/plugins/org.python.pydev.debug/src/org/python/pydev/debug/ui/actions/RetargetSetNextAction.java (at line 47)
	action.setEnabled(fTargetElement != null && hasTargetAdapter());
	                                            ^^^^^^^^^^^^^^^^
Discouraged access: The method 'RetargetAction.hasTargetAdapter()' is not API (restriction on classpath entry '/Users/tcv/.p2/pool/plugins/org.eclipse.debug.ui_3.17.0.v20220817-1312.jar')
----------
66. WARNING in /Users/tcv/git/Pydev/plugins/org.python.pydev.debug/src/org/python/pydev/debug/ui/actions/RetargetSetNextAction.java (at line 79)
	IStatus status = new Status(IStatus.WARNING, DebugUIPlugin.getUniqueIdentifier(),
	                                             ^^^^^^^^^^^^^
Discouraged access: The type 'DebugUIPlugin' is not API (restriction on classpath entry '/Users/tcv/.p2/pool/plugins/org.eclipse.debug.ui_3.17.0.v20220817-1312.jar')
----------
67. WARNING in /Users/tcv/git/Pydev/plugins/org.python.pydev.debug/src/org/python/pydev/debug/ui/actions/RetargetSetNextAction.java (at line 79)
	IStatus status = new Status(IStatus.WARNING, DebugUIPlugin.getUniqueIdentifier(),
	                                                           ^^^^^^^^^^^^^^^^^^^
Discouraged access: The method 'DebugUIPlugin.getUniqueIdentifier()' is not API (restriction on classpath entry '/Users/tcv/.p2/pool/plugins/org.eclipse.debug.ui_3.17.0.v20220817-1312.jar')
----------
68. WARNING in /Users/tcv/git/Pydev/plugins/org.python.pydev.debug/src/org/python/pydev/debug/ui/actions/RetargetSetNextAction.java (at line 81)
	DebugUIPlugin.errorDialog(DebugUIPlugin.getShell(), DebugUIPlugin.removeAccelerators("Set Next Statement"),
	^^^^^^^^^^^^^
Discouraged access: The type 'DebugUIPlugin' is not API (restriction on classpath entry '/Users/tcv/.p2/pool/plugins/org.eclipse.debug.ui_3.17.0.v20220817-1312.jar')
----------
69. WARNING in /Users/tcv/git/Pydev/plugins/org.python.pydev.debug/src/org/python/pydev/debug/ui/actions/RetargetSetNextAction.java (at line 81)
	DebugUIPlugin.errorDialog(DebugUIPlugin.getShell(), DebugUIPlugin.removeAccelerators("Set Next Statement"),
	              ^^^^^^^^^^^
Discouraged access: The method 'DebugUIPlugin.errorDialog(Shell, String, String, IStatus)' is not API (restriction on classpath entry '/Users/tcv/.p2/pool/plugins/org.eclipse.debug.ui_3.17.0.v20220817-1312.jar')
----------
70. WARNING in /Users/tcv/git/Pydev/plugins/org.python.pydev.debug/src/org/python/pydev/debug/ui/actions/RetargetSetNextAction.java (at line 81)
	DebugUIPlugin.errorDialog(DebugUIPlugin.getShell(), DebugUIPlugin.removeAccelerators("Set Next Statement"),
	                          ^^^^^^^^^^^^^
Discouraged access: The type 'DebugUIPlugin' is not API (restriction on classpath entry '/Users/tcv/.p2/pool/plugins/org.eclipse.debug.ui_3.17.0.v20220817-1312.jar')
----------
71. WARNING in /Users/tcv/git/Pydev/plugins/org.python.pydev.debug/src/org/python/pydev/debug/ui/actions/RetargetSetNextAction.java (at line 81)
	DebugUIPlugin.errorDialog(DebugUIPlugin.getShell(), DebugUIPlugin.removeAccelerators("Set Next Statement"),
	                                        ^^^^^^^^
Discouraged access: The method 'DebugUIPlugin.getShell()' is not API (restriction on classpath entry '/Users/tcv/.p2/pool/plugins/org.eclipse.debug.ui_3.17.0.v20220817-1312.jar')
----------
72. WARNING in /Users/tcv/git/Pydev/plugins/org.python.pydev.debug/src/org/python/pydev/debug/ui/actions/RetargetSetNextAction.java (at line 81)
	DebugUIPlugin.errorDialog(DebugUIPlugin.getShell(), DebugUIPlugin.removeAccelerators("Set Next Statement"),
	                                                    ^^^^^^^^^^^^^
Discouraged access: The type 'DebugUIPlugin' is not API (restriction on classpath entry '/Users/tcv/.p2/pool/plugins/org.eclipse.debug.ui_3.17.0.v20220817-1312.jar')
----------
73. WARNING in /Users/tcv/git/Pydev/plugins/org.python.pydev.debug/src/org/python/pydev/debug/ui/actions/RetargetSetNextAction.java (at line 81)
	DebugUIPlugin.errorDialog(DebugUIPlugin.getShell(), DebugUIPlugin.removeAccelerators("Set Next Statement"),
	                                                                  ^^^^^^^^^^^^^^^^^^
Discouraged access: The method 'DebugUIPlugin.removeAccelerators(String)' is not API (restriction on classpath entry '/Users/tcv/.p2/pool/plugins/org.eclipse.debug.ui_3.17.0.v20220817-1312.jar')
----------
74. WARNING in /Users/tcv/git/Pydev/plugins/org.python.pydev.debug/src/org/python/pydev/debug/ui/actions/RetargetSetNextAction.java (at line 93)
	DebugUITools.getDebugContextManager().getContextService(fWindow).removeDebugContextListener(fContextListener);
	                                                        ^^^^^^^
Discouraged access: The field 'RetargetAction.fWindow' is not API (restriction on classpath entry '/Users/tcv/.p2/pool/plugins/org.eclipse.debug.ui_3.17.0.v20220817-1312.jar')
----------
75. WARNING in /Users/tcv/git/Pydev/plugins/org.python.pydev.debug/src/org/python/pydev/debug/ui/actions/RetargetSetNextAction.java (at line 94)
	super.dispose();
	      ^^^^^^^
Discouraged access: The method 'RetargetAction.dispose()' is not API (restriction on classpath entry '/Users/tcv/.p2/pool/plugins/org.eclipse.debug.ui_3.17.0.v20220817-1312.jar')
----------
76. WARNING in /Users/tcv/git/Pydev/plugins/org.python.pydev.debug/src/org/python/pydev/debug/ui/actions/RetargetSetNextAction.java (at line 105)
	super.init(window);
	      ^^^^
Discouraged access: The method 'RetargetAction.init(IWorkbenchWindow)' is not API (restriction on classpath entry '/Users/tcv/.p2/pool/plugins/org.eclipse.debug.ui_3.17.0.v20220817-1312.jar')
----------
----------
77. WARNING in /Users/tcv/git/Pydev/plugins/org.python.pydev.debug/src/org/python/pydev/debug/ui/blocks/MainModuleBlock.java (at line 116)
	dialog.setInitialSelections(currentResources);
	^^^^^^^^^^^^^^^^^^^^^^^^^^^^^^^^^^^^^^^^^^^^^
Type IResource[] of the last argument to method setInitialSelections(Object...) doesn't exactly match the vararg parameter type. Cast to Object[] to confirm the non-varargs invocation, or pass individual arguments of type Object for a varargs invocation.
----------
----------
78. WARNING in /Users/tcv/git/Pydev/plugins/org.python.pydev.debug/src/org/python/pydev/debug/ui/blocks/WorkingDirectoryBlock.java (at line 411)
	private ILaunchConfiguration getLaunchConfiguration() {
	                             ^^^^^^^^^^^^^^^^^^^^^^^^
The method getLaunchConfiguration() from the type WorkingDirectoryBlock is never used locally
----------
----------
79. WARNING in /Users/tcv/git/Pydev/plugins/org.python.pydev.debug/src/org/python/pydev/debug/ui/launching/InvalidRunException.java (at line 9)
	public class InvalidRunException extends Exception {
	             ^^^^^^^^^^^^^^^^^^^
The serializable class InvalidRunException does not declare a static final serialVersionUID field of type long
----------
----------
80. WARNING in /Users/tcv/git/Pydev/plugins/org.python.pydev.debug/src/org/python/pydev/debug/ui/launching/LaunchConfigurationCreator.java (at line 17)
	import org.eclipse.debug.core.ILaunchConfiguration;
	       ^^^^^^^^^^^^^^^^^^^^^^^^^^^^^^^^^^^^^^^^^^^
The import org.eclipse.debug.core.ILaunchConfiguration is never used
----------
----------
81. INFO in /Users/tcv/git/Pydev/plugins/org.python.pydev.debug/src/org/python/pydev/debug/ui/launching/PythonRunner.java (at line 267)
	@SuppressWarnings("deprecation")
	                  ^^^^^^^^^^^^^
At least one of the problems in category 'deprecation' is not analysed due to a compiler option being ignored
----------
----------
82. WARNING in /Users/tcv/git/Pydev/plugins/org.python.pydev.debug/src/org/python/pydev/debug/ui/launching/PythonRunnerConfig.java (at line 426)
	Map envMap = conf.getAttribute(ILaunchManager.ATTR_ENVIRONMENT_VARIABLES, (Map) null);
	^^^
Map is a raw type. References to generic type Map<K,V> should be parameterized
----------
83. WARNING in /Users/tcv/git/Pydev/plugins/org.python.pydev.debug/src/org/python/pydev/debug/ui/launching/PythonRunnerConfig.java (at line 426)
	Map envMap = conf.getAttribute(ILaunchManager.ATTR_ENVIRONMENT_VARIABLES, (Map) null);
	                                                                           ^^^
Map is a raw type. References to generic type Map<K,V> should be parameterized
----------
84. WARNING in /Users/tcv/git/Pydev/plugins/org.python.pydev.debug/src/org/python/pydev/debug/ui/launching/PythonRunnerConfig.java (at line 537)
	private void updateVar(IPythonNature pythonNature, IInterpreterManager manager, boolean win32, Map envMap,
	                                                                                               ^^^
Map is a raw type. References to generic type Map<K,V> should be parameterized
----------
85. WARNING in /Users/tcv/git/Pydev/plugins/org.python.pydev.debug/src/org/python/pydev/debug/ui/launching/PythonRunnerConfig.java (at line 825)
	List<Object> participants = ExtensionHelper.getParticipants(ExtensionHelper.PYDEV_COMMAND_LINE_PARTICIPANT);
	                            ^^^^^^^^^^^^^^^^^^^^^^^^^^^^^^^^^^^^^^^^^^^^^^^^^^^^^^^^^^^^^^^^^^^^^^^^^^^^^^^
Type safety: The expression of type List needs unchecked conversion to conform to List<Object>
----------
----------
86. WARNING in /Users/tcv/git/Pydev/plugins/org.python.pydev.debug/src/org/python/pydev/debug/ui/propertypages/BreakpointConditionEditor.java (at line 145)
	public Object execute(Map parameter) throws ExecutionException {
	                      ^^^
Map is a raw type. References to generic type Map<K,V> should be parameterized
----------
----------
87. WARNING in /Users/tcv/git/Pydev/plugins/org.python.pydev.debug/src/org/python/pydev/debug/ui/propertypages/PythonBreakpointPage.java (at line 357)
	List keyBindings = command.getKeySequenceBindings();
	^^^^
List is a raw type. References to generic type List<E> should be parameterized
----------
----------
88. WARNING in /Users/tcv/git/Pydev/plugins/org.python.pydev.debug/src_console/org/python/pydev/debug/newconsole/PydevConsoleCommunication.java (at line 13)
	import java.net.MalformedURLException;
	       ^^^^^^^^^^^^^^^^^^^^^^^^^^^^^^
The import java.net.MalformedURLException is never used
----------
89. WARNING in /Users/tcv/git/Pydev/plugins/org.python.pydev.debug/src_console/org/python/pydev/debug/newconsole/PydevConsoleCommunication.java (at line 557)
	List comps = (List) fromServer;
	^^^^
List is a raw type. References to generic type List<E> should be parameterized
----------
90. WARNING in /Users/tcv/git/Pydev/plugins/org.python.pydev.debug/src_console/org/python/pydev/debug/newconsole/PydevConsoleCommunication.java (at line 557)
	List comps = (List) fromServer;
	              ^^^^
List is a raw type. References to generic type List<E> should be parameterized
----------
----------
91. WARNING in /Users/tcv/git/Pydev/plugins/org.python.pydev.debug/src_console/org/python/pydev/debug/newconsole/PydevDebugConsoleCommunication.java (at line 54)
	private volatile String inputReceived;
	                        ^^^^^^^^^^^^^
The value of the field PydevDebugConsoleCommunication.inputReceived is not used
----------
----------
92. WARNING in /Users/tcv/git/Pydev/plugins/org.python.pydev.debug/src_console/org/python/pydev/debug/newconsole/env/UserCanceledException.java (at line 12)
	public class UserCanceledException extends Exception {
	             ^^^^^^^^^^^^^^^^^^^^^
The serializable class UserCanceledException does not declare a static final serialVersionUID field of type long
----------
92 problems (0 errors, 90 warnings, 2 infos)
