# 11/7/22, 11:51:09 PM EST
# Eclipse Compiler for Java(TM) v20220831-1439, 3.31.0, Copyright IBM Corp 2000, 2020. All rights reserved.
----------
1. WARNING in /Users/tcv/git/Pydev/plugins/org.python.pydev.core/src/org/python/copiedfromeclipsesrc/JDTNotAvailableException.java (at line 11)
	public class JDTNotAvailableException extends RuntimeException {
	             ^^^^^^^^^^^^^^^^^^^^^^^^
The serializable class JDTNotAvailableException does not declare a static final serialVersionUID field of type long
----------
----------
2. WARNING in /Users/tcv/git/Pydev/plugins/org.python.pydev.core/src/org/python/pydev/core/IInterpreterManager.java (at line 16)
	import org.eclipse.core.runtime.CoreException;
	       ^^^^^^^^^^^^^^^^^^^^^^^^^^^^^^^^^^^^^^
The import org.eclipse.core.runtime.CoreException is never used
----------
3. WARNING in /Users/tcv/git/Pydev/plugins/org.python.pydev.core/src/org/python/pydev/core/IInterpreterManager.java (at line 18)
	import org.python.copiedfromeclipsesrc.JDTNotAvailableException;
	       ^^^^^^^^^^^^^^^^^^^^^^^^^^^^^^^^^^^^^^^^^^^^^^^^^^^^^^^^
The import org.python.copiedfromeclipsesrc.JDTNotAvailableException is never used
----------
----------
4. WARNING in /Users/tcv/git/Pydev/plugins/org.python.pydev.core/src/org/python/pydev/core/ILocalScope.java (at line 69)
	public Iterator /*<SimpleNode>*/ iterator();
	       ^^^^^^^^
Iterator is a raw type. References to generic type Iterator<E> should be parameterized
----------
----------
5. WARNING in /Users/tcv/git/Pydev/plugins/org.python.pydev.core/src/org/python/pydev/core/IToken.java (at line 21)
	public interface IToken extends Serializable, Comparable {
	                                              ^^^^^^^^^^
Comparable is a raw type. References to generic type Comparable<T> should be parameterized
----------
----------
6. WARNING in /Users/tcv/git/Pydev/plugins/org.python.pydev.core/src/org/python/pydev/core/cache/SoftHashMap.java (at line 123)
	public Set entrySet() {
	       ^^^
Type safety: The return type Set for entrySet() from the type SoftHashMap<Key,Val> needs unchecked conversion to conform to Set<Map.Entry<K,V>> from the type AbstractMap<K,V>
----------
----------
7. WARNING in /Users/tcv/git/Pydev/plugins/org.python.pydev.core/src/org/python/pydev/core/docutils/ImportHandle.java (at line 312)
	private final boolean allowBadInput;
	                      ^^^^^^^^^^^^^
The value of the field ImportHandle.allowBadInput is not used
----------
----------
8. WARNING in /Users/tcv/git/Pydev/plugins/org.python.pydev.core/src/org/python/pydev/core/docutils/ImportNotRecognizedException.java (at line 9)
	public class ImportNotRecognizedException extends Exception {
	             ^^^^^^^^^^^^^^^^^^^^^^^^^^^^
The serializable class ImportNotRecognizedException does not declare a static final serialVersionUID field of type long
----------
----------
9. WARNING in /Users/tcv/git/Pydev/plugins/org.python.pydev.core/src/org/python/pydev/core/docutils/StringEscapeUtils.java (at line 461)
	return (String) mapValueToName.get(new Integer(value));
	                                       ^^^^^^^^^^^^^^
The constructor Integer(int) has been deprecated since version 9 and marked for removal
----------
----------
10. WARNING in /Users/tcv/git/Pydev/plugins/org.python.pydev.core/src/org/python/pydev/core/formatter/PyFormatStdManageBlankLines.java (at line 53)
	private final FastStringBuffer initialFormatting;
	                               ^^^^^^^^^^^^^^^^^
The value of the field PyFormatStdManageBlankLines.initialFormatting is not used
----------
11. WARNING in /Users/tcv/git/Pydev/plugins/org.python.pydev.core/src/org/python/pydev/core/formatter/PyFormatStdManageBlankLines.java (at line 54)
	private final String delimiter;
	                     ^^^^^^^^^
The value of the field PyFormatStdManageBlankLines.delimiter is not used
----------
----------
12. WARNING in /Users/tcv/git/Pydev/plugins/org.python.pydev.core/src/org/python/pydev/refactoring/core/base/PyDocumentChangeForTests.java (at line 21)
	import org.eclipse.ltk.internal.core.refactoring.TextChanges;
	       ^^^^^^^^^^^^^^^^^^^^^^^^^^^^^^^^^^^^^^^^^^^^^^^^^^^^^
Discouraged access: The type 'TextChanges' is not API (restriction on classpath entry '/Users/tcv/.p2/pool/plugins/org.eclipse.ltk.core.refactoring_3.13.0.v20220822-0502.jar')
----------
13. WARNING in /Users/tcv/git/Pydev/plugins/org.python.pydev.core/src/org/python/pydev/refactoring/core/base/PyDocumentChangeForTests.java (at line 22)
	import org.eclipse.ltk.internal.core.refactoring.UndoDocumentChange;
	       ^^^^^^^^^^^^^^^^^^^^^^^^^^^^^^^^^^^^^^^^^^^^^^^^^^^^^^^^^^^^
Discouraged access: The type 'UndoDocumentChange' is not API (restriction on classpath entry '/Users/tcv/.p2/pool/plugins/org.eclipse.ltk.core.refactoring_3.13.0.v20220822-0502.jar')
----------
14. WARNING in /Users/tcv/git/Pydev/plugins/org.python.pydev.core/src/org/python/pydev/refactoring/core/base/PyDocumentChangeForTests.java (at line 67)
	RefactoringStatus result = TextChanges.isValid(fDocument, fLength);
	                           ^^^^^^^^^^^
Discouraged access: The type 'TextChanges' is not API (restriction on classpath entry '/Users/tcv/.p2/pool/plugins/org.eclipse.ltk.core.refactoring_3.13.0.v20220822-0502.jar')
----------
15. WARNING in /Users/tcv/git/Pydev/plugins/org.python.pydev.core/src/org/python/pydev/refactoring/core/base/PyDocumentChangeForTests.java (at line 67)
	RefactoringStatus result = TextChanges.isValid(fDocument, fLength);
	                                       ^^^^^^^
Discouraged access: The method 'TextChanges.isValid(IDocument, int)' is not API (restriction on classpath entry '/Users/tcv/.p2/pool/plugins/org.eclipse.ltk.core.refactoring_3.13.0.v20220822-0502.jar')
----------
16. WARNING in /Users/tcv/git/Pydev/plugins/org.python.pydev.core/src/org/python/pydev/refactoring/core/base/PyDocumentChangeForTests.java (at line 101)
	return new UndoDocumentChange(getName(), fDocument, edit);
	           ^^^^^^^^^^^^^^^^^^
Discouraged access: The type 'UndoDocumentChange' is not API (restriction on classpath entry '/Users/tcv/.p2/pool/plugins/org.eclipse.ltk.core.refactoring_3.13.0.v20220822-0502.jar')
----------
17. WARNING in /Users/tcv/git/Pydev/plugins/org.python.pydev.core/src/org/python/pydev/refactoring/core/base/PyDocumentChangeForTests.java (at line 101)
	return new UndoDocumentChange(getName(), fDocument, edit);
	           ^^^^^^^^^^^^^^^^^^
Discouraged access: The constructor 'UndoDocumentChange(String, IDocument, UndoEdit)' is not API (restriction on classpath entry '/Users/tcv/.p2/pool/plugins/org.eclipse.ltk.core.refactoring_3.13.0.v20220822-0502.jar')
----------
----------
18. WARNING in /Users/tcv/git/Pydev/plugins/org.python.pydev.core/tests/org/python/pydev/core/FullRepIterableTest.java (at line 26)
	Iterator iterator = new FullRepIterable("var1.var2.var3.var4").iterator();
	^^^^^^^^
Iterator is a raw type. References to generic type Iterator<E> should be parameterized
----------
19. WARNING in /Users/tcv/git/Pydev/plugins/org.python.pydev.core/tests/org/python/pydev/core/FullRepIterableTest.java (at line 36)
	Iterator iterator = new FullRepIterable("var1.var2.var3.var4", true).iterator();
	^^^^^^^^
Iterator is a raw type. References to generic type Iterator<E> should be parameterized
----------
20. WARNING in /Users/tcv/git/Pydev/plugins/org.python.pydev.core/tests/org/python/pydev/core/FullRepIterableTest.java (at line 46)
	Iterator iterator = new FullRepIterable("var1").iterator();
	^^^^^^^^
Iterator is a raw type. References to generic type Iterator<E> should be parameterized
----------
21. WARNING in /Users/tcv/git/Pydev/plugins/org.python.pydev.core/tests/org/python/pydev/core/FullRepIterableTest.java (at line 53)
	Iterator iterator = new FullRepIterable("var1", true).iterator();
	^^^^^^^^
Iterator is a raw type. References to generic type Iterator<E> should be parameterized
----------
22. WARNING in /Users/tcv/git/Pydev/plugins/org.python.pydev.core/tests/org/python/pydev/core/FullRepIterableTest.java (at line 60)
	Iterator iterator = new FullRepIterable("testlib.unittest.relative").iterator();
	^^^^^^^^
Iterator is a raw type. References to generic type Iterator<E> should be parameterized
----------
23. WARNING in /Users/tcv/git/Pydev/plugins/org.python.pydev.core/tests/org/python/pydev/core/FullRepIterableTest.java (at line 68)
	for (String dummy : new FullRepIterable("testlib.unittest.relative")) {
	            ^^^^^
The value of the local variable dummy is not used
----------
24. WARNING in /Users/tcv/git/Pydev/plugins/org.python.pydev.core/tests/org/python/pydev/core/FullRepIterableTest.java (at line 75)
	Iterator iterator = new FullRepIterable("testlib.unittest.relative", true).iterator();
	^^^^^^^^
Iterator is a raw type. References to generic type Iterator<E> should be parameterized
----------
25. WARNING in /Users/tcv/git/Pydev/plugins/org.python.pydev.core/tests/org/python/pydev/core/FullRepIterableTest.java (at line 83)
	for (String dummy : new FullRepIterable("testlib.unittest.relative")) {
	            ^^^^^
The value of the local variable dummy is not used
----------
----------
26. WARNING in /Users/tcv/git/Pydev/plugins/org.python.pydev.core/tests/org/python/pydev/core/docutils/DocUtilsTest.java (at line 51)
	String endLineDelimiter = "\n";
	       ^^^^^^^^^^^^^^^^
The value of the local variable endLineDelimiter is not used
----------
27. WARNING in /Users/tcv/git/Pydev/plugins/org.python.pydev.core/tests/org/python/pydev/core/docutils/DocUtilsTest.java (at line 60)
	String endLineDelimiter = "\n";
	       ^^^^^^^^^^^^^^^^
The value of the local variable endLineDelimiter is not used
----------
28. WARNING in /Users/tcv/git/Pydev/plugins/org.python.pydev.core/tests/org/python/pydev/core/docutils/DocUtilsTest.java (at line 69)
	String endLineDelimiter = "\n";
	       ^^^^^^^^^^^^^^^^
The value of the local variable endLineDelimiter is not used
----------
29. WARNING in /Users/tcv/git/Pydev/plugins/org.python.pydev.core/tests/org/python/pydev/core/docutils/DocUtilsTest.java (at line 78)
	String endLineDelimiter = "\n";
	       ^^^^^^^^^^^^^^^^
The value of the local variable endLineDelimiter is not used
----------
30. WARNING in /Users/tcv/git/Pydev/plugins/org.python.pydev.core/tests/org/python/pydev/core/docutils/DocUtilsTest.java (at line 87)
	String endLineDelimiter = "\n";
	       ^^^^^^^^^^^^^^^^
The value of the local variable endLineDelimiter is not used
----------
31. WARNING in /Users/tcv/git/Pydev/plugins/org.python.pydev.core/tests/org/python/pydev/core/docutils/DocUtilsTest.java (at line 96)
	String endLineDelimiter = "\n";
	       ^^^^^^^^^^^^^^^^
The value of the local variable endLineDelimiter is not used
----------
32. WARNING in /Users/tcv/git/Pydev/plugins/org.python.pydev.core/tests/org/python/pydev/core/docutils/DocUtilsTest.java (at line 105)
	String endLineDelimiter = "\n";
	       ^^^^^^^^^^^^^^^^
The value of the local variable endLineDelimiter is not used
----------
33. WARNING in /Users/tcv/git/Pydev/plugins/org.python.pydev.core/tests/org/python/pydev/core/docutils/DocUtilsTest.java (at line 114)
	String endLineDelimiter = "\n";
	       ^^^^^^^^^^^^^^^^
The value of the local variable endLineDelimiter is not used
----------
34. WARNING in /Users/tcv/git/Pydev/plugins/org.python.pydev.core/tests/org/python/pydev/core/docutils/DocUtilsTest.java (at line 123)
	String endLineDelimiter = "\n";
	       ^^^^^^^^^^^^^^^^
The value of the local variable endLineDelimiter is not used
----------
35. WARNING in /Users/tcv/git/Pydev/plugins/org.python.pydev.core/tests/org/python/pydev/core/docutils/DocUtilsTest.java (at line 132)
	String endLineDelimiter = "\n";
	       ^^^^^^^^^^^^^^^^
The value of the local variable endLineDelimiter is not used
----------
36. WARNING in /Users/tcv/git/Pydev/plugins/org.python.pydev.core/tests/org/python/pydev/core/docutils/DocUtilsTest.java (at line 141)
	String endLineDelimiter = "\n";
	       ^^^^^^^^^^^^^^^^
The value of the local variable endLineDelimiter is not used
----------
37. WARNING in /Users/tcv/git/Pydev/plugins/org.python.pydev.core/tests/org/python/pydev/core/docutils/DocUtilsTest.java (at line 150)
	String endLineDelimiter = "\n";
	       ^^^^^^^^^^^^^^^^
The value of the local variable endLineDelimiter is not used
----------
38. WARNING in /Users/tcv/git/Pydev/plugins/org.python.pydev.core/tests/org/python/pydev/core/docutils/DocUtilsTest.java (at line 159)
	String endLineDelimiter = "\n";
	       ^^^^^^^^^^^^^^^^
The value of the local variable endLineDelimiter is not used
----------
39. WARNING in /Users/tcv/git/Pydev/plugins/org.python.pydev.core/tests/org/python/pydev/core/docutils/DocUtilsTest.java (at line 168)
	String endLineDelimiter = "\n";
	       ^^^^^^^^^^^^^^^^
The value of the local variable endLineDelimiter is not used
----------
40. WARNING in /Users/tcv/git/Pydev/plugins/org.python.pydev.core/tests/org/python/pydev/core/docutils/DocUtilsTest.java (at line 177)
	String endLineDelimiter = "\n";
	       ^^^^^^^^^^^^^^^^
The value of the local variable endLineDelimiter is not used
----------
41. WARNING in /Users/tcv/git/Pydev/plugins/org.python.pydev.core/tests/org/python/pydev/core/docutils/DocUtilsTest.java (at line 186)
	String endLineDelimiter = "\n";
	       ^^^^^^^^^^^^^^^^
The value of the local variable endLineDelimiter is not used
----------
42. WARNING in /Users/tcv/git/Pydev/plugins/org.python.pydev.core/tests/org/python/pydev/core/docutils/DocUtilsTest.java (at line 195)
	String endLineDelimiter = "\n";
	       ^^^^^^^^^^^^^^^^
The value of the local variable endLineDelimiter is not used
----------
43. WARNING in /Users/tcv/git/Pydev/plugins/org.python.pydev.core/tests/org/python/pydev/core/docutils/DocUtilsTest.java (at line 204)
	String endLineDelimiter = "\n";
	       ^^^^^^^^^^^^^^^^
The value of the local variable endLineDelimiter is not used
----------
44. WARNING in /Users/tcv/git/Pydev/plugins/org.python.pydev.core/tests/org/python/pydev/core/docutils/DocUtilsTest.java (at line 213)
	String endLineDelimiter = "\n";
	       ^^^^^^^^^^^^^^^^
The value of the local variable endLineDelimiter is not used
----------
45. WARNING in /Users/tcv/git/Pydev/plugins/org.python.pydev.core/tests/org/python/pydev/core/docutils/DocUtilsTest.java (at line 222)
	String endLineDelimiter = "\n";
	       ^^^^^^^^^^^^^^^^
The value of the local variable endLineDelimiter is not used
----------
46. WARNING in /Users/tcv/git/Pydev/plugins/org.python.pydev.core/tests/org/python/pydev/core/docutils/DocUtilsTest.java (at line 231)
	String endLineDelimiter = "\n";
	       ^^^^^^^^^^^^^^^^
The value of the local variable endLineDelimiter is not used
----------
47. WARNING in /Users/tcv/git/Pydev/plugins/org.python.pydev.core/tests/org/python/pydev/core/docutils/DocUtilsTest.java (at line 248)
	String endLineDelimiter = "\n";
	       ^^^^^^^^^^^^^^^^
The value of the local variable endLineDelimiter is not used
----------
48. WARNING in /Users/tcv/git/Pydev/plugins/org.python.pydev.core/tests/org/python/pydev/core/docutils/DocUtilsTest.java (at line 265)
	String endLineDelimiter = "\n";
	       ^^^^^^^^^^^^^^^^
The value of the local variable endLineDelimiter is not used
----------
49. WARNING in /Users/tcv/git/Pydev/plugins/org.python.pydev.core/tests/org/python/pydev/core/docutils/DocUtilsTest.java (at line 282)
	String endLineDelimiter = "\n";
	       ^^^^^^^^^^^^^^^^
The value of the local variable endLineDelimiter is not used
----------
50. WARNING in /Users/tcv/git/Pydev/plugins/org.python.pydev.core/tests/org/python/pydev/core/docutils/DocUtilsTest.java (at line 303)
	String endLineDelimiter = "\n";
	       ^^^^^^^^^^^^^^^^
The value of the local variable endLineDelimiter is not used
----------
51. WARNING in /Users/tcv/git/Pydev/plugins/org.python.pydev.core/tests/org/python/pydev/core/docutils/DocUtilsTest.java (at line 321)
	String endLineDelimiter = "\n";
	       ^^^^^^^^^^^^^^^^
The value of the local variable endLineDelimiter is not used
----------
52. WARNING in /Users/tcv/git/Pydev/plugins/org.python.pydev.core/tests/org/python/pydev/core/docutils/DocUtilsTest.java (at line 340)
	String endLineDelimiter = "\n";
	       ^^^^^^^^^^^^^^^^
The value of the local variable endLineDelimiter is not used
----------
53. WARNING in /Users/tcv/git/Pydev/plugins/org.python.pydev.core/tests/org/python/pydev/core/docutils/DocUtilsTest.java (at line 358)
	String endLineDelimiter = "\n";
	       ^^^^^^^^^^^^^^^^
The value of the local variable endLineDelimiter is not used
----------
54. WARNING in /Users/tcv/git/Pydev/plugins/org.python.pydev.core/tests/org/python/pydev/core/docutils/DocUtilsTest.java (at line 376)
	String endLineDelimiter = "\n";
	       ^^^^^^^^^^^^^^^^
The value of the local variable endLineDelimiter is not used
----------
55. WARNING in /Users/tcv/git/Pydev/plugins/org.python.pydev.core/tests/org/python/pydev/core/docutils/DocUtilsTest.java (at line 398)
	String endLineDelimiter = "\n";
	       ^^^^^^^^^^^^^^^^
The value of the local variable endLineDelimiter is not used
----------
56. WARNING in /Users/tcv/git/Pydev/plugins/org.python.pydev.core/tests/org/python/pydev/core/docutils/DocUtilsTest.java (at line 418)
	String endLineDelimiter = "\n";
	       ^^^^^^^^^^^^^^^^
The value of the local variable endLineDelimiter is not used
----------
57. WARNING in /Users/tcv/git/Pydev/plugins/org.python.pydev.core/tests/org/python/pydev/core/docutils/DocUtilsTest.java (at line 440)
	String endLineDelimiter = "\n";
	       ^^^^^^^^^^^^^^^^
The value of the local variable endLineDelimiter is not used
----------
58. WARNING in /Users/tcv/git/Pydev/plugins/org.python.pydev.core/tests/org/python/pydev/core/docutils/DocUtilsTest.java (at line 459)
	assertEquals(new HashSet(Arrays.asList(1, 2)), set);
	             ^^^^^^^^^^^^^^^^^^^^^^^^^^^^^^^^
Type safety: The constructor HashSet(Collection) belongs to the raw type HashSet. References to generic type HashSet<E> should be parameterized
----------
59. WARNING in /Users/tcv/git/Pydev/plugins/org.python.pydev.core/tests/org/python/pydev/core/docutils/DocUtilsTest.java (at line 459)
	assertEquals(new HashSet(Arrays.asList(1, 2)), set);
	                 ^^^^^^^
HashSet is a raw type. References to generic type HashSet<E> should be parameterized
----------
60. WARNING in /Users/tcv/git/Pydev/plugins/org.python.pydev.core/tests/org/python/pydev/core/docutils/DocUtilsTest.java (at line 463)
	assertEquals(new HashSet(Arrays.asList(1, 2)), set);
	             ^^^^^^^^^^^^^^^^^^^^^^^^^^^^^^^^
Type safety: The constructor HashSet(Collection) belongs to the raw type HashSet. References to generic type HashSet<E> should be parameterized
----------
61. WARNING in /Users/tcv/git/Pydev/plugins/org.python.pydev.core/tests/org/python/pydev/core/docutils/DocUtilsTest.java (at line 463)
	assertEquals(new HashSet(Arrays.asList(1, 2)), set);
	                 ^^^^^^^
HashSet is a raw type. References to generic type HashSet<E> should be parameterized
----------
62. WARNING in /Users/tcv/git/Pydev/plugins/org.python.pydev.core/tests/org/python/pydev/core/docutils/DocUtilsTest.java (at line 467)
	assertEquals(new HashSet(Arrays.asList(1, 2)), set);
	             ^^^^^^^^^^^^^^^^^^^^^^^^^^^^^^^^
Type safety: The constructor HashSet(Collection) belongs to the raw type HashSet. References to generic type HashSet<E> should be parameterized
----------
63. WARNING in /Users/tcv/git/Pydev/plugins/org.python.pydev.core/tests/org/python/pydev/core/docutils/DocUtilsTest.java (at line 467)
	assertEquals(new HashSet(Arrays.asList(1, 2)), set);
	                 ^^^^^^^
HashSet is a raw type. References to generic type HashSet<E> should be parameterized
----------
64. WARNING in /Users/tcv/git/Pydev/plugins/org.python.pydev.core/tests/org/python/pydev/core/docutils/DocUtilsTest.java (at line 471)
	assertEquals(new HashSet(Arrays.asList(1, 2)), set);
	             ^^^^^^^^^^^^^^^^^^^^^^^^^^^^^^^^
Type safety: The constructor HashSet(Collection) belongs to the raw type HashSet. References to generic type HashSet<E> should be parameterized
----------
65. WARNING in /Users/tcv/git/Pydev/plugins/org.python.pydev.core/tests/org/python/pydev/core/docutils/DocUtilsTest.java (at line 471)
	assertEquals(new HashSet(Arrays.asList(1, 2)), set);
	                 ^^^^^^^
HashSet is a raw type. References to generic type HashSet<E> should be parameterized
----------
66. WARNING in /Users/tcv/git/Pydev/plugins/org.python.pydev.core/tests/org/python/pydev/core/docutils/DocUtilsTest.java (at line 475)
	assertEquals(new HashSet(Arrays.asList(5, 6, 7, 8)), set);
	             ^^^^^^^^^^^^^^^^^^^^^^^^^^^^^^^^^^^^^^
Type safety: The constructor HashSet(Collection) belongs to the raw type HashSet. References to generic type HashSet<E> should be parameterized
----------
67. WARNING in /Users/tcv/git/Pydev/plugins/org.python.pydev.core/tests/org/python/pydev/core/docutils/DocUtilsTest.java (at line 475)
	assertEquals(new HashSet(Arrays.asList(5, 6, 7, 8)), set);
	                 ^^^^^^^
HashSet is a raw type. References to generic type HashSet<E> should be parameterized
----------
68. WARNING in /Users/tcv/git/Pydev/plugins/org.python.pydev.core/tests/org/python/pydev/core/docutils/DocUtilsTest.java (at line 479)
	assertEquals(new HashSet(Arrays.asList(5, 6, 7, 8)), set);
	             ^^^^^^^^^^^^^^^^^^^^^^^^^^^^^^^^^^^^^^
Type safety: The constructor HashSet(Collection) belongs to the raw type HashSet. References to generic type HashSet<E> should be parameterized
----------
69. WARNING in /Users/tcv/git/Pydev/plugins/org.python.pydev.core/tests/org/python/pydev/core/docutils/DocUtilsTest.java (at line 479)
	assertEquals(new HashSet(Arrays.asList(5, 6, 7, 8)), set);
	                 ^^^^^^^
HashSet is a raw type. References to generic type HashSet<E> should be parameterized
----------
70. WARNING in /Users/tcv/git/Pydev/plugins/org.python.pydev.core/tests/org/python/pydev/core/docutils/DocUtilsTest.java (at line 483)
	assertEquals(new HashSet(Arrays.asList(5, 6, 7, 8)), set);
	             ^^^^^^^^^^^^^^^^^^^^^^^^^^^^^^^^^^^^^^
Type safety: The constructor HashSet(Collection) belongs to the raw type HashSet. References to generic type HashSet<E> should be parameterized
----------
71. WARNING in /Users/tcv/git/Pydev/plugins/org.python.pydev.core/tests/org/python/pydev/core/docutils/DocUtilsTest.java (at line 483)
	assertEquals(new HashSet(Arrays.asList(5, 6, 7, 8)), set);
	                 ^^^^^^^
HashSet is a raw type. References to generic type HashSet<E> should be parameterized
----------
72. WARNING in /Users/tcv/git/Pydev/plugins/org.python.pydev.core/tests/org/python/pydev/core/docutils/DocUtilsTest.java (at line 487)
	assertEquals(new HashSet(Arrays.asList(5, 6, 7, 8)), set);
	             ^^^^^^^^^^^^^^^^^^^^^^^^^^^^^^^^^^^^^^
Type safety: The constructor HashSet(Collection) belongs to the raw type HashSet. References to generic type HashSet<E> should be parameterized
----------
73. WARNING in /Users/tcv/git/Pydev/plugins/org.python.pydev.core/tests/org/python/pydev/core/docutils/DocUtilsTest.java (at line 487)
	assertEquals(new HashSet(Arrays.asList(5, 6, 7, 8)), set);
	                 ^^^^^^^
HashSet is a raw type. References to generic type HashSet<E> should be parameterized
----------
74. WARNING in /Users/tcv/git/Pydev/plugins/org.python.pydev.core/tests/org/python/pydev/core/docutils/DocUtilsTest.java (at line 491)
	assertEquals(new HashSet(Arrays.asList()), set);
	             ^^^^^^^^^^^^^^^^^^^^^^^^^^^^
Type safety: The constructor HashSet(Collection) belongs to the raw type HashSet. References to generic type HashSet<E> should be parameterized
----------
75. WARNING in /Users/tcv/git/Pydev/plugins/org.python.pydev.core/tests/org/python/pydev/core/docutils/DocUtilsTest.java (at line 491)
	assertEquals(new HashSet(Arrays.asList()), set);
	                 ^^^^^^^
HashSet is a raw type. References to generic type HashSet<E> should be parameterized
----------
76. WARNING in /Users/tcv/git/Pydev/plugins/org.python.pydev.core/tests/org/python/pydev/core/docutils/DocUtilsTest.java (at line 495)
	assertEquals(new HashSet(Arrays.asList()), set);
	             ^^^^^^^^^^^^^^^^^^^^^^^^^^^^
Type safety: The constructor HashSet(Collection) belongs to the raw type HashSet. References to generic type HashSet<E> should be parameterized
----------
77. WARNING in /Users/tcv/git/Pydev/plugins/org.python.pydev.core/tests/org/python/pydev/core/docutils/DocUtilsTest.java (at line 495)
	assertEquals(new HashSet(Arrays.asList()), set);
	                 ^^^^^^^
HashSet is a raw type. References to generic type HashSet<E> should be parameterized
----------
----------
78. WARNING in /Users/tcv/git/Pydev/plugins/org.python.pydev.core/tests/org/python/pydev/core/structure/FastStringBufferTest.java (at line 18)
	private static final int ITERATIONS = 10000;
	                         ^^^^^^^^^^
The value of the field FastStringBufferTest.ITERATIONS is not used
----------
79. WARNING in /Users/tcv/git/Pydev/plugins/org.python.pydev.core/tests/org/python/pydev/core/structure/FastStringBufferTest.java (at line 19)
	private static final int OUTER_ITERATIONS = 50;
	                         ^^^^^^^^^^^^^^^^
The value of the field FastStringBufferTest.OUTER_ITERATIONS is not used
----------
79 problems (79 warnings)
