# 11/7/22, 11:51:12 PM EST
# Eclipse Compiler for Java(TM) v20220831-1439, 3.31.0, Copyright IBM Corp 2000, 2020. All rights reserved.
----------
1. WARNING in /Users/tcv/git/Pydev/plugins/com.python.pydev.analysis/src/com/python/pydev/analysis/additionalinfo/AbstractAdditionalDependencyInfo.java (at line 43)
	import org.python.pydev.core.ModulesKeyForFolder;
	       ^^^^^^^^^^^^^^^^^^^^^^^^^^^^^^^^^^^^^^^^^
The import org.python.pydev.core.ModulesKeyForFolder is never used
----------
2. WARNING in /Users/tcv/git/Pydev/plugins/com.python.pydev.analysis/src/com/python/pydev/analysis/additionalinfo/AbstractAdditionalDependencyInfo.java (at line 159)
	public static final CallbackWithListeners modulesAddedAndRemoved = new CallbackWithListeners(1);
	                    ^^^^^^^^^^^^^^^^^^^^^
CallbackWithListeners is a raw type. References to generic type CallbackWithListeners<X> should be parameterized
----------
3. WARNING in /Users/tcv/git/Pydev/plugins/com.python.pydev.analysis/src/com/python/pydev/analysis/additionalinfo/AbstractAdditionalDependencyInfo.java (at line 159)
	public static final CallbackWithListeners modulesAddedAndRemoved = new CallbackWithListeners(1);
	                                                                       ^^^^^^^^^^^^^^^^^^^^^
CallbackWithListeners is a raw type. References to generic type CallbackWithListeners<X> should be parameterized
----------
4. WARNING in /Users/tcv/git/Pydev/plugins/com.python.pydev.analysis/src/com/python/pydev/analysis/additionalinfo/AbstractAdditionalDependencyInfo.java (at line 219)
	modulesAddedAndRemoved.call(new Tuple(newKeys, removedKeys));
	^^^^^^^^^^^^^^^^^^^^^^^^^^^^^^^^^^^^^^^^^^^^^^^^^^^^^^^^^^^^
Type safety: The method call(Object) belongs to the raw type CallbackWithListeners. References to generic type CallbackWithListeners<X> should be parameterized
----------
5. WARNING in /Users/tcv/git/Pydev/plugins/com.python.pydev.analysis/src/com/python/pydev/analysis/additionalinfo/AbstractAdditionalDependencyInfo.java (at line 219)
	modulesAddedAndRemoved.call(new Tuple(newKeys, removedKeys));
	                            ^^^^^^^^^^^^^^^^^^^^^^^^^^^^^^^
Type safety: The constructor Tuple(Object, Object) belongs to the raw type Tuple. References to generic type Tuple<X,Y> should be parameterized
----------
6. WARNING in /Users/tcv/git/Pydev/plugins/com.python.pydev.analysis/src/com/python/pydev/analysis/additionalinfo/AbstractAdditionalDependencyInfo.java (at line 219)
	modulesAddedAndRemoved.call(new Tuple(newKeys, removedKeys));
	                                ^^^^^
Tuple is a raw type. References to generic type Tuple<X,Y> should be parameterized
----------
----------
7. WARNING in /Users/tcv/git/Pydev/plugins/com.python.pydev.analysis/src/com/python/pydev/analysis/additionalinfo/AbstractAdditionalInfoWithBuild.java (at line 152)
	Tuple tuple = (Tuple) arg;
	^^^^^
Tuple is a raw type. References to generic type Tuple<X,Y> should be parameterized
----------
8. WARNING in /Users/tcv/git/Pydev/plugins/com.python.pydev.analysis/src/com/python/pydev/analysis/additionalinfo/AbstractAdditionalInfoWithBuild.java (at line 152)
	Tuple tuple = (Tuple) arg;
	               ^^^^^
Tuple is a raw type. References to generic type Tuple<X,Y> should be parameterized
----------
9. WARNING in /Users/tcv/git/Pydev/plugins/com.python.pydev.analysis/src/com/python/pydev/analysis/additionalinfo/AbstractAdditionalInfoWithBuild.java (at line 155)
	List<IInfo> l = (List<IInfo>) tuple.o2;
	                ^^^^^^^^^^^^^^^^^^^^^^
Type safety: Unchecked cast from Object to List<IInfo>
----------
10. WARNING in /Users/tcv/git/Pydev/plugins/com.python.pydev.analysis/src/com/python/pydev/analysis/additionalinfo/AbstractAdditionalInfoWithBuild.java (at line 192)
	this.addInfoToModuleOnRestoreInsertCommand((Tuple<ModulesKey, List<IInfo>>) data);
	                                           ^^^^^^^^^^^^^^^^^^^^^^^^^^^^^^^^^^^^^
Type safety: Unchecked cast from Object to Tuple<ModulesKey,List<IInfo>>
----------
----------
11. WARNING in /Users/tcv/git/Pydev/plugins/com.python.pydev.analysis/src/com/python/pydev/analysis/additionalinfo/TreeIO.java (at line 140)
	private static final class MapEntry implements Map.Entry {
	                                               ^^^^^^^^^
Map.Entry is a raw type. References to generic type Map.Entry<K,V> should be parameterized
----------
12. WARNING in /Users/tcv/git/Pydev/plugins/com.python.pydev.analysis/src/com/python/pydev/analysis/additionalinfo/TreeIO.java (at line 175)
	final Entry[] entries = new Entry[size];
	      ^^^^^
Map.Entry is a raw type. References to generic type Map.Entry<K,V> should be parameterized
----------
13. WARNING in /Users/tcv/git/Pydev/plugins/com.python.pydev.analysis/src/com/python/pydev/analysis/additionalinfo/TreeIO.java (at line 304)
	tree.buildFromSorted(size, new Iterator() {
	                               ^^^^^^^^
Iterator is a raw type. References to generic type Iterator<E> should be parameterized
----------
----------
14. WARNING in /Users/tcv/git/Pydev/plugins/com.python.pydev.analysis/src/com/python/pydev/analysis/refactoring/changes/PyRenameResourceChange.java (at line 200)
	String initialNamePart = initialParts.remove(initialPartSize); //remove the last, as that's the name
	       ^^^^^^^^^^^^^^^
The value of the local variable initialNamePart is not used
----------
15. WARNING in /Users/tcv/git/Pydev/plugins/com.python.pydev.analysis/src/com/python/pydev/analysis/refactoring/changes/PyRenameResourceChange.java (at line 203)
	String finalNamePart = finalParts.remove(finalPartSize); //remove the last, as that's the name
	       ^^^^^^^^^^^^^
The value of the local variable finalNamePart is not used
----------
16. WARNING in /Users/tcv/git/Pydev/plugins/com.python.pydev.analysis/src/com/python/pydev/analysis/refactoring/changes/PyRenameResourceChange.java (at line 223)
	for (String string : backtrackParts) {
	            ^^^^^^
The value of the local variable string is not used
----------
----------
17. WARNING in /Users/tcv/git/Pydev/plugins/com.python.pydev.analysis/src/com/python/pydev/analysis/refactoring/wizards/RefactorProcessFactory.java (at line 56)
	FastStack scopeStack = definition.scope.getScopeStack();
	^^^^^^^^^
FastStack is a raw type. References to generic type FastStack<E> should be parameterized
----------
18. WARNING in /Users/tcv/git/Pydev/plugins/com.python.pydev.analysis/src/com/python/pydev/analysis/refactoring/wizards/RefactorProcessFactory.java (at line 99)
	FastStack scopeStack = definition.scope.getScopeStack();
	^^^^^^^^^
FastStack is a raw type. References to generic type FastStack<E> should be parameterized
----------
----------
19. WARNING in /Users/tcv/git/Pydev/plugins/com.python.pydev.analysis/src/com/python/pydev/analysis/refactoring/wizards/rename/MatchImportsVisitor.java (at line 64)
	private String matchedAs;
	               ^^^^^^^^^
The value of the field MatchImportsVisitor.ImportFromModPartRenameAstEntry.matchedAs is not used
----------
20. WARNING in /Users/tcv/git/Pydev/plugins/com.python.pydev.analysis/src/com/python/pydev/analysis/refactoring/wizards/rename/MatchImportsVisitor.java (at line 65)
	private String initialModuleName;
	               ^^^^^^^^^^^^^^^^^
The value of the field MatchImportsVisitor.ImportFromModPartRenameAstEntry.initialModuleName is not used
----------
21. WARNING in /Users/tcv/git/Pydev/plugins/com.python.pydev.analysis/src/com/python/pydev/analysis/refactoring/wizards/rename/MatchImportsVisitor.java (at line 107)
	String line = PySelection.getLine(doc, this.node.beginLine - 1);
	       ^^^^
The value of the local variable line is not used
----------
----------
22. WARNING in /Users/tcv/git/Pydev/plugins/com.python.pydev.analysis/src/com/python/pydev/analysis/refactoring/wizards/rename/PyRenameAttributeProcess.java (at line 29)
	private String target;
	               ^^^^^^
The value of the field PyRenameAttributeProcess.target is not used
----------
----------
23. WARNING in /Users/tcv/git/Pydev/plugins/com.python.pydev.analysis/src/com/python/pydev/analysis/refactoring/wizards/rename/PyRenameClassProcess.java (at line 27)
	import com.python.pydev.analysis.refactoring.wizards.RefactorProcessFactory;
	       ^^^^^^^^^^^^^^^^^^^^^^^^^^^^^^^^^^^^^^^^^^^^^^^^^^^^^^^^^^^^^^^^^^^^
The import com.python.pydev.analysis.refactoring.wizards.RefactorProcessFactory is never used
----------
----------
24. WARNING in /Users/tcv/git/Pydev/plugins/com.python.pydev.analysis/src/com/python/pydev/analysis/refactoring/wizards/rename/PyRenameSelfAttributeProcess.java (at line 28)
	private String target;
	               ^^^^^^
The value of the field PyRenameSelfAttributeProcess.target is not used
----------
24 problems (24 warnings)
