# 11/7/22, 11:51:20 PM EST
# Eclipse Compiler for Java(TM) v20220831-1439, 3.31.0, Copyright IBM Corp 2000, 2020. All rights reserved.
----------
1. WARNING in /Users/tcv/git/Pydev/plugins/org.python.pydev.refactoring/src/org/python/pydev/refactoring/ast/adapters/AbstractNodeAdapter.java (at line 229)
	final AbstractNodeAdapter other = (AbstractNodeAdapter) obj;
	      ^^^^^^^^^^^^^^^^^^^
AbstractNodeAdapter is a raw type. References to generic type AbstractNodeAdapter<T> should be parameterized
----------
2. WARNING in /Users/tcv/git/Pydev/plugins/org.python.pydev.refactoring/src/org/python/pydev/refactoring/ast/adapters/AbstractNodeAdapter.java (at line 229)
	final AbstractNodeAdapter other = (AbstractNodeAdapter) obj;
	                                   ^^^^^^^^^^^^^^^^^^^
AbstractNodeAdapter is a raw type. References to generic type AbstractNodeAdapter<T> should be parameterized
----------
----------
3. WARNING in /Users/tcv/git/Pydev/plugins/org.python.pydev.refactoring/src/org/python/pydev/refactoring/ast/visitors/CannotCreateContextRuntimeException.java (at line 14)
	public class CannotCreateContextRuntimeException extends RuntimeException {
	             ^^^^^^^^^^^^^^^^^^^^^^^^^^^^^^^^^^^
The serializable class CannotCreateContextRuntimeException does not declare a static final serialVersionUID field of type long
----------
----------
4. WARNING in /Users/tcv/git/Pydev/plugins/org.python.pydev.refactoring/src/org/python/pydev/refactoring/ast/visitors/FindDuplicatesVisitor.java (at line 99)
	private final ICoreTextSelection selection;
	                                 ^^^^^^^^^
The value of the field FindDuplicatesVisitor.selection is not used
----------
----------
5. WARNING in /Users/tcv/git/Pydev/plugins/org.python.pydev.refactoring/src/org/python/pydev/refactoring/ast/visitors/VisitorFactory.java (at line 107)
	public static <T extends AbstractContextVisitor> T createContextVisitor(Class<T> visitorClass, SimpleNode root,
	                         ^^^^^^^^^^^^^^^^^^^^^^
AbstractContextVisitor is a raw type. References to generic type AbstractContextVisitor<T> should be parameterized
----------
6. WARNING in /Users/tcv/git/Pydev/plugins/org.python.pydev.refactoring/src/org/python/pydev/refactoring/ast/visitors/VisitorFactory.java (at line 108)
	ModuleAdapter module, AbstractNodeAdapter parent) {
	                      ^^^^^^^^^^^^^^^^^^^
AbstractNodeAdapter is a raw type. References to generic type AbstractNodeAdapter<T> should be parameterized
----------
7. WARNING in /Users/tcv/git/Pydev/plugins/org.python.pydev.refactoring/src/org/python/pydev/refactoring/ast/visitors/VisitorFactory.java (at line 192)
	exprType expression, AbstractScopeNode node, IDocument doc) {
	                     ^^^^^^^^^^^^^^^^^
AbstractScopeNode is a raw type. References to generic type AbstractScopeNode<T> should be parameterized
----------
----------
8. WARNING in /Users/tcv/git/Pydev/plugins/org.python.pydev.refactoring/src/org/python/pydev/refactoring/codegenerator/generateproperties/edit/PropertyEdit.java (at line 54)
	private GeneratePropertiesRequest request;
	                                  ^^^^^^^
The value of the field PropertyEdit.request is not used
----------
----------
9. WARNING in /Users/tcv/git/Pydev/plugins/org.python.pydev.refactoring/src/org/python/pydev/refactoring/coderefactoring/extractlocal/edit/CreateLocalVariableEdit.java (at line 103)
	FastStack scopeStack = scope.getScopeStack();
	^^^^^^^^^
FastStack is a raw type. References to generic type FastStack<E> should be parameterized
----------
----------
10. WARNING in /Users/tcv/git/Pydev/plugins/org.python.pydev.refactoring/src/org/python/pydev/refactoring/coderefactoring/extractlocal/edit/ReplaceDuplicateWithVariableEdit.java (at line 39)
	private Tuple<ICoreTextSelection, SimpleNode> dup;
	                                              ^^^
The value of the field ReplaceDuplicateWithVariableEdit.dup is not used
----------
----------
11. WARNING in /Users/tcv/git/Pydev/plugins/org.python.pydev.refactoring/src/org/python/pydev/refactoring/core/edit/AbstractTextEdit.java (at line 43)
	private static final String WHITESPACE = " ";
	                            ^^^^^^^^^^
The value of the field AbstractTextEdit.WHITESPACE is not used
----------
11 problems (11 warnings)
