# 11/7/22, 11:51:10 PM EST
# Eclipse Compiler for Java(TM) v20220831-1439, 3.31.0, Copyright IBM Corp 2000, 2020. All rights reserved.
----------
1. WARNING in /Users/tcv/git/Pydev/plugins/org.python.pydev.parser/src/org/python/pydev/parser/fastparser/FastParser.java (at line 140)
	private static List<stmtType> parseClassesAndFunctions(IDocument doc, int currentLine, boolean forward,
            boolean stopOnFirstMatch) {
	                              ^^^^^^^^^^^^^^^^^^^^^^^^^^^^^^^^^^^^^^^^^^^^^^^^^^^^^^^^^^^^^^^^^^^^^^^^^^^^^^^^^^^^^^^^^^^^^^^^^^^^^^^^^^^^^^^
The method parseClassesAndFunctions(IDocument, int, boolean, boolean) from the type FastParser is never used locally
----------
----------
2. WARNING in /Users/tcv/git/Pydev/plugins/org.python.pydev.parser/src/org/python/pydev/parser/grammar25/PythonGrammar25.java (at line 4)
	import java.util.ArrayList;
	       ^^^^^^^^^^^^^^^^^^^
The import java.util.ArrayList is never used
----------
3. WARNING in /Users/tcv/git/Pydev/plugins/org.python.pydev.parser/src/org/python/pydev/parser/grammar25/PythonGrammar25.java (at line 9)
	import org.python.pydev.parser.grammarcommon.AbstractTokenManager;
	       ^^^^^^^^^^^^^^^^^^^^^^^^^^^^^^^^^^^^^^^^^^^^^^^^^^^^^^^^^^
The import org.python.pydev.parser.grammarcommon.AbstractTokenManager is never used
----------
4. WARNING in /Users/tcv/git/Pydev/plugins/org.python.pydev.parser/src/org/python/pydev/parser/grammar25/PythonGrammar25.java (at line 11)
	import org.python.pydev.parser.grammarcommon.IJJTPythonGrammarState;
	       ^^^^^^^^^^^^^^^^^^^^^^^^^^^^^^^^^^^^^^^^^^^^^^^^^^^^^^^^^^^^
The import org.python.pydev.parser.grammarcommon.IJJTPythonGrammarState is never used
----------
5. WARNING in /Users/tcv/git/Pydev/plugins/org.python.pydev.parser/src/org/python/pydev/parser/grammar25/PythonGrammar25.java (at line 13)
	import org.python.pydev.parser.grammarcommon.JJTPythonGrammarState;
	       ^^^^^^^^^^^^^^^^^^^^^^^^^^^^^^^^^^^^^^^^^^^^^^^^^^^^^^^^^^^
The import org.python.pydev.parser.grammarcommon.JJTPythonGrammarState is never used
----------
6. WARNING in /Users/tcv/git/Pydev/plugins/org.python.pydev.parser/src/org/python/pydev/parser/grammar25/PythonGrammar25.java (at line 14)
	import org.python.pydev.parser.grammarcommon.JfpDef;
	       ^^^^^^^^^^^^^^^^^^^^^^^^^^^^^^^^^^^^^^^^^^^^
The import org.python.pydev.parser.grammarcommon.JfpDef is never used
----------
7. WARNING in /Users/tcv/git/Pydev/plugins/org.python.pydev.parser/src/org/python/pydev/parser/grammar25/PythonGrammar25.java (at line 20)
	import org.python.pydev.parser.jython.TokenMgrError;
	       ^^^^^^^^^^^^^^^^^^^^^^^^^^^^^^^^^^^^^^^^^^^^
The import org.python.pydev.parser.jython.TokenMgrError is never used
----------
8. WARNING in /Users/tcv/git/Pydev/plugins/org.python.pydev.parser/src/org/python/pydev/parser/grammar25/PythonGrammar25.java (at line 22)
	import org.python.pydev.parser.jython.ast.ImportFrom;
	       ^^^^^^^^^^^^^^^^^^^^^^^^^^^^^^^^^^^^^^^^^^^^^
The import org.python.pydev.parser.jython.ast.ImportFrom is never used
----------
9. WARNING in /Users/tcv/git/Pydev/plugins/org.python.pydev.parser/src/org/python/pydev/parser/grammar25/PythonGrammar25.java (at line 252)
	throw new Error("Missing return statement in function");
	^^^^^^^^^^^^^^^^^^^^^^^^^^^^^^^^^^^^^^^^^^^^^^^^^^^^^^^^
Dead code
----------
10. WARNING in /Users/tcv/git/Pydev/plugins/org.python.pydev.parser/src/org/python/pydev/parser/grammar25/PythonGrammar25.java (at line 856)
	SimpleNode simpleNode;
	           ^^^^^^^^^^
The value of the local variable simpleNode is not used
----------
11. WARNING in /Users/tcv/git/Pydev/plugins/org.python.pydev.parser/src/org/python/pydev/parser/grammar25/PythonGrammar25.java (at line 2120)
	throw new Error("Missing return statement in function");
	^^^^^^^^^^^^^^^^^^^^^^^^^^^^^^^^^^^^^^^^^^^^^^^^^^^^^^^^
Dead code
----------
12. WARNING in /Users/tcv/git/Pydev/plugins/org.python.pydev.parser/src/org/python/pydev/parser/grammar25/PythonGrammar25.java (at line 2567)
	throw new Error("Missing return statement in function");
	^^^^^^^^^^^^^^^^^^^^^^^^^^^^^^^^^^^^^^^^^^^^^^^^^^^^^^^^
Dead code
----------
13. WARNING in /Users/tcv/git/Pydev/plugins/org.python.pydev.parser/src/org/python/pydev/parser/grammar25/PythonGrammar25.java (at line 2837)
	throw new Error("Missing return statement in function");
	^^^^^^^^^^^^^^^^^^^^^^^^^^^^^^^^^^^^^^^^^^^^^^^^^^^^^^^^
Dead code
----------
14. WARNING in /Users/tcv/git/Pydev/plugins/org.python.pydev.parser/src/org/python/pydev/parser/grammar25/PythonGrammar25.java (at line 2896)
	throw new Error("Missing return statement in function");
	^^^^^^^^^^^^^^^^^^^^^^^^^^^^^^^^^^^^^^^^^^^^^^^^^^^^^^^^
Dead code
----------
15. WARNING in /Users/tcv/git/Pydev/plugins/org.python.pydev.parser/src/org/python/pydev/parser/grammar25/PythonGrammar25.java (at line 3288)
	throw new Error("Missing return statement in function");
	^^^^^^^^^^^^^^^^^^^^^^^^^^^^^^^^^^^^^^^^^^^^^^^^^^^^^^^^
Dead code
----------
16. WARNING in /Users/tcv/git/Pydev/plugins/org.python.pydev.parser/src/org/python/pydev/parser/grammar25/PythonGrammar25.java (at line 7098)
	jjtree.closeNodeScope(jjtn000, true);
	^^^^^^^^^^^^^^^^^^^^^^^^^^^^^^^^^^^^
Dead code
----------
17. WARNING in /Users/tcv/git/Pydev/plugins/org.python.pydev.parser/src/org/python/pydev/parser/grammar25/PythonGrammar25.java (at line 7108)
	throw new Error("Missing return statement in function");
	^^^^^^^^^^^^^^^^^^^^^^^^^^^^^^^^^^^^^^^^^^^^^^^^^^^^^^^^
Dead code
----------
18. WARNING in /Users/tcv/git/Pydev/plugins/org.python.pydev.parser/src/org/python/pydev/parser/grammar25/PythonGrammar25.java (at line 7143)
	jjtree.closeNodeScope(jjtn000, true);
	^^^^^^^^^^^^^^^^^^^^^^^^^^^^^^^^^^^^
Dead code
----------
19. WARNING in /Users/tcv/git/Pydev/plugins/org.python.pydev.parser/src/org/python/pydev/parser/grammar25/PythonGrammar25.java (at line 7153)
	throw new Error("Missing return statement in function");
	^^^^^^^^^^^^^^^^^^^^^^^^^^^^^^^^^^^^^^^^^^^^^^^^^^^^^^^^
Dead code
----------
20. WARNING in /Users/tcv/git/Pydev/plugins/org.python.pydev.parser/src/org/python/pydev/parser/grammar25/PythonGrammar25.java (at line 8874)
	static private final class LookaheadSuccess extends java.lang.Error {
	                           ^^^^^^^^^^^^^^^^
The serializable class LookaheadSuccess does not declare a static final serialVersionUID field of type long
----------
----------
21. WARNING in /Users/tcv/git/Pydev/plugins/org.python.pydev.parser/src/org/python/pydev/parser/grammar26/PythonGrammar26.java (at line 4)
	import java.util.ArrayList;
	       ^^^^^^^^^^^^^^^^^^^
The import java.util.ArrayList is never used
----------
22. WARNING in /Users/tcv/git/Pydev/plugins/org.python.pydev.parser/src/org/python/pydev/parser/grammar26/PythonGrammar26.java (at line 9)
	import org.python.pydev.parser.grammarcommon.AbstractTokenManager;
	       ^^^^^^^^^^^^^^^^^^^^^^^^^^^^^^^^^^^^^^^^^^^^^^^^^^^^^^^^^^
The import org.python.pydev.parser.grammarcommon.AbstractTokenManager is never used
----------
23. WARNING in /Users/tcv/git/Pydev/plugins/org.python.pydev.parser/src/org/python/pydev/parser/grammar26/PythonGrammar26.java (at line 11)
	import org.python.pydev.parser.grammarcommon.IJJTPythonGrammarState;
	       ^^^^^^^^^^^^^^^^^^^^^^^^^^^^^^^^^^^^^^^^^^^^^^^^^^^^^^^^^^^^
The import org.python.pydev.parser.grammarcommon.IJJTPythonGrammarState is never used
----------
24. WARNING in /Users/tcv/git/Pydev/plugins/org.python.pydev.parser/src/org/python/pydev/parser/grammar26/PythonGrammar26.java (at line 13)
	import org.python.pydev.parser.grammarcommon.JJTPythonGrammarState;
	       ^^^^^^^^^^^^^^^^^^^^^^^^^^^^^^^^^^^^^^^^^^^^^^^^^^^^^^^^^^^
The import org.python.pydev.parser.grammarcommon.JJTPythonGrammarState is never used
----------
25. WARNING in /Users/tcv/git/Pydev/plugins/org.python.pydev.parser/src/org/python/pydev/parser/grammar26/PythonGrammar26.java (at line 14)
	import org.python.pydev.parser.grammarcommon.JfpDef;
	       ^^^^^^^^^^^^^^^^^^^^^^^^^^^^^^^^^^^^^^^^^^^^
The import org.python.pydev.parser.grammarcommon.JfpDef is never used
----------
26. WARNING in /Users/tcv/git/Pydev/plugins/org.python.pydev.parser/src/org/python/pydev/parser/grammar26/PythonGrammar26.java (at line 15)
	import org.python.pydev.parser.grammarcommon.WithNameInvalidException;
	       ^^^^^^^^^^^^^^^^^^^^^^^^^^^^^^^^^^^^^^^^^^^^^^^^^^^^^^^^^^^^^^
The import org.python.pydev.parser.grammarcommon.WithNameInvalidException is never used
----------
27. WARNING in /Users/tcv/git/Pydev/plugins/org.python.pydev.parser/src/org/python/pydev/parser/grammar26/PythonGrammar26.java (at line 20)
	import org.python.pydev.parser.jython.TokenMgrError;
	       ^^^^^^^^^^^^^^^^^^^^^^^^^^^^^^^^^^^^^^^^^^^^
The import org.python.pydev.parser.jython.TokenMgrError is never used
----------
28. WARNING in /Users/tcv/git/Pydev/plugins/org.python.pydev.parser/src/org/python/pydev/parser/grammar26/PythonGrammar26.java (at line 22)
	import org.python.pydev.parser.jython.ast.ImportFrom;
	       ^^^^^^^^^^^^^^^^^^^^^^^^^^^^^^^^^^^^^^^^^^^^^
The import org.python.pydev.parser.jython.ast.ImportFrom is never used
----------
29. WARNING in /Users/tcv/git/Pydev/plugins/org.python.pydev.parser/src/org/python/pydev/parser/grammar26/PythonGrammar26.java (at line 258)
	throw new Error("Missing return statement in function");
	^^^^^^^^^^^^^^^^^^^^^^^^^^^^^^^^^^^^^^^^^^^^^^^^^^^^^^^^
Dead code
----------
30. WARNING in /Users/tcv/git/Pydev/plugins/org.python.pydev.parser/src/org/python/pydev/parser/grammar26/PythonGrammar26.java (at line 897)
	SimpleNode simpleNode;
	           ^^^^^^^^^^
The value of the local variable simpleNode is not used
----------
31. WARNING in /Users/tcv/git/Pydev/plugins/org.python.pydev.parser/src/org/python/pydev/parser/grammar26/PythonGrammar26.java (at line 2203)
	throw new Error("Missing return statement in function");
	^^^^^^^^^^^^^^^^^^^^^^^^^^^^^^^^^^^^^^^^^^^^^^^^^^^^^^^^
Dead code
----------
32. WARNING in /Users/tcv/git/Pydev/plugins/org.python.pydev.parser/src/org/python/pydev/parser/grammar26/PythonGrammar26.java (at line 2659)
	throw new Error("Missing return statement in function");
	^^^^^^^^^^^^^^^^^^^^^^^^^^^^^^^^^^^^^^^^^^^^^^^^^^^^^^^^
Dead code
----------
33. WARNING in /Users/tcv/git/Pydev/plugins/org.python.pydev.parser/src/org/python/pydev/parser/grammar26/PythonGrammar26.java (at line 2923)
	throw new Error("Missing return statement in function");
	^^^^^^^^^^^^^^^^^^^^^^^^^^^^^^^^^^^^^^^^^^^^^^^^^^^^^^^^
Dead code
----------
34. WARNING in /Users/tcv/git/Pydev/plugins/org.python.pydev.parser/src/org/python/pydev/parser/grammar26/PythonGrammar26.java (at line 2982)
	throw new Error("Missing return statement in function");
	^^^^^^^^^^^^^^^^^^^^^^^^^^^^^^^^^^^^^^^^^^^^^^^^^^^^^^^^
Dead code
----------
35. WARNING in /Users/tcv/git/Pydev/plugins/org.python.pydev.parser/src/org/python/pydev/parser/grammar26/PythonGrammar26.java (at line 3379)
	throw new Error("Missing return statement in function");
	^^^^^^^^^^^^^^^^^^^^^^^^^^^^^^^^^^^^^^^^^^^^^^^^^^^^^^^^
Dead code
----------
36. WARNING in /Users/tcv/git/Pydev/plugins/org.python.pydev.parser/src/org/python/pydev/parser/grammar26/PythonGrammar26.java (at line 7258)
	jjtree.closeNodeScope(jjtn000, true);
	^^^^^^^^^^^^^^^^^^^^^^^^^^^^^^^^^^^^
Dead code
----------
37. WARNING in /Users/tcv/git/Pydev/plugins/org.python.pydev.parser/src/org/python/pydev/parser/grammar26/PythonGrammar26.java (at line 7268)
	throw new Error("Missing return statement in function");
	^^^^^^^^^^^^^^^^^^^^^^^^^^^^^^^^^^^^^^^^^^^^^^^^^^^^^^^^
Dead code
----------
38. WARNING in /Users/tcv/git/Pydev/plugins/org.python.pydev.parser/src/org/python/pydev/parser/grammar26/PythonGrammar26.java (at line 9144)
	static private final class LookaheadSuccess extends java.lang.Error {
	                           ^^^^^^^^^^^^^^^^
The serializable class LookaheadSuccess does not declare a static final serialVersionUID field of type long
----------
----------
39. WARNING in /Users/tcv/git/Pydev/plugins/org.python.pydev.parser/src/org/python/pydev/parser/grammar27/PythonGrammar27.java (at line 4)
	import java.util.ArrayList;
	       ^^^^^^^^^^^^^^^^^^^
The import java.util.ArrayList is never used
----------
40. WARNING in /Users/tcv/git/Pydev/plugins/org.python.pydev.parser/src/org/python/pydev/parser/grammar27/PythonGrammar27.java (at line 9)
	import org.python.pydev.parser.grammarcommon.AbstractTokenManager;
	       ^^^^^^^^^^^^^^^^^^^^^^^^^^^^^^^^^^^^^^^^^^^^^^^^^^^^^^^^^^
The import org.python.pydev.parser.grammarcommon.AbstractTokenManager is never used
----------
41. WARNING in /Users/tcv/git/Pydev/plugins/org.python.pydev.parser/src/org/python/pydev/parser/grammar27/PythonGrammar27.java (at line 11)
	import org.python.pydev.parser.grammarcommon.IJJTPythonGrammarState;
	       ^^^^^^^^^^^^^^^^^^^^^^^^^^^^^^^^^^^^^^^^^^^^^^^^^^^^^^^^^^^^
The import org.python.pydev.parser.grammarcommon.IJJTPythonGrammarState is never used
----------
42. WARNING in /Users/tcv/git/Pydev/plugins/org.python.pydev.parser/src/org/python/pydev/parser/grammar27/PythonGrammar27.java (at line 13)
	import org.python.pydev.parser.grammarcommon.JJTPythonGrammarState;
	       ^^^^^^^^^^^^^^^^^^^^^^^^^^^^^^^^^^^^^^^^^^^^^^^^^^^^^^^^^^^
The import org.python.pydev.parser.grammarcommon.JJTPythonGrammarState is never used
----------
43. WARNING in /Users/tcv/git/Pydev/plugins/org.python.pydev.parser/src/org/python/pydev/parser/grammar27/PythonGrammar27.java (at line 14)
	import org.python.pydev.parser.grammarcommon.JfpDef;
	       ^^^^^^^^^^^^^^^^^^^^^^^^^^^^^^^^^^^^^^^^^^^^
The import org.python.pydev.parser.grammarcommon.JfpDef is never used
----------
44. WARNING in /Users/tcv/git/Pydev/plugins/org.python.pydev.parser/src/org/python/pydev/parser/grammar27/PythonGrammar27.java (at line 15)
	import org.python.pydev.parser.grammarcommon.WithNameInvalidException;
	       ^^^^^^^^^^^^^^^^^^^^^^^^^^^^^^^^^^^^^^^^^^^^^^^^^^^^^^^^^^^^^^
The import org.python.pydev.parser.grammarcommon.WithNameInvalidException is never used
----------
45. WARNING in /Users/tcv/git/Pydev/plugins/org.python.pydev.parser/src/org/python/pydev/parser/grammar27/PythonGrammar27.java (at line 20)
	import org.python.pydev.parser.jython.TokenMgrError;
	       ^^^^^^^^^^^^^^^^^^^^^^^^^^^^^^^^^^^^^^^^^^^^
The import org.python.pydev.parser.jython.TokenMgrError is never used
----------
46. WARNING in /Users/tcv/git/Pydev/plugins/org.python.pydev.parser/src/org/python/pydev/parser/grammar27/PythonGrammar27.java (at line 22)
	import org.python.pydev.parser.jython.ast.ImportFrom;
	       ^^^^^^^^^^^^^^^^^^^^^^^^^^^^^^^^^^^^^^^^^^^^^
The import org.python.pydev.parser.jython.ast.ImportFrom is never used
----------
47. WARNING in /Users/tcv/git/Pydev/plugins/org.python.pydev.parser/src/org/python/pydev/parser/grammar27/PythonGrammar27.java (at line 258)
	throw new Error("Missing return statement in function");
	^^^^^^^^^^^^^^^^^^^^^^^^^^^^^^^^^^^^^^^^^^^^^^^^^^^^^^^^
Dead code
----------
48. WARNING in /Users/tcv/git/Pydev/plugins/org.python.pydev.parser/src/org/python/pydev/parser/grammar27/PythonGrammar27.java (at line 897)
	SimpleNode simpleNode;
	           ^^^^^^^^^^
The value of the local variable simpleNode is not used
----------
49. WARNING in /Users/tcv/git/Pydev/plugins/org.python.pydev.parser/src/org/python/pydev/parser/grammar27/PythonGrammar27.java (at line 2203)
	throw new Error("Missing return statement in function");
	^^^^^^^^^^^^^^^^^^^^^^^^^^^^^^^^^^^^^^^^^^^^^^^^^^^^^^^^
Dead code
----------
50. WARNING in /Users/tcv/git/Pydev/plugins/org.python.pydev.parser/src/org/python/pydev/parser/grammar27/PythonGrammar27.java (at line 2659)
	throw new Error("Missing return statement in function");
	^^^^^^^^^^^^^^^^^^^^^^^^^^^^^^^^^^^^^^^^^^^^^^^^^^^^^^^^
Dead code
----------
51. WARNING in /Users/tcv/git/Pydev/plugins/org.python.pydev.parser/src/org/python/pydev/parser/grammar27/PythonGrammar27.java (at line 2923)
	throw new Error("Missing return statement in function");
	^^^^^^^^^^^^^^^^^^^^^^^^^^^^^^^^^^^^^^^^^^^^^^^^^^^^^^^^
Dead code
----------
52. WARNING in /Users/tcv/git/Pydev/plugins/org.python.pydev.parser/src/org/python/pydev/parser/grammar27/PythonGrammar27.java (at line 2982)
	throw new Error("Missing return statement in function");
	^^^^^^^^^^^^^^^^^^^^^^^^^^^^^^^^^^^^^^^^^^^^^^^^^^^^^^^^
Dead code
----------
53. WARNING in /Users/tcv/git/Pydev/plugins/org.python.pydev.parser/src/org/python/pydev/parser/grammar27/PythonGrammar27.java (at line 3379)
	throw new Error("Missing return statement in function");
	^^^^^^^^^^^^^^^^^^^^^^^^^^^^^^^^^^^^^^^^^^^^^^^^^^^^^^^^
Dead code
----------
54. WARNING in /Users/tcv/git/Pydev/plugins/org.python.pydev.parser/src/org/python/pydev/parser/grammar27/PythonGrammar27.java (at line 5697)
	boolean dict = false;
	        ^^^^
The value of the local variable dict is not used
----------
55. WARNING in /Users/tcv/git/Pydev/plugins/org.python.pydev.parser/src/org/python/pydev/parser/grammar27/PythonGrammar27.java (at line 7373)
	jjtree.closeNodeScope(jjtn000, true);
	^^^^^^^^^^^^^^^^^^^^^^^^^^^^^^^^^^^^
Dead code
----------
56. WARNING in /Users/tcv/git/Pydev/plugins/org.python.pydev.parser/src/org/python/pydev/parser/grammar27/PythonGrammar27.java (at line 7383)
	throw new Error("Missing return statement in function");
	^^^^^^^^^^^^^^^^^^^^^^^^^^^^^^^^^^^^^^^^^^^^^^^^^^^^^^^^
Dead code
----------
57. WARNING in /Users/tcv/git/Pydev/plugins/org.python.pydev.parser/src/org/python/pydev/parser/grammar27/PythonGrammar27.java (at line 9280)
	static private final class LookaheadSuccess extends java.lang.Error {
	                           ^^^^^^^^^^^^^^^^
The serializable class LookaheadSuccess does not declare a static final serialVersionUID field of type long
----------
----------
58. WARNING in /Users/tcv/git/Pydev/plugins/org.python.pydev.parser/src/org/python/pydev/parser/grammar30/PythonGrammar30.java (at line 4)
	import java.util.ArrayList;
	       ^^^^^^^^^^^^^^^^^^^
The import java.util.ArrayList is never used
----------
59. WARNING in /Users/tcv/git/Pydev/plugins/org.python.pydev.parser/src/org/python/pydev/parser/grammar30/PythonGrammar30.java (at line 9)
	import org.python.pydev.parser.grammarcommon.AbstractTokenManager;
	       ^^^^^^^^^^^^^^^^^^^^^^^^^^^^^^^^^^^^^^^^^^^^^^^^^^^^^^^^^^
The import org.python.pydev.parser.grammarcommon.AbstractTokenManager is never used
----------
60. WARNING in /Users/tcv/git/Pydev/plugins/org.python.pydev.parser/src/org/python/pydev/parser/grammar30/PythonGrammar30.java (at line 11)
	import org.python.pydev.parser.grammarcommon.IJJTPythonGrammarState;
	       ^^^^^^^^^^^^^^^^^^^^^^^^^^^^^^^^^^^^^^^^^^^^^^^^^^^^^^^^^^^^
The import org.python.pydev.parser.grammarcommon.IJJTPythonGrammarState is never used
----------
61. WARNING in /Users/tcv/git/Pydev/plugins/org.python.pydev.parser/src/org/python/pydev/parser/grammar30/PythonGrammar30.java (at line 13)
	import org.python.pydev.parser.grammarcommon.JJTPythonGrammarState;
	       ^^^^^^^^^^^^^^^^^^^^^^^^^^^^^^^^^^^^^^^^^^^^^^^^^^^^^^^^^^^
The import org.python.pydev.parser.grammarcommon.JJTPythonGrammarState is never used
----------
62. WARNING in /Users/tcv/git/Pydev/plugins/org.python.pydev.parser/src/org/python/pydev/parser/grammar30/PythonGrammar30.java (at line 15)
	import org.python.pydev.parser.grammarcommon.WithNameInvalidException;
	       ^^^^^^^^^^^^^^^^^^^^^^^^^^^^^^^^^^^^^^^^^^^^^^^^^^^^^^^^^^^^^^
The import org.python.pydev.parser.grammarcommon.WithNameInvalidException is never used
----------
63. WARNING in /Users/tcv/git/Pydev/plugins/org.python.pydev.parser/src/org/python/pydev/parser/grammar30/PythonGrammar30.java (at line 20)
	import org.python.pydev.parser.jython.TokenMgrError;
	       ^^^^^^^^^^^^^^^^^^^^^^^^^^^^^^^^^^^^^^^^^^^^
The import org.python.pydev.parser.jython.TokenMgrError is never used
----------
64. WARNING in /Users/tcv/git/Pydev/plugins/org.python.pydev.parser/src/org/python/pydev/parser/grammar30/PythonGrammar30.java (at line 22)
	import org.python.pydev.parser.jython.ast.ImportFrom;
	       ^^^^^^^^^^^^^^^^^^^^^^^^^^^^^^^^^^^^^^^^^^^^^
The import org.python.pydev.parser.jython.ast.ImportFrom is never used
----------
65. WARNING in /Users/tcv/git/Pydev/plugins/org.python.pydev.parser/src/org/python/pydev/parser/grammar30/PythonGrammar30.java (at line 281)
	throw new Error("Missing return statement in function");
	^^^^^^^^^^^^^^^^^^^^^^^^^^^^^^^^^^^^^^^^^^^^^^^^^^^^^^^^
Dead code
----------
66. WARNING in /Users/tcv/git/Pydev/plugins/org.python.pydev.parser/src/org/python/pydev/parser/grammar30/PythonGrammar30.java (at line 1395)
	SimpleNode simpleNode;Token spStr;
	           ^^^^^^^^^^
The value of the local variable simpleNode is not used
----------
67. WARNING in /Users/tcv/git/Pydev/plugins/org.python.pydev.parser/src/org/python/pydev/parser/grammar30/PythonGrammar30.java (at line 2574)
	throw new Error("Missing return statement in function");
	^^^^^^^^^^^^^^^^^^^^^^^^^^^^^^^^^^^^^^^^^^^^^^^^^^^^^^^^
Dead code
----------
68. WARNING in /Users/tcv/git/Pydev/plugins/org.python.pydev.parser/src/org/python/pydev/parser/grammar30/PythonGrammar30.java (at line 2885)
	throw new Error("Missing return statement in function");
	^^^^^^^^^^^^^^^^^^^^^^^^^^^^^^^^^^^^^^^^^^^^^^^^^^^^^^^^
Dead code
----------
69. WARNING in /Users/tcv/git/Pydev/plugins/org.python.pydev.parser/src/org/python/pydev/parser/grammar30/PythonGrammar30.java (at line 3043)
	throw new Error("Missing return statement in function");
	^^^^^^^^^^^^^^^^^^^^^^^^^^^^^^^^^^^^^^^^^^^^^^^^^^^^^^^^
Dead code
----------
70. WARNING in /Users/tcv/git/Pydev/plugins/org.python.pydev.parser/src/org/python/pydev/parser/grammar30/PythonGrammar30.java (at line 3269)
	throw new Error("Missing return statement in function");
	^^^^^^^^^^^^^^^^^^^^^^^^^^^^^^^^^^^^^^^^^^^^^^^^^^^^^^^^
Dead code
----------
71. WARNING in /Users/tcv/git/Pydev/plugins/org.python.pydev.parser/src/org/python/pydev/parser/grammar30/PythonGrammar30.java (at line 3315)
	throw new Error("Missing return statement in function");
	^^^^^^^^^^^^^^^^^^^^^^^^^^^^^^^^^^^^^^^^^^^^^^^^^^^^^^^^
Dead code
----------
72. WARNING in /Users/tcv/git/Pydev/plugins/org.python.pydev.parser/src/org/python/pydev/parser/grammar30/PythonGrammar30.java (at line 3697)
	throw new Error("Missing return statement in function");
	^^^^^^^^^^^^^^^^^^^^^^^^^^^^^^^^^^^^^^^^^^^^^^^^^^^^^^^^
Dead code
----------
73. WARNING in /Users/tcv/git/Pydev/plugins/org.python.pydev.parser/src/org/python/pydev/parser/grammar30/PythonGrammar30.java (at line 7672)
	jjtreeOpenNodeScope(jjtn000);Token spStr;Token spStr2;
	                                   ^^^^^
The value of the local variable spStr is not used
----------
74. WARNING in /Users/tcv/git/Pydev/plugins/org.python.pydev.parser/src/org/python/pydev/parser/grammar30/PythonGrammar30.java (at line 7672)
	jjtreeOpenNodeScope(jjtn000);Token spStr;Token spStr2;
	                                               ^^^^^^
The value of the local variable spStr2 is not used
----------
75. WARNING in /Users/tcv/git/Pydev/plugins/org.python.pydev.parser/src/org/python/pydev/parser/grammar30/PythonGrammar30.java (at line 8071)
	throw new Error("Missing return statement in function");
	^^^^^^^^^^^^^^^^^^^^^^^^^^^^^^^^^^^^^^^^^^^^^^^^^^^^^^^^
Dead code
----------
76. WARNING in /Users/tcv/git/Pydev/plugins/org.python.pydev.parser/src/org/python/pydev/parser/grammar30/PythonGrammar30.java (at line 10276)
	static private final class LookaheadSuccess extends java.lang.Error { }
	                           ^^^^^^^^^^^^^^^^
The serializable class LookaheadSuccess does not declare a static final serialVersionUID field of type long
----------
----------
77. WARNING in /Users/tcv/git/Pydev/plugins/org.python.pydev.parser/src/org/python/pydev/parser/grammar310/PythonGrammar310.java (at line 4)
	import java.util.ArrayList;
	       ^^^^^^^^^^^^^^^^^^^
The import java.util.ArrayList is never used
----------
78. WARNING in /Users/tcv/git/Pydev/plugins/org.python.pydev.parser/src/org/python/pydev/parser/grammar310/PythonGrammar310.java (at line 9)
	import org.python.pydev.parser.grammarcommon.AbstractTokenManager;
	       ^^^^^^^^^^^^^^^^^^^^^^^^^^^^^^^^^^^^^^^^^^^^^^^^^^^^^^^^^^
The import org.python.pydev.parser.grammarcommon.AbstractTokenManager is never used
----------
79. WARNING in /Users/tcv/git/Pydev/plugins/org.python.pydev.parser/src/org/python/pydev/parser/grammar310/PythonGrammar310.java (at line 11)
	import org.python.pydev.parser.grammarcommon.IJJTPythonGrammarState;
	       ^^^^^^^^^^^^^^^^^^^^^^^^^^^^^^^^^^^^^^^^^^^^^^^^^^^^^^^^^^^^
The import org.python.pydev.parser.grammarcommon.IJJTPythonGrammarState is never used
----------
80. WARNING in /Users/tcv/git/Pydev/plugins/org.python.pydev.parser/src/org/python/pydev/parser/grammar310/PythonGrammar310.java (at line 13)
	import org.python.pydev.parser.grammarcommon.JJTPythonGrammarState;
	       ^^^^^^^^^^^^^^^^^^^^^^^^^^^^^^^^^^^^^^^^^^^^^^^^^^^^^^^^^^^
The import org.python.pydev.parser.grammarcommon.JJTPythonGrammarState is never used
----------
81. WARNING in /Users/tcv/git/Pydev/plugins/org.python.pydev.parser/src/org/python/pydev/parser/grammar310/PythonGrammar310.java (at line 15)
	import org.python.pydev.parser.grammarcommon.WithNameInvalidException;
	       ^^^^^^^^^^^^^^^^^^^^^^^^^^^^^^^^^^^^^^^^^^^^^^^^^^^^^^^^^^^^^^
The import org.python.pydev.parser.grammarcommon.WithNameInvalidException is never used
----------
82. WARNING in /Users/tcv/git/Pydev/plugins/org.python.pydev.parser/src/org/python/pydev/parser/grammar310/PythonGrammar310.java (at line 20)
	import org.python.pydev.parser.jython.TokenMgrError;
	       ^^^^^^^^^^^^^^^^^^^^^^^^^^^^^^^^^^^^^^^^^^^^
The import org.python.pydev.parser.jython.TokenMgrError is never used
----------
83. WARNING in /Users/tcv/git/Pydev/plugins/org.python.pydev.parser/src/org/python/pydev/parser/grammar310/PythonGrammar310.java (at line 22)
	import org.python.pydev.parser.jython.ast.ImportFrom;
	       ^^^^^^^^^^^^^^^^^^^^^^^^^^^^^^^^^^^^^^^^^^^^^
The import org.python.pydev.parser.jython.ast.ImportFrom is never used
----------
84. WARNING in /Users/tcv/git/Pydev/plugins/org.python.pydev.parser/src/org/python/pydev/parser/grammar310/PythonGrammar310.java (at line 295)
	throw new Error("Missing return statement in function");
	^^^^^^^^^^^^^^^^^^^^^^^^^^^^^^^^^^^^^^^^^^^^^^^^^^^^^^^^
Dead code
----------
85. WARNING in /Users/tcv/git/Pydev/plugins/org.python.pydev.parser/src/org/python/pydev/parser/grammar310/PythonGrammar310.java (at line 344)
	throw new Error("Missing return statement in function");
	^^^^^^^^^^^^^^^^^^^^^^^^^^^^^^^^^^^^^^^^^^^^^^^^^^^^^^^^
Dead code
----------
86. WARNING in /Users/tcv/git/Pydev/plugins/org.python.pydev.parser/src/org/python/pydev/parser/grammar310/PythonGrammar310.java (at line 1640)
	SimpleNode simpleNode;Token spStr;
	           ^^^^^^^^^^
The value of the local variable simpleNode is not used
----------
87. WARNING in /Users/tcv/git/Pydev/plugins/org.python.pydev.parser/src/org/python/pydev/parser/grammar310/PythonGrammar310.java (at line 3001)
	throw new Error("Missing return statement in function");
	^^^^^^^^^^^^^^^^^^^^^^^^^^^^^^^^^^^^^^^^^^^^^^^^^^^^^^^^
Dead code
----------
88. WARNING in /Users/tcv/git/Pydev/plugins/org.python.pydev.parser/src/org/python/pydev/parser/grammar310/PythonGrammar310.java (at line 3335)
	throw new Error("Missing return statement in function");
	^^^^^^^^^^^^^^^^^^^^^^^^^^^^^^^^^^^^^^^^^^^^^^^^^^^^^^^^
Dead code
----------
89. WARNING in /Users/tcv/git/Pydev/plugins/org.python.pydev.parser/src/org/python/pydev/parser/grammar310/PythonGrammar310.java (at line 3499)
	throw new Error("Missing return statement in function");
	^^^^^^^^^^^^^^^^^^^^^^^^^^^^^^^^^^^^^^^^^^^^^^^^^^^^^^^^
Dead code
----------
90. WARNING in /Users/tcv/git/Pydev/plugins/org.python.pydev.parser/src/org/python/pydev/parser/grammar310/PythonGrammar310.java (at line 3731)
	throw new Error("Missing return statement in function");
	^^^^^^^^^^^^^^^^^^^^^^^^^^^^^^^^^^^^^^^^^^^^^^^^^^^^^^^^
Dead code
----------
91. WARNING in /Users/tcv/git/Pydev/plugins/org.python.pydev.parser/src/org/python/pydev/parser/grammar310/PythonGrammar310.java (at line 3777)
	throw new Error("Missing return statement in function");
	^^^^^^^^^^^^^^^^^^^^^^^^^^^^^^^^^^^^^^^^^^^^^^^^^^^^^^^^
Dead code
----------
92. WARNING in /Users/tcv/git/Pydev/plugins/org.python.pydev.parser/src/org/python/pydev/parser/grammar310/PythonGrammar310.java (at line 5445)
	throw new Error("Missing return statement in function");
	^^^^^^^^^^^^^^^^^^^^^^^^^^^^^^^^^^^^^^^^^^^^^^^^^^^^^^^^
Dead code
----------
93. WARNING in /Users/tcv/git/Pydev/plugins/org.python.pydev.parser/src/org/python/pydev/parser/grammar310/PythonGrammar310.java (at line 9632)
	jjtreeOpenNodeScope(jjtn000);Token spStr;Token spStr2;
	                                   ^^^^^
The value of the local variable spStr is not used
----------
94. WARNING in /Users/tcv/git/Pydev/plugins/org.python.pydev.parser/src/org/python/pydev/parser/grammar310/PythonGrammar310.java (at line 9632)
	jjtreeOpenNodeScope(jjtn000);Token spStr;Token spStr2;
	                                               ^^^^^^
The value of the local variable spStr2 is not used
----------
95. WARNING in /Users/tcv/git/Pydev/plugins/org.python.pydev.parser/src/org/python/pydev/parser/grammar310/PythonGrammar310.java (at line 10053)
	throw new Error("Missing return statement in function");
	^^^^^^^^^^^^^^^^^^^^^^^^^^^^^^^^^^^^^^^^^^^^^^^^^^^^^^^^
Dead code
----------
96. WARNING in /Users/tcv/git/Pydev/plugins/org.python.pydev.parser/src/org/python/pydev/parser/grammar310/PythonGrammar310.java (at line 13011)
	static private final class LookaheadSuccess extends java.lang.Error { }
	                           ^^^^^^^^^^^^^^^^
The serializable class LookaheadSuccess does not declare a static final serialVersionUID field of type long
----------
----------
97. WARNING in /Users/tcv/git/Pydev/plugins/org.python.pydev.parser/src/org/python/pydev/parser/grammar36/PythonGrammar36.java (at line 4)
	import java.util.ArrayList;
	       ^^^^^^^^^^^^^^^^^^^
The import java.util.ArrayList is never used
----------
98. WARNING in /Users/tcv/git/Pydev/plugins/org.python.pydev.parser/src/org/python/pydev/parser/grammar36/PythonGrammar36.java (at line 9)
	import org.python.pydev.parser.grammarcommon.AbstractTokenManager;
	       ^^^^^^^^^^^^^^^^^^^^^^^^^^^^^^^^^^^^^^^^^^^^^^^^^^^^^^^^^^
The import org.python.pydev.parser.grammarcommon.AbstractTokenManager is never used
----------
99. WARNING in /Users/tcv/git/Pydev/plugins/org.python.pydev.parser/src/org/python/pydev/parser/grammar36/PythonGrammar36.java (at line 11)
	import org.python.pydev.parser.grammarcommon.IJJTPythonGrammarState;
	       ^^^^^^^^^^^^^^^^^^^^^^^^^^^^^^^^^^^^^^^^^^^^^^^^^^^^^^^^^^^^
The import org.python.pydev.parser.grammarcommon.IJJTPythonGrammarState is never used
----------
100. WARNING in /Users/tcv/git/Pydev/plugins/org.python.pydev.parser/src/org/python/pydev/parser/grammar36/PythonGrammar36.java (at line 13)
	import org.python.pydev.parser.grammarcommon.JJTPythonGrammarState;
	       ^^^^^^^^^^^^^^^^^^^^^^^^^^^^^^^^^^^^^^^^^^^^^^^^^^^^^^^^^^^
The import org.python.pydev.parser.grammarcommon.JJTPythonGrammarState is never used
----------
101. WARNING in /Users/tcv/git/Pydev/plugins/org.python.pydev.parser/src/org/python/pydev/parser/grammar36/PythonGrammar36.java (at line 15)
	import org.python.pydev.parser.grammarcommon.WithNameInvalidException;
	       ^^^^^^^^^^^^^^^^^^^^^^^^^^^^^^^^^^^^^^^^^^^^^^^^^^^^^^^^^^^^^^
The import org.python.pydev.parser.grammarcommon.WithNameInvalidException is never used
----------
102. WARNING in /Users/tcv/git/Pydev/plugins/org.python.pydev.parser/src/org/python/pydev/parser/grammar36/PythonGrammar36.java (at line 20)
	import org.python.pydev.parser.jython.TokenMgrError;
	       ^^^^^^^^^^^^^^^^^^^^^^^^^^^^^^^^^^^^^^^^^^^^
The import org.python.pydev.parser.jython.TokenMgrError is never used
----------
103. WARNING in /Users/tcv/git/Pydev/plugins/org.python.pydev.parser/src/org/python/pydev/parser/grammar36/PythonGrammar36.java (at line 22)
	import org.python.pydev.parser.jython.ast.ImportFrom;
	       ^^^^^^^^^^^^^^^^^^^^^^^^^^^^^^^^^^^^^^^^^^^^^
The import org.python.pydev.parser.jython.ast.ImportFrom is never used
----------
104. WARNING in /Users/tcv/git/Pydev/plugins/org.python.pydev.parser/src/org/python/pydev/parser/grammar36/PythonGrammar36.java (at line 291)
	throw new Error("Missing return statement in function");
	^^^^^^^^^^^^^^^^^^^^^^^^^^^^^^^^^^^^^^^^^^^^^^^^^^^^^^^^
Dead code
----------
105. WARNING in /Users/tcv/git/Pydev/plugins/org.python.pydev.parser/src/org/python/pydev/parser/grammar36/PythonGrammar36.java (at line 340)
	throw new Error("Missing return statement in function");
	^^^^^^^^^^^^^^^^^^^^^^^^^^^^^^^^^^^^^^^^^^^^^^^^^^^^^^^^
Dead code
----------
106. WARNING in /Users/tcv/git/Pydev/plugins/org.python.pydev.parser/src/org/python/pydev/parser/grammar36/PythonGrammar36.java (at line 1579)
	SimpleNode simpleNode;Token spStr;
	           ^^^^^^^^^^
The value of the local variable simpleNode is not used
----------
107. WARNING in /Users/tcv/git/Pydev/plugins/org.python.pydev.parser/src/org/python/pydev/parser/grammar36/PythonGrammar36.java (at line 2861)
	throw new Error("Missing return statement in function");
	^^^^^^^^^^^^^^^^^^^^^^^^^^^^^^^^^^^^^^^^^^^^^^^^^^^^^^^^
Dead code
----------
108. WARNING in /Users/tcv/git/Pydev/plugins/org.python.pydev.parser/src/org/python/pydev/parser/grammar36/PythonGrammar36.java (at line 3184)
	throw new Error("Missing return statement in function");
	^^^^^^^^^^^^^^^^^^^^^^^^^^^^^^^^^^^^^^^^^^^^^^^^^^^^^^^^
Dead code
----------
109. WARNING in /Users/tcv/git/Pydev/plugins/org.python.pydev.parser/src/org/python/pydev/parser/grammar36/PythonGrammar36.java (at line 3346)
	throw new Error("Missing return statement in function");
	^^^^^^^^^^^^^^^^^^^^^^^^^^^^^^^^^^^^^^^^^^^^^^^^^^^^^^^^
Dead code
----------
110. WARNING in /Users/tcv/git/Pydev/plugins/org.python.pydev.parser/src/org/python/pydev/parser/grammar36/PythonGrammar36.java (at line 3572)
	throw new Error("Missing return statement in function");
	^^^^^^^^^^^^^^^^^^^^^^^^^^^^^^^^^^^^^^^^^^^^^^^^^^^^^^^^
Dead code
----------
111. WARNING in /Users/tcv/git/Pydev/plugins/org.python.pydev.parser/src/org/python/pydev/parser/grammar36/PythonGrammar36.java (at line 3618)
	throw new Error("Missing return statement in function");
	^^^^^^^^^^^^^^^^^^^^^^^^^^^^^^^^^^^^^^^^^^^^^^^^^^^^^^^^
Dead code
----------
112. WARNING in /Users/tcv/git/Pydev/plugins/org.python.pydev.parser/src/org/python/pydev/parser/grammar36/PythonGrammar36.java (at line 4000)
	throw new Error("Missing return statement in function");
	^^^^^^^^^^^^^^^^^^^^^^^^^^^^^^^^^^^^^^^^^^^^^^^^^^^^^^^^
Dead code
----------
113. WARNING in /Users/tcv/git/Pydev/plugins/org.python.pydev.parser/src/org/python/pydev/parser/grammar36/PythonGrammar36.java (at line 8101)
	jjtreeOpenNodeScope(jjtn000);Token spStr;Token spStr2;
	                                   ^^^^^
The value of the local variable spStr is not used
----------
114. WARNING in /Users/tcv/git/Pydev/plugins/org.python.pydev.parser/src/org/python/pydev/parser/grammar36/PythonGrammar36.java (at line 8101)
	jjtreeOpenNodeScope(jjtn000);Token spStr;Token spStr2;
	                                               ^^^^^^
The value of the local variable spStr2 is not used
----------
115. WARNING in /Users/tcv/git/Pydev/plugins/org.python.pydev.parser/src/org/python/pydev/parser/grammar36/PythonGrammar36.java (at line 8505)
	throw new Error("Missing return statement in function");
	^^^^^^^^^^^^^^^^^^^^^^^^^^^^^^^^^^^^^^^^^^^^^^^^^^^^^^^^
Dead code
----------
116. WARNING in /Users/tcv/git/Pydev/plugins/org.python.pydev.parser/src/org/python/pydev/parser/grammar36/PythonGrammar36.java (at line 10847)
	static private final class LookaheadSuccess extends java.lang.Error { }
	                           ^^^^^^^^^^^^^^^^
The serializable class LookaheadSuccess does not declare a static final serialVersionUID field of type long
----------
----------
117. WARNING in /Users/tcv/git/Pydev/plugins/org.python.pydev.parser/src/org/python/pydev/parser/grammar38/PythonGrammar38.java (at line 4)
	import java.util.ArrayList;
	       ^^^^^^^^^^^^^^^^^^^
The import java.util.ArrayList is never used
----------
118. WARNING in /Users/tcv/git/Pydev/plugins/org.python.pydev.parser/src/org/python/pydev/parser/grammar38/PythonGrammar38.java (at line 9)
	import org.python.pydev.parser.grammarcommon.AbstractTokenManager;
	       ^^^^^^^^^^^^^^^^^^^^^^^^^^^^^^^^^^^^^^^^^^^^^^^^^^^^^^^^^^
The import org.python.pydev.parser.grammarcommon.AbstractTokenManager is never used
----------
119. WARNING in /Users/tcv/git/Pydev/plugins/org.python.pydev.parser/src/org/python/pydev/parser/grammar38/PythonGrammar38.java (at line 11)
	import org.python.pydev.parser.grammarcommon.IJJTPythonGrammarState;
	       ^^^^^^^^^^^^^^^^^^^^^^^^^^^^^^^^^^^^^^^^^^^^^^^^^^^^^^^^^^^^
The import org.python.pydev.parser.grammarcommon.IJJTPythonGrammarState is never used
----------
120. WARNING in /Users/tcv/git/Pydev/plugins/org.python.pydev.parser/src/org/python/pydev/parser/grammar38/PythonGrammar38.java (at line 13)
	import org.python.pydev.parser.grammarcommon.JJTPythonGrammarState;
	       ^^^^^^^^^^^^^^^^^^^^^^^^^^^^^^^^^^^^^^^^^^^^^^^^^^^^^^^^^^^
The import org.python.pydev.parser.grammarcommon.JJTPythonGrammarState is never used
----------
121. WARNING in /Users/tcv/git/Pydev/plugins/org.python.pydev.parser/src/org/python/pydev/parser/grammar38/PythonGrammar38.java (at line 15)
	import org.python.pydev.parser.grammarcommon.WithNameInvalidException;
	       ^^^^^^^^^^^^^^^^^^^^^^^^^^^^^^^^^^^^^^^^^^^^^^^^^^^^^^^^^^^^^^
The import org.python.pydev.parser.grammarcommon.WithNameInvalidException is never used
----------
122. WARNING in /Users/tcv/git/Pydev/plugins/org.python.pydev.parser/src/org/python/pydev/parser/grammar38/PythonGrammar38.java (at line 20)
	import org.python.pydev.parser.jython.TokenMgrError;
	       ^^^^^^^^^^^^^^^^^^^^^^^^^^^^^^^^^^^^^^^^^^^^
The import org.python.pydev.parser.jython.TokenMgrError is never used
----------
123. WARNING in /Users/tcv/git/Pydev/plugins/org.python.pydev.parser/src/org/python/pydev/parser/grammar38/PythonGrammar38.java (at line 22)
	import org.python.pydev.parser.jython.ast.ImportFrom;
	       ^^^^^^^^^^^^^^^^^^^^^^^^^^^^^^^^^^^^^^^^^^^^^
The import org.python.pydev.parser.jython.ast.ImportFrom is never used
----------
124. WARNING in /Users/tcv/git/Pydev/plugins/org.python.pydev.parser/src/org/python/pydev/parser/grammar38/PythonGrammar38.java (at line 291)
	throw new Error("Missing return statement in function");
	^^^^^^^^^^^^^^^^^^^^^^^^^^^^^^^^^^^^^^^^^^^^^^^^^^^^^^^^
Dead code
----------
125. WARNING in /Users/tcv/git/Pydev/plugins/org.python.pydev.parser/src/org/python/pydev/parser/grammar38/PythonGrammar38.java (at line 340)
	throw new Error("Missing return statement in function");
	^^^^^^^^^^^^^^^^^^^^^^^^^^^^^^^^^^^^^^^^^^^^^^^^^^^^^^^^
Dead code
----------
126. WARNING in /Users/tcv/git/Pydev/plugins/org.python.pydev.parser/src/org/python/pydev/parser/grammar38/PythonGrammar38.java (at line 1612)
	SimpleNode simpleNode;Token spStr;
	           ^^^^^^^^^^
The value of the local variable simpleNode is not used
----------
127. WARNING in /Users/tcv/git/Pydev/plugins/org.python.pydev.parser/src/org/python/pydev/parser/grammar38/PythonGrammar38.java (at line 2941)
	throw new Error("Missing return statement in function");
	^^^^^^^^^^^^^^^^^^^^^^^^^^^^^^^^^^^^^^^^^^^^^^^^^^^^^^^^
Dead code
----------
128. WARNING in /Users/tcv/git/Pydev/plugins/org.python.pydev.parser/src/org/python/pydev/parser/grammar38/PythonGrammar38.java (at line 3269)
	throw new Error("Missing return statement in function");
	^^^^^^^^^^^^^^^^^^^^^^^^^^^^^^^^^^^^^^^^^^^^^^^^^^^^^^^^
Dead code
----------
129. WARNING in /Users/tcv/git/Pydev/plugins/org.python.pydev.parser/src/org/python/pydev/parser/grammar38/PythonGrammar38.java (at line 3431)
	throw new Error("Missing return statement in function");
	^^^^^^^^^^^^^^^^^^^^^^^^^^^^^^^^^^^^^^^^^^^^^^^^^^^^^^^^
Dead code
----------
130. WARNING in /Users/tcv/git/Pydev/plugins/org.python.pydev.parser/src/org/python/pydev/parser/grammar38/PythonGrammar38.java (at line 3657)
	throw new Error("Missing return statement in function");
	^^^^^^^^^^^^^^^^^^^^^^^^^^^^^^^^^^^^^^^^^^^^^^^^^^^^^^^^
Dead code
----------
131. WARNING in /Users/tcv/git/Pydev/plugins/org.python.pydev.parser/src/org/python/pydev/parser/grammar38/PythonGrammar38.java (at line 3703)
	throw new Error("Missing return statement in function");
	^^^^^^^^^^^^^^^^^^^^^^^^^^^^^^^^^^^^^^^^^^^^^^^^^^^^^^^^
Dead code
----------
132. WARNING in /Users/tcv/git/Pydev/plugins/org.python.pydev.parser/src/org/python/pydev/parser/grammar38/PythonGrammar38.java (at line 4125)
	throw new Error("Missing return statement in function");
	^^^^^^^^^^^^^^^^^^^^^^^^^^^^^^^^^^^^^^^^^^^^^^^^^^^^^^^^
Dead code
----------
133. WARNING in /Users/tcv/git/Pydev/plugins/org.python.pydev.parser/src/org/python/pydev/parser/grammar38/PythonGrammar38.java (at line 8226)
	jjtreeOpenNodeScope(jjtn000);Token spStr;Token spStr2;
	                                   ^^^^^
The value of the local variable spStr is not used
----------
134. WARNING in /Users/tcv/git/Pydev/plugins/org.python.pydev.parser/src/org/python/pydev/parser/grammar38/PythonGrammar38.java (at line 8226)
	jjtreeOpenNodeScope(jjtn000);Token spStr;Token spStr2;
	                                               ^^^^^^
The value of the local variable spStr2 is not used
----------
135. WARNING in /Users/tcv/git/Pydev/plugins/org.python.pydev.parser/src/org/python/pydev/parser/grammar38/PythonGrammar38.java (at line 8639)
	throw new Error("Missing return statement in function");
	^^^^^^^^^^^^^^^^^^^^^^^^^^^^^^^^^^^^^^^^^^^^^^^^^^^^^^^^
Dead code
----------
136. WARNING in /Users/tcv/git/Pydev/plugins/org.python.pydev.parser/src/org/python/pydev/parser/grammar38/PythonGrammar38.java (at line 11014)
	static private final class LookaheadSuccess extends java.lang.Error { }
	                           ^^^^^^^^^^^^^^^^
The serializable class LookaheadSuccess does not declare a static final serialVersionUID field of type long
----------
----------
137. WARNING in /Users/tcv/git/Pydev/plugins/org.python.pydev.parser/src/org/python/pydev/parser/grammar_fstrings/FStringsGrammar.java (at line 5)
	import org.python.pydev.shared_core.string.FastStringBuffer;
	       ^^^^^^^^^^^^^^^^^^^^^^^^^^^^^^^^^^^^^^^^^^^^^^^^^^^^
The import org.python.pydev.shared_core.string.FastStringBuffer is never used
----------
138. WARNING in /Users/tcv/git/Pydev/plugins/org.python.pydev.parser/src/org/python/pydev/parser/grammar_fstrings/FStringsGrammar.java (at line 9)
	import org.python.pydev.parser.fastparser.grammar_fstrings_common.AbstractFStringsTokenManager;
	       ^^^^^^^^^^^^^^^^^^^^^^^^^^^^^^^^^^^^^^^^^^^^^^^^^^^^^^^^^^^^^^^^^^^^^^^^^^^^^^^^^^^^^^^
The import org.python.pydev.parser.fastparser.grammar_fstrings_common.AbstractFStringsTokenManager is never used
----------
139. WARNING in /Users/tcv/git/Pydev/plugins/org.python.pydev.parser/src/org/python/pydev/parser/grammar_fstrings/FStringsGrammar.java (at line 11)
	import org.python.pydev.parser.fastparser.grammar_fstrings_common.Node;
	       ^^^^^^^^^^^^^^^^^^^^^^^^^^^^^^^^^^^^^^^^^^^^^^^^^^^^^^^^^^^^^^^
The import org.python.pydev.parser.fastparser.grammar_fstrings_common.Node is never used
----------
140. WARNING in /Users/tcv/git/Pydev/plugins/org.python.pydev.parser/src/org/python/pydev/parser/grammar_fstrings/FStringsGrammar.java (at line 125)
	throw new Error("Missing return statement in function");
	^^^^^^^^^^^^^^^^^^^^^^^^^^^^^^^^^^^^^^^^^^^^^^^^^^^^^^^^
Dead code
----------
141. WARNING in /Users/tcv/git/Pydev/plugins/org.python.pydev.parser/src/org/python/pydev/parser/grammar_fstrings/FStringsGrammar.java (at line 133)
	jjtreeOpenNodeScope(jjtn000);Token start, end, bStart;boolean empty=true;SimpleNode bText;
	                                                                                    ^^^^^
The value of the local variable bText is not used
----------
142. WARNING in /Users/tcv/git/Pydev/plugins/org.python.pydev.parser/src/org/python/pydev/parser/grammar_fstrings/FStringsGrammar.java (at line 245)
	jjtreeOpenNodeScope(jjtn000);Token start, end, bStart;boolean empty=true;SimpleNode bText; Token t;
	                                                                                    ^^^^^
The value of the local variable bText is not used
----------
143. WARNING in /Users/tcv/git/Pydev/plugins/org.python.pydev.parser/src/org/python/pydev/parser/grammar_fstrings/FStringsGrammar.java (at line 454)
	throw new Error("Missing return statement in function");
	^^^^^^^^^^^^^^^^^^^^^^^^^^^^^^^^^^^^^^^^^^^^^^^^^^^^^^^^
Dead code
----------
144. WARNING in /Users/tcv/git/Pydev/plugins/org.python.pydev.parser/src/org/python/pydev/parser/grammar_fstrings/FStringsGrammar.java (at line 581)
	throw new Error("Missing return statement in function");
	^^^^^^^^^^^^^^^^^^^^^^^^^^^^^^^^^^^^^^^^^^^^^^^^^^^^^^^^
Dead code
----------
145. WARNING in /Users/tcv/git/Pydev/plugins/org.python.pydev.parser/src/org/python/pydev/parser/grammar_fstrings/FStringsGrammar.java (at line 750)
	throw new Error("Missing return statement in function");
	^^^^^^^^^^^^^^^^^^^^^^^^^^^^^^^^^^^^^^^^^^^^^^^^^^^^^^^^
Dead code
----------
----------
146. WARNING in /Users/tcv/git/Pydev/plugins/org.python.pydev.parser/src/org/python/pydev/parser/grammarcommon/EmptySuiteException.java (at line 9)
	public class EmptySuiteException extends RuntimeException {
	             ^^^^^^^^^^^^^^^^^^^
The serializable class EmptySuiteException does not declare a static final serialVersionUID field of type long
----------
----------
147. WARNING in /Users/tcv/git/Pydev/plugins/org.python.pydev.parser/src/org/python/pydev/parser/grammarcommon/WithNameInvalidException.java (at line 9)
	public class WithNameInvalidException extends RuntimeException {
	             ^^^^^^^^^^^^^^^^^^^^^^^^
The serializable class WithNameInvalidException does not declare a static final serialVersionUID field of type long
----------
----------
148. WARNING in /Users/tcv/git/Pydev/plugins/org.python.pydev.parser/src/org/python/pydev/parser/jython/ParseException.java (at line 19)
	public class ParseException extends Exception {
	             ^^^^^^^^^^^^^^
The serializable class ParseException does not declare a static final serialVersionUID field of type long
----------
----------
149. WARNING in /Users/tcv/git/Pydev/plugins/org.python.pydev.parser/src/org/python/pydev/parser/jython/TokenMgrError.java (at line 14)
	public class TokenMgrError extends Error {
	             ^^^^^^^^^^^^^
The serializable class TokenMgrError does not declare a static final serialVersionUID field of type long
----------
----------
150. WARNING in /Users/tcv/git/Pydev/plugins/org.python.pydev.parser/src/org/python/pydev/parser/jython/ast/Assert.java (at line 4)
	import org.python.pydev.parser.jython.SimpleNode;
	       ^^^^^^^^^^^^^^^^^^^^^^^^^^^^^^^^^^^^^^^^^
The import org.python.pydev.parser.jython.SimpleNode is never used
----------
151. WARNING in /Users/tcv/git/Pydev/plugins/org.python.pydev.parser/src/org/python/pydev/parser/jython/ast/Assert.java (at line 5)
	import java.util.Arrays;
	       ^^^^^^^^^^^^^^^^
The import java.util.Arrays is never used
----------
----------
152. WARNING in /Users/tcv/git/Pydev/plugins/org.python.pydev.parser/src/org/python/pydev/parser/jython/ast/Assign.java (at line 4)
	import org.python.pydev.parser.jython.SimpleNode;
	       ^^^^^^^^^^^^^^^^^^^^^^^^^^^^^^^^^^^^^^^^^
The import org.python.pydev.parser.jython.SimpleNode is never used
----------
----------
153. WARNING in /Users/tcv/git/Pydev/plugins/org.python.pydev.parser/src/org/python/pydev/parser/jython/ast/Attribute.java (at line 4)
	import org.python.pydev.parser.jython.SimpleNode;
	       ^^^^^^^^^^^^^^^^^^^^^^^^^^^^^^^^^^^^^^^^^
The import org.python.pydev.parser.jython.SimpleNode is never used
----------
154. WARNING in /Users/tcv/git/Pydev/plugins/org.python.pydev.parser/src/org/python/pydev/parser/jython/ast/Attribute.java (at line 5)
	import java.util.Arrays;
	       ^^^^^^^^^^^^^^^^
The import java.util.Arrays is never used
----------
----------
155. WARNING in /Users/tcv/git/Pydev/plugins/org.python.pydev.parser/src/org/python/pydev/parser/jython/ast/AugAssign.java (at line 4)
	import org.python.pydev.parser.jython.SimpleNode;
	       ^^^^^^^^^^^^^^^^^^^^^^^^^^^^^^^^^^^^^^^^^
The import org.python.pydev.parser.jython.SimpleNode is never used
----------
156. WARNING in /Users/tcv/git/Pydev/plugins/org.python.pydev.parser/src/org/python/pydev/parser/jython/ast/AugAssign.java (at line 5)
	import java.util.Arrays;
	       ^^^^^^^^^^^^^^^^
The import java.util.Arrays is never used
----------
----------
157. WARNING in /Users/tcv/git/Pydev/plugins/org.python.pydev.parser/src/org/python/pydev/parser/jython/ast/Await.java (at line 4)
	import org.python.pydev.parser.jython.SimpleNode;
	       ^^^^^^^^^^^^^^^^^^^^^^^^^^^^^^^^^^^^^^^^^
The import org.python.pydev.parser.jython.SimpleNode is never used
----------
158. WARNING in /Users/tcv/git/Pydev/plugins/org.python.pydev.parser/src/org/python/pydev/parser/jython/ast/Await.java (at line 5)
	import java.util.Arrays;
	       ^^^^^^^^^^^^^^^^
The import java.util.Arrays is never used
----------
----------
159. WARNING in /Users/tcv/git/Pydev/plugins/org.python.pydev.parser/src/org/python/pydev/parser/jython/ast/BinOp.java (at line 4)
	import org.python.pydev.parser.jython.SimpleNode;
	       ^^^^^^^^^^^^^^^^^^^^^^^^^^^^^^^^^^^^^^^^^
The import org.python.pydev.parser.jython.SimpleNode is never used
----------
160. WARNING in /Users/tcv/git/Pydev/plugins/org.python.pydev.parser/src/org/python/pydev/parser/jython/ast/BinOp.java (at line 5)
	import java.util.Arrays;
	       ^^^^^^^^^^^^^^^^
The import java.util.Arrays is never used
----------
----------
161. WARNING in /Users/tcv/git/Pydev/plugins/org.python.pydev.parser/src/org/python/pydev/parser/jython/ast/BoolOp.java (at line 4)
	import org.python.pydev.parser.jython.SimpleNode;
	       ^^^^^^^^^^^^^^^^^^^^^^^^^^^^^^^^^^^^^^^^^
The import org.python.pydev.parser.jython.SimpleNode is never used
----------
----------
162. WARNING in /Users/tcv/git/Pydev/plugins/org.python.pydev.parser/src/org/python/pydev/parser/jython/ast/Break.java (at line 4)
	import org.python.pydev.parser.jython.SimpleNode;
	       ^^^^^^^^^^^^^^^^^^^^^^^^^^^^^^^^^^^^^^^^^
The import org.python.pydev.parser.jython.SimpleNode is never used
----------
163. WARNING in /Users/tcv/git/Pydev/plugins/org.python.pydev.parser/src/org/python/pydev/parser/jython/ast/Break.java (at line 5)
	import java.util.Arrays;
	       ^^^^^^^^^^^^^^^^
The import java.util.Arrays is never used
----------
164. WARNING in /Users/tcv/git/Pydev/plugins/org.python.pydev.parser/src/org/python/pydev/parser/jython/ast/Break.java (at line 14)
	final int prime = 31;
	          ^^^^^
The value of the local variable prime is not used
----------
165. WARNING in /Users/tcv/git/Pydev/plugins/org.python.pydev.parser/src/org/python/pydev/parser/jython/ast/Break.java (at line 24)
	Break other = (Break) obj;
	      ^^^^^
The value of the local variable other is not used
----------
----------
166. WARNING in /Users/tcv/git/Pydev/plugins/org.python.pydev.parser/src/org/python/pydev/parser/jython/ast/Call.java (at line 4)
	import org.python.pydev.parser.jython.SimpleNode;
	       ^^^^^^^^^^^^^^^^^^^^^^^^^^^^^^^^^^^^^^^^^
The import org.python.pydev.parser.jython.SimpleNode is never used
----------
----------
167. WARNING in /Users/tcv/git/Pydev/plugins/org.python.pydev.parser/src/org/python/pydev/parser/jython/ast/ClassDef.java (at line 4)
	import org.python.pydev.parser.jython.SimpleNode;
	       ^^^^^^^^^^^^^^^^^^^^^^^^^^^^^^^^^^^^^^^^^
The import org.python.pydev.parser.jython.SimpleNode is never used
----------
----------
168. WARNING in /Users/tcv/git/Pydev/plugins/org.python.pydev.parser/src/org/python/pydev/parser/jython/ast/Compare.java (at line 4)
	import org.python.pydev.parser.jython.SimpleNode;
	       ^^^^^^^^^^^^^^^^^^^^^^^^^^^^^^^^^^^^^^^^^
The import org.python.pydev.parser.jython.SimpleNode is never used
----------
----------
169. WARNING in /Users/tcv/git/Pydev/plugins/org.python.pydev.parser/src/org/python/pydev/parser/jython/ast/Comprehension.java (at line 4)
	import org.python.pydev.parser.jython.SimpleNode;
	       ^^^^^^^^^^^^^^^^^^^^^^^^^^^^^^^^^^^^^^^^^
The import org.python.pydev.parser.jython.SimpleNode is never used
----------
----------
170. WARNING in /Users/tcv/git/Pydev/plugins/org.python.pydev.parser/src/org/python/pydev/parser/jython/ast/Continue.java (at line 4)
	import org.python.pydev.parser.jython.SimpleNode;
	       ^^^^^^^^^^^^^^^^^^^^^^^^^^^^^^^^^^^^^^^^^
The import org.python.pydev.parser.jython.SimpleNode is never used
----------
171. WARNING in /Users/tcv/git/Pydev/plugins/org.python.pydev.parser/src/org/python/pydev/parser/jython/ast/Continue.java (at line 5)
	import java.util.Arrays;
	       ^^^^^^^^^^^^^^^^
The import java.util.Arrays is never used
----------
172. WARNING in /Users/tcv/git/Pydev/plugins/org.python.pydev.parser/src/org/python/pydev/parser/jython/ast/Continue.java (at line 14)
	final int prime = 31;
	          ^^^^^
The value of the local variable prime is not used
----------
173. WARNING in /Users/tcv/git/Pydev/plugins/org.python.pydev.parser/src/org/python/pydev/parser/jython/ast/Continue.java (at line 24)
	Continue other = (Continue) obj;
	         ^^^^^
The value of the local variable other is not used
----------
----------
174. WARNING in /Users/tcv/git/Pydev/plugins/org.python.pydev.parser/src/org/python/pydev/parser/jython/ast/Delete.java (at line 4)
	import org.python.pydev.parser.jython.SimpleNode;
	       ^^^^^^^^^^^^^^^^^^^^^^^^^^^^^^^^^^^^^^^^^
The import org.python.pydev.parser.jython.SimpleNode is never used
----------
----------
175. WARNING in /Users/tcv/git/Pydev/plugins/org.python.pydev.parser/src/org/python/pydev/parser/jython/ast/Dict.java (at line 4)
	import org.python.pydev.parser.jython.SimpleNode;
	       ^^^^^^^^^^^^^^^^^^^^^^^^^^^^^^^^^^^^^^^^^
The import org.python.pydev.parser.jython.SimpleNode is never used
----------
----------
176. WARNING in /Users/tcv/git/Pydev/plugins/org.python.pydev.parser/src/org/python/pydev/parser/jython/ast/DictComp.java (at line 4)
	import org.python.pydev.parser.jython.SimpleNode;
	       ^^^^^^^^^^^^^^^^^^^^^^^^^^^^^^^^^^^^^^^^^
The import org.python.pydev.parser.jython.SimpleNode is never used
----------
----------
177. WARNING in /Users/tcv/git/Pydev/plugins/org.python.pydev.parser/src/org/python/pydev/parser/jython/ast/Ellipsis.java (at line 4)
	import org.python.pydev.parser.jython.SimpleNode;
	       ^^^^^^^^^^^^^^^^^^^^^^^^^^^^^^^^^^^^^^^^^
The import org.python.pydev.parser.jython.SimpleNode is never used
----------
178. WARNING in /Users/tcv/git/Pydev/plugins/org.python.pydev.parser/src/org/python/pydev/parser/jython/ast/Ellipsis.java (at line 5)
	import java.util.Arrays;
	       ^^^^^^^^^^^^^^^^
The import java.util.Arrays is never used
----------
179. WARNING in /Users/tcv/git/Pydev/plugins/org.python.pydev.parser/src/org/python/pydev/parser/jython/ast/Ellipsis.java (at line 14)
	final int prime = 31;
	          ^^^^^
The value of the local variable prime is not used
----------
180. WARNING in /Users/tcv/git/Pydev/plugins/org.python.pydev.parser/src/org/python/pydev/parser/jython/ast/Ellipsis.java (at line 24)
	Ellipsis other = (Ellipsis) obj;
	         ^^^^^
The value of the local variable other is not used
----------
----------
181. WARNING in /Users/tcv/git/Pydev/plugins/org.python.pydev.parser/src/org/python/pydev/parser/jython/ast/Exec.java (at line 4)
	import org.python.pydev.parser.jython.SimpleNode;
	       ^^^^^^^^^^^^^^^^^^^^^^^^^^^^^^^^^^^^^^^^^
The import org.python.pydev.parser.jython.SimpleNode is never used
----------
182. WARNING in /Users/tcv/git/Pydev/plugins/org.python.pydev.parser/src/org/python/pydev/parser/jython/ast/Exec.java (at line 5)
	import java.util.Arrays;
	       ^^^^^^^^^^^^^^^^
The import java.util.Arrays is never used
----------
----------
183. WARNING in /Users/tcv/git/Pydev/plugins/org.python.pydev.parser/src/org/python/pydev/parser/jython/ast/Expr.java (at line 4)
	import org.python.pydev.parser.jython.SimpleNode;
	       ^^^^^^^^^^^^^^^^^^^^^^^^^^^^^^^^^^^^^^^^^
The import org.python.pydev.parser.jython.SimpleNode is never used
----------
184. WARNING in /Users/tcv/git/Pydev/plugins/org.python.pydev.parser/src/org/python/pydev/parser/jython/ast/Expr.java (at line 5)
	import java.util.Arrays;
	       ^^^^^^^^^^^^^^^^
The import java.util.Arrays is never used
----------
----------
185. WARNING in /Users/tcv/git/Pydev/plugins/org.python.pydev.parser/src/org/python/pydev/parser/jython/ast/Expression.java (at line 4)
	import org.python.pydev.parser.jython.SimpleNode;
	       ^^^^^^^^^^^^^^^^^^^^^^^^^^^^^^^^^^^^^^^^^
The import org.python.pydev.parser.jython.SimpleNode is never used
----------
186. WARNING in /Users/tcv/git/Pydev/plugins/org.python.pydev.parser/src/org/python/pydev/parser/jython/ast/Expression.java (at line 5)
	import java.util.Arrays;
	       ^^^^^^^^^^^^^^^^
The import java.util.Arrays is never used
----------
----------
187. WARNING in /Users/tcv/git/Pydev/plugins/org.python.pydev.parser/src/org/python/pydev/parser/jython/ast/ExtSlice.java (at line 4)
	import org.python.pydev.parser.jython.SimpleNode;
	       ^^^^^^^^^^^^^^^^^^^^^^^^^^^^^^^^^^^^^^^^^
The import org.python.pydev.parser.jython.SimpleNode is never used
----------
----------
188. WARNING in /Users/tcv/git/Pydev/plugins/org.python.pydev.parser/src/org/python/pydev/parser/jython/ast/For.java (at line 4)
	import org.python.pydev.parser.jython.SimpleNode;
	       ^^^^^^^^^^^^^^^^^^^^^^^^^^^^^^^^^^^^^^^^^
The import org.python.pydev.parser.jython.SimpleNode is never used
----------
----------
189. WARNING in /Users/tcv/git/Pydev/plugins/org.python.pydev.parser/src/org/python/pydev/parser/jython/ast/FunctionDef.java (at line 4)
	import org.python.pydev.parser.jython.SimpleNode;
	       ^^^^^^^^^^^^^^^^^^^^^^^^^^^^^^^^^^^^^^^^^
The import org.python.pydev.parser.jython.SimpleNode is never used
----------
----------
190. WARNING in /Users/tcv/git/Pydev/plugins/org.python.pydev.parser/src/org/python/pydev/parser/jython/ast/GeneratorExp.java (at line 4)
	import org.python.pydev.parser.jython.SimpleNode;
	       ^^^^^^^^^^^^^^^^^^^^^^^^^^^^^^^^^^^^^^^^^
The import org.python.pydev.parser.jython.SimpleNode is never used
----------
----------
191. WARNING in /Users/tcv/git/Pydev/plugins/org.python.pydev.parser/src/org/python/pydev/parser/jython/ast/Global.java (at line 4)
	import org.python.pydev.parser.jython.SimpleNode;
	       ^^^^^^^^^^^^^^^^^^^^^^^^^^^^^^^^^^^^^^^^^
The import org.python.pydev.parser.jython.SimpleNode is never used
----------
----------
192. WARNING in /Users/tcv/git/Pydev/plugins/org.python.pydev.parser/src/org/python/pydev/parser/jython/ast/If.java (at line 4)
	import org.python.pydev.parser.jython.SimpleNode;
	       ^^^^^^^^^^^^^^^^^^^^^^^^^^^^^^^^^^^^^^^^^
The import org.python.pydev.parser.jython.SimpleNode is never used
----------
----------
193. WARNING in /Users/tcv/git/Pydev/plugins/org.python.pydev.parser/src/org/python/pydev/parser/jython/ast/IfExp.java (at line 4)
	import org.python.pydev.parser.jython.SimpleNode;
	       ^^^^^^^^^^^^^^^^^^^^^^^^^^^^^^^^^^^^^^^^^
The import org.python.pydev.parser.jython.SimpleNode is never used
----------
194. WARNING in /Users/tcv/git/Pydev/plugins/org.python.pydev.parser/src/org/python/pydev/parser/jython/ast/IfExp.java (at line 5)
	import java.util.Arrays;
	       ^^^^^^^^^^^^^^^^
The import java.util.Arrays is never used
----------
----------
195. WARNING in /Users/tcv/git/Pydev/plugins/org.python.pydev.parser/src/org/python/pydev/parser/jython/ast/Import.java (at line 4)
	import org.python.pydev.parser.jython.SimpleNode;
	       ^^^^^^^^^^^^^^^^^^^^^^^^^^^^^^^^^^^^^^^^^
The import org.python.pydev.parser.jython.SimpleNode is never used
----------
----------
196. WARNING in /Users/tcv/git/Pydev/plugins/org.python.pydev.parser/src/org/python/pydev/parser/jython/ast/ImportFrom.java (at line 4)
	import org.python.pydev.parser.jython.SimpleNode;
	       ^^^^^^^^^^^^^^^^^^^^^^^^^^^^^^^^^^^^^^^^^
The import org.python.pydev.parser.jython.SimpleNode is never used
----------
----------
197. WARNING in /Users/tcv/git/Pydev/plugins/org.python.pydev.parser/src/org/python/pydev/parser/jython/ast/Index.java (at line 4)
	import org.python.pydev.parser.jython.SimpleNode;
	       ^^^^^^^^^^^^^^^^^^^^^^^^^^^^^^^^^^^^^^^^^
The import org.python.pydev.parser.jython.SimpleNode is never used
----------
198. WARNING in /Users/tcv/git/Pydev/plugins/org.python.pydev.parser/src/org/python/pydev/parser/jython/ast/Index.java (at line 5)
	import java.util.Arrays;
	       ^^^^^^^^^^^^^^^^
The import java.util.Arrays is never used
----------
----------
199. WARNING in /Users/tcv/git/Pydev/plugins/org.python.pydev.parser/src/org/python/pydev/parser/jython/ast/Interactive.java (at line 4)
	import org.python.pydev.parser.jython.SimpleNode;
	       ^^^^^^^^^^^^^^^^^^^^^^^^^^^^^^^^^^^^^^^^^
The import org.python.pydev.parser.jython.SimpleNode is never used
----------
----------
200. WARNING in /Users/tcv/git/Pydev/plugins/org.python.pydev.parser/src/org/python/pydev/parser/jython/ast/Lambda.java (at line 4)
	import org.python.pydev.parser.jython.SimpleNode;
	       ^^^^^^^^^^^^^^^^^^^^^^^^^^^^^^^^^^^^^^^^^
The import org.python.pydev.parser.jython.SimpleNode is never used
----------
201. WARNING in /Users/tcv/git/Pydev/plugins/org.python.pydev.parser/src/org/python/pydev/parser/jython/ast/Lambda.java (at line 5)
	import java.util.Arrays;
	       ^^^^^^^^^^^^^^^^
The import java.util.Arrays is never used
----------
----------
202. WARNING in /Users/tcv/git/Pydev/plugins/org.python.pydev.parser/src/org/python/pydev/parser/jython/ast/List.java (at line 4)
	import org.python.pydev.parser.jython.SimpleNode;
	       ^^^^^^^^^^^^^^^^^^^^^^^^^^^^^^^^^^^^^^^^^
The import org.python.pydev.parser.jython.SimpleNode is never used
----------
----------
203. WARNING in /Users/tcv/git/Pydev/plugins/org.python.pydev.parser/src/org/python/pydev/parser/jython/ast/ListComp.java (at line 4)
	import org.python.pydev.parser.jython.SimpleNode;
	       ^^^^^^^^^^^^^^^^^^^^^^^^^^^^^^^^^^^^^^^^^
The import org.python.pydev.parser.jython.SimpleNode is never used
----------
----------
204. WARNING in /Users/tcv/git/Pydev/plugins/org.python.pydev.parser/src/org/python/pydev/parser/jython/ast/Match.java (at line 4)
	import org.python.pydev.parser.jython.SimpleNode;
	       ^^^^^^^^^^^^^^^^^^^^^^^^^^^^^^^^^^^^^^^^^
The import org.python.pydev.parser.jython.SimpleNode is never used
----------
----------
205. WARNING in /Users/tcv/git/Pydev/plugins/org.python.pydev.parser/src/org/python/pydev/parser/jython/ast/MatchAs.java (at line 4)
	import org.python.pydev.parser.jython.SimpleNode;
	       ^^^^^^^^^^^^^^^^^^^^^^^^^^^^^^^^^^^^^^^^^
The import org.python.pydev.parser.jython.SimpleNode is never used
----------
206. WARNING in /Users/tcv/git/Pydev/plugins/org.python.pydev.parser/src/org/python/pydev/parser/jython/ast/MatchAs.java (at line 5)
	import java.util.Arrays;
	       ^^^^^^^^^^^^^^^^
The import java.util.Arrays is never used
----------
----------
207. WARNING in /Users/tcv/git/Pydev/plugins/org.python.pydev.parser/src/org/python/pydev/parser/jython/ast/MatchClass.java (at line 4)
	import org.python.pydev.parser.jython.SimpleNode;
	       ^^^^^^^^^^^^^^^^^^^^^^^^^^^^^^^^^^^^^^^^^
The import org.python.pydev.parser.jython.SimpleNode is never used
----------
----------
208. WARNING in /Users/tcv/git/Pydev/plugins/org.python.pydev.parser/src/org/python/pydev/parser/jython/ast/MatchKeyword.java (at line 4)
	import org.python.pydev.parser.jython.SimpleNode;
	       ^^^^^^^^^^^^^^^^^^^^^^^^^^^^^^^^^^^^^^^^^
The import org.python.pydev.parser.jython.SimpleNode is never used
----------
209. WARNING in /Users/tcv/git/Pydev/plugins/org.python.pydev.parser/src/org/python/pydev/parser/jython/ast/MatchKeyword.java (at line 5)
	import java.util.Arrays;
	       ^^^^^^^^^^^^^^^^
The import java.util.Arrays is never used
----------
----------
210. WARNING in /Users/tcv/git/Pydev/plugins/org.python.pydev.parser/src/org/python/pydev/parser/jython/ast/MatchMapping.java (at line 4)
	import org.python.pydev.parser.jython.SimpleNode;
	       ^^^^^^^^^^^^^^^^^^^^^^^^^^^^^^^^^^^^^^^^^
The import org.python.pydev.parser.jython.SimpleNode is never used
----------
----------
211. WARNING in /Users/tcv/git/Pydev/plugins/org.python.pydev.parser/src/org/python/pydev/parser/jython/ast/MatchOr.java (at line 4)
	import org.python.pydev.parser.jython.SimpleNode;
	       ^^^^^^^^^^^^^^^^^^^^^^^^^^^^^^^^^^^^^^^^^
The import org.python.pydev.parser.jython.SimpleNode is never used
----------
----------
212. WARNING in /Users/tcv/git/Pydev/plugins/org.python.pydev.parser/src/org/python/pydev/parser/jython/ast/MatchSequence.java (at line 4)
	import org.python.pydev.parser.jython.SimpleNode;
	       ^^^^^^^^^^^^^^^^^^^^^^^^^^^^^^^^^^^^^^^^^
The import org.python.pydev.parser.jython.SimpleNode is never used
----------
----------
213. WARNING in /Users/tcv/git/Pydev/plugins/org.python.pydev.parser/src/org/python/pydev/parser/jython/ast/MatchValue.java (at line 4)
	import org.python.pydev.parser.jython.SimpleNode;
	       ^^^^^^^^^^^^^^^^^^^^^^^^^^^^^^^^^^^^^^^^^
The import org.python.pydev.parser.jython.SimpleNode is never used
----------
214. WARNING in /Users/tcv/git/Pydev/plugins/org.python.pydev.parser/src/org/python/pydev/parser/jython/ast/MatchValue.java (at line 5)
	import java.util.Arrays;
	       ^^^^^^^^^^^^^^^^
The import java.util.Arrays is never used
----------
----------
215. WARNING in /Users/tcv/git/Pydev/plugins/org.python.pydev.parser/src/org/python/pydev/parser/jython/ast/Module.java (at line 4)
	import org.python.pydev.parser.jython.SimpleNode;
	       ^^^^^^^^^^^^^^^^^^^^^^^^^^^^^^^^^^^^^^^^^
The import org.python.pydev.parser.jython.SimpleNode is never used
----------
----------
216. WARNING in /Users/tcv/git/Pydev/plugins/org.python.pydev.parser/src/org/python/pydev/parser/jython/ast/Name.java (at line 4)
	import org.python.pydev.parser.jython.SimpleNode;
	       ^^^^^^^^^^^^^^^^^^^^^^^^^^^^^^^^^^^^^^^^^
The import org.python.pydev.parser.jython.SimpleNode is never used
----------
217. WARNING in /Users/tcv/git/Pydev/plugins/org.python.pydev.parser/src/org/python/pydev/parser/jython/ast/Name.java (at line 5)
	import java.util.Arrays;
	       ^^^^^^^^^^^^^^^^
The import java.util.Arrays is never used
----------
----------
218. WARNING in /Users/tcv/git/Pydev/plugins/org.python.pydev.parser/src/org/python/pydev/parser/jython/ast/NameTok.java (at line 4)
	import org.python.pydev.parser.jython.SimpleNode;
	       ^^^^^^^^^^^^^^^^^^^^^^^^^^^^^^^^^^^^^^^^^
The import org.python.pydev.parser.jython.SimpleNode is never used
----------
219. WARNING in /Users/tcv/git/Pydev/plugins/org.python.pydev.parser/src/org/python/pydev/parser/jython/ast/NameTok.java (at line 5)
	import java.util.Arrays;
	       ^^^^^^^^^^^^^^^^
The import java.util.Arrays is never used
----------
----------
220. WARNING in /Users/tcv/git/Pydev/plugins/org.python.pydev.parser/src/org/python/pydev/parser/jython/ast/NameTokType.java (at line 5)
	import java.util.Arrays;
	       ^^^^^^^^^^^^^^^^
The import java.util.Arrays is never used
----------
----------
221. WARNING in /Users/tcv/git/Pydev/plugins/org.python.pydev.parser/src/org/python/pydev/parser/jython/ast/NamedExpr.java (at line 4)
	import org.python.pydev.parser.jython.SimpleNode;
	       ^^^^^^^^^^^^^^^^^^^^^^^^^^^^^^^^^^^^^^^^^
The import org.python.pydev.parser.jython.SimpleNode is never used
----------
222. WARNING in /Users/tcv/git/Pydev/plugins/org.python.pydev.parser/src/org/python/pydev/parser/jython/ast/NamedExpr.java (at line 5)
	import java.util.Arrays;
	       ^^^^^^^^^^^^^^^^
The import java.util.Arrays is never used
----------
----------
223. WARNING in /Users/tcv/git/Pydev/plugins/org.python.pydev.parser/src/org/python/pydev/parser/jython/ast/NonLocal.java (at line 4)
	import org.python.pydev.parser.jython.SimpleNode;
	       ^^^^^^^^^^^^^^^^^^^^^^^^^^^^^^^^^^^^^^^^^
The import org.python.pydev.parser.jython.SimpleNode is never used
----------
----------
224. WARNING in /Users/tcv/git/Pydev/plugins/org.python.pydev.parser/src/org/python/pydev/parser/jython/ast/Num.java (at line 4)
	import org.python.pydev.parser.jython.SimpleNode;
	       ^^^^^^^^^^^^^^^^^^^^^^^^^^^^^^^^^^^^^^^^^
The import org.python.pydev.parser.jython.SimpleNode is never used
----------
225. WARNING in /Users/tcv/git/Pydev/plugins/org.python.pydev.parser/src/org/python/pydev/parser/jython/ast/Num.java (at line 5)
	import java.util.Arrays;
	       ^^^^^^^^^^^^^^^^
The import java.util.Arrays is never used
----------
----------
226. WARNING in /Users/tcv/git/Pydev/plugins/org.python.pydev.parser/src/org/python/pydev/parser/jython/ast/Pass.java (at line 4)
	import org.python.pydev.parser.jython.SimpleNode;
	       ^^^^^^^^^^^^^^^^^^^^^^^^^^^^^^^^^^^^^^^^^
The import org.python.pydev.parser.jython.SimpleNode is never used
----------
227. WARNING in /Users/tcv/git/Pydev/plugins/org.python.pydev.parser/src/org/python/pydev/parser/jython/ast/Pass.java (at line 5)
	import java.util.Arrays;
	       ^^^^^^^^^^^^^^^^
The import java.util.Arrays is never used
----------
228. WARNING in /Users/tcv/git/Pydev/plugins/org.python.pydev.parser/src/org/python/pydev/parser/jython/ast/Pass.java (at line 14)
	final int prime = 31;
	          ^^^^^
The value of the local variable prime is not used
----------
229. WARNING in /Users/tcv/git/Pydev/plugins/org.python.pydev.parser/src/org/python/pydev/parser/jython/ast/Pass.java (at line 24)
	Pass other = (Pass) obj;
	     ^^^^^
The value of the local variable other is not used
----------
----------
230. WARNING in /Users/tcv/git/Pydev/plugins/org.python.pydev.parser/src/org/python/pydev/parser/jython/ast/Print.java (at line 4)
	import org.python.pydev.parser.jython.SimpleNode;
	       ^^^^^^^^^^^^^^^^^^^^^^^^^^^^^^^^^^^^^^^^^
The import org.python.pydev.parser.jython.SimpleNode is never used
----------
----------
231. WARNING in /Users/tcv/git/Pydev/plugins/org.python.pydev.parser/src/org/python/pydev/parser/jython/ast/Raise.java (at line 4)
	import org.python.pydev.parser.jython.SimpleNode;
	       ^^^^^^^^^^^^^^^^^^^^^^^^^^^^^^^^^^^^^^^^^
The import org.python.pydev.parser.jython.SimpleNode is never used
----------
232. WARNING in /Users/tcv/git/Pydev/plugins/org.python.pydev.parser/src/org/python/pydev/parser/jython/ast/Raise.java (at line 5)
	import java.util.Arrays;
	       ^^^^^^^^^^^^^^^^
The import java.util.Arrays is never used
----------
----------
233. WARNING in /Users/tcv/git/Pydev/plugins/org.python.pydev.parser/src/org/python/pydev/parser/jython/ast/Repr.java (at line 4)
	import org.python.pydev.parser.jython.SimpleNode;
	       ^^^^^^^^^^^^^^^^^^^^^^^^^^^^^^^^^^^^^^^^^
The import org.python.pydev.parser.jython.SimpleNode is never used
----------
234. WARNING in /Users/tcv/git/Pydev/plugins/org.python.pydev.parser/src/org/python/pydev/parser/jython/ast/Repr.java (at line 5)
	import java.util.Arrays;
	       ^^^^^^^^^^^^^^^^
The import java.util.Arrays is never used
----------
----------
235. WARNING in /Users/tcv/git/Pydev/plugins/org.python.pydev.parser/src/org/python/pydev/parser/jython/ast/Return.java (at line 4)
	import org.python.pydev.parser.jython.SimpleNode;
	       ^^^^^^^^^^^^^^^^^^^^^^^^^^^^^^^^^^^^^^^^^
The import org.python.pydev.parser.jython.SimpleNode is never used
----------
236. WARNING in /Users/tcv/git/Pydev/plugins/org.python.pydev.parser/src/org/python/pydev/parser/jython/ast/Return.java (at line 5)
	import java.util.Arrays;
	       ^^^^^^^^^^^^^^^^
The import java.util.Arrays is never used
----------
----------
237. WARNING in /Users/tcv/git/Pydev/plugins/org.python.pydev.parser/src/org/python/pydev/parser/jython/ast/Set.java (at line 4)
	import org.python.pydev.parser.jython.SimpleNode;
	       ^^^^^^^^^^^^^^^^^^^^^^^^^^^^^^^^^^^^^^^^^
The import org.python.pydev.parser.jython.SimpleNode is never used
----------
----------
238. WARNING in /Users/tcv/git/Pydev/plugins/org.python.pydev.parser/src/org/python/pydev/parser/jython/ast/SetComp.java (at line 4)
	import org.python.pydev.parser.jython.SimpleNode;
	       ^^^^^^^^^^^^^^^^^^^^^^^^^^^^^^^^^^^^^^^^^
The import org.python.pydev.parser.jython.SimpleNode is never used
----------
----------
239. WARNING in /Users/tcv/git/Pydev/plugins/org.python.pydev.parser/src/org/python/pydev/parser/jython/ast/Slice.java (at line 4)
	import org.python.pydev.parser.jython.SimpleNode;
	       ^^^^^^^^^^^^^^^^^^^^^^^^^^^^^^^^^^^^^^^^^
The import org.python.pydev.parser.jython.SimpleNode is never used
----------
240. WARNING in /Users/tcv/git/Pydev/plugins/org.python.pydev.parser/src/org/python/pydev/parser/jython/ast/Slice.java (at line 5)
	import java.util.Arrays;
	       ^^^^^^^^^^^^^^^^
The import java.util.Arrays is never used
----------
----------
241. WARNING in /Users/tcv/git/Pydev/plugins/org.python.pydev.parser/src/org/python/pydev/parser/jython/ast/Starred.java (at line 4)
	import org.python.pydev.parser.jython.SimpleNode;
	       ^^^^^^^^^^^^^^^^^^^^^^^^^^^^^^^^^^^^^^^^^
The import org.python.pydev.parser.jython.SimpleNode is never used
----------
242. WARNING in /Users/tcv/git/Pydev/plugins/org.python.pydev.parser/src/org/python/pydev/parser/jython/ast/Starred.java (at line 5)
	import java.util.Arrays;
	       ^^^^^^^^^^^^^^^^
The import java.util.Arrays is never used
----------
----------
243. WARNING in /Users/tcv/git/Pydev/plugins/org.python.pydev.parser/src/org/python/pydev/parser/jython/ast/Str.java (at line 4)
	import org.python.pydev.parser.jython.SimpleNode;
	       ^^^^^^^^^^^^^^^^^^^^^^^^^^^^^^^^^^^^^^^^^
The import org.python.pydev.parser.jython.SimpleNode is never used
----------
----------
244. WARNING in /Users/tcv/git/Pydev/plugins/org.python.pydev.parser/src/org/python/pydev/parser/jython/ast/StrJoin.java (at line 4)
	import org.python.pydev.parser.jython.SimpleNode;
	       ^^^^^^^^^^^^^^^^^^^^^^^^^^^^^^^^^^^^^^^^^
The import org.python.pydev.parser.jython.SimpleNode is never used
----------
----------
245. WARNING in /Users/tcv/git/Pydev/plugins/org.python.pydev.parser/src/org/python/pydev/parser/jython/ast/Subscript.java (at line 4)
	import org.python.pydev.parser.jython.SimpleNode;
	       ^^^^^^^^^^^^^^^^^^^^^^^^^^^^^^^^^^^^^^^^^
The import org.python.pydev.parser.jython.SimpleNode is never used
----------
246. WARNING in /Users/tcv/git/Pydev/plugins/org.python.pydev.parser/src/org/python/pydev/parser/jython/ast/Subscript.java (at line 5)
	import java.util.Arrays;
	       ^^^^^^^^^^^^^^^^
The import java.util.Arrays is never used
----------
----------
247. WARNING in /Users/tcv/git/Pydev/plugins/org.python.pydev.parser/src/org/python/pydev/parser/jython/ast/Suite.java (at line 4)
	import org.python.pydev.parser.jython.SimpleNode;
	       ^^^^^^^^^^^^^^^^^^^^^^^^^^^^^^^^^^^^^^^^^
The import org.python.pydev.parser.jython.SimpleNode is never used
----------
----------
248. WARNING in /Users/tcv/git/Pydev/plugins/org.python.pydev.parser/src/org/python/pydev/parser/jython/ast/TryExcept.java (at line 4)
	import org.python.pydev.parser.jython.SimpleNode;
	       ^^^^^^^^^^^^^^^^^^^^^^^^^^^^^^^^^^^^^^^^^
The import org.python.pydev.parser.jython.SimpleNode is never used
----------
----------
249. WARNING in /Users/tcv/git/Pydev/plugins/org.python.pydev.parser/src/org/python/pydev/parser/jython/ast/TryFinally.java (at line 4)
	import org.python.pydev.parser.jython.SimpleNode;
	       ^^^^^^^^^^^^^^^^^^^^^^^^^^^^^^^^^^^^^^^^^
The import org.python.pydev.parser.jython.SimpleNode is never used
----------
----------
250. WARNING in /Users/tcv/git/Pydev/plugins/org.python.pydev.parser/src/org/python/pydev/parser/jython/ast/Tuple.java (at line 4)
	import org.python.pydev.parser.jython.SimpleNode;
	       ^^^^^^^^^^^^^^^^^^^^^^^^^^^^^^^^^^^^^^^^^
The import org.python.pydev.parser.jython.SimpleNode is never used
----------
----------
251. WARNING in /Users/tcv/git/Pydev/plugins/org.python.pydev.parser/src/org/python/pydev/parser/jython/ast/UnaryOp.java (at line 4)
	import org.python.pydev.parser.jython.SimpleNode;
	       ^^^^^^^^^^^^^^^^^^^^^^^^^^^^^^^^^^^^^^^^^
The import org.python.pydev.parser.jython.SimpleNode is never used
----------
252. WARNING in /Users/tcv/git/Pydev/plugins/org.python.pydev.parser/src/org/python/pydev/parser/jython/ast/UnaryOp.java (at line 5)
	import java.util.Arrays;
	       ^^^^^^^^^^^^^^^^
The import java.util.Arrays is never used
----------
----------
253. WARNING in /Users/tcv/git/Pydev/plugins/org.python.pydev.parser/src/org/python/pydev/parser/jython/ast/VisitorBase.java (at line 5)
	import java.util.Arrays;
	       ^^^^^^^^^^^^^^^^
The import java.util.Arrays is never used
----------
----------
254. WARNING in /Users/tcv/git/Pydev/plugins/org.python.pydev.parser/src/org/python/pydev/parser/jython/ast/While.java (at line 4)
	import org.python.pydev.parser.jython.SimpleNode;
	       ^^^^^^^^^^^^^^^^^^^^^^^^^^^^^^^^^^^^^^^^^
The import org.python.pydev.parser.jython.SimpleNode is never used
----------
----------
255. WARNING in /Users/tcv/git/Pydev/plugins/org.python.pydev.parser/src/org/python/pydev/parser/jython/ast/With.java (at line 4)
	import org.python.pydev.parser.jython.SimpleNode;
	       ^^^^^^^^^^^^^^^^^^^^^^^^^^^^^^^^^^^^^^^^^
The import org.python.pydev.parser.jython.SimpleNode is never used
----------
----------
256. WARNING in /Users/tcv/git/Pydev/plugins/org.python.pydev.parser/src/org/python/pydev/parser/jython/ast/WithItem.java (at line 4)
	import org.python.pydev.parser.jython.SimpleNode;
	       ^^^^^^^^^^^^^^^^^^^^^^^^^^^^^^^^^^^^^^^^^
The import org.python.pydev.parser.jython.SimpleNode is never used
----------
257. WARNING in /Users/tcv/git/Pydev/plugins/org.python.pydev.parser/src/org/python/pydev/parser/jython/ast/WithItem.java (at line 5)
	import java.util.Arrays;
	       ^^^^^^^^^^^^^^^^
The import java.util.Arrays is never used
----------
----------
258. WARNING in /Users/tcv/git/Pydev/plugins/org.python.pydev.parser/src/org/python/pydev/parser/jython/ast/WithItemType.java (at line 5)
	import java.util.Arrays;
	       ^^^^^^^^^^^^^^^^
The import java.util.Arrays is never used
----------
----------
259. WARNING in /Users/tcv/git/Pydev/plugins/org.python.pydev.parser/src/org/python/pydev/parser/jython/ast/Yield.java (at line 4)
	import org.python.pydev.parser.jython.SimpleNode;
	       ^^^^^^^^^^^^^^^^^^^^^^^^^^^^^^^^^^^^^^^^^
The import org.python.pydev.parser.jython.SimpleNode is never used
----------
260. WARNING in /Users/tcv/git/Pydev/plugins/org.python.pydev.parser/src/org/python/pydev/parser/jython/ast/Yield.java (at line 5)
	import java.util.Arrays;
	       ^^^^^^^^^^^^^^^^
The import java.util.Arrays is never used
----------
----------
261. WARNING in /Users/tcv/git/Pydev/plugins/org.python.pydev.parser/src/org/python/pydev/parser/jython/ast/aliasType.java (at line 5)
	import java.util.Arrays;
	       ^^^^^^^^^^^^^^^^
The import java.util.Arrays is never used
----------
----------
262. WARNING in /Users/tcv/git/Pydev/plugins/org.python.pydev.parser/src/org/python/pydev/parser/jython/ast/commentType.java (at line 5)
	import java.util.Arrays;
	       ^^^^^^^^^^^^^^^^
The import java.util.Arrays is never used
----------
----------
263. WARNING in /Users/tcv/git/Pydev/plugins/org.python.pydev.parser/src/org/python/pydev/parser/jython/ast/comprehensionType.java (at line 5)
	import java.util.Arrays;
	       ^^^^^^^^^^^^^^^^
The import java.util.Arrays is never used
----------
----------
264. WARNING in /Users/tcv/git/Pydev/plugins/org.python.pydev.parser/src/org/python/pydev/parser/jython/ast/exprType.java (at line 5)
	import java.util.Arrays;
	       ^^^^^^^^^^^^^^^^
The import java.util.Arrays is never used
----------
----------
265. WARNING in /Users/tcv/git/Pydev/plugins/org.python.pydev.parser/src/org/python/pydev/parser/jython/ast/keywordType.java (at line 5)
	import java.util.Arrays;
	       ^^^^^^^^^^^^^^^^
The import java.util.Arrays is never used
----------
----------
266. WARNING in /Users/tcv/git/Pydev/plugins/org.python.pydev.parser/src/org/python/pydev/parser/jython/ast/modType.java (at line 5)
	import java.util.Arrays;
	       ^^^^^^^^^^^^^^^^
The import java.util.Arrays is never used
----------
----------
267. WARNING in /Users/tcv/git/Pydev/plugins/org.python.pydev.parser/src/org/python/pydev/parser/jython/ast/patternType.java (at line 5)
	import java.util.Arrays;
	       ^^^^^^^^^^^^^^^^
The import java.util.Arrays is never used
----------
----------
268. WARNING in /Users/tcv/git/Pydev/plugins/org.python.pydev.parser/src/org/python/pydev/parser/jython/ast/sliceType.java (at line 5)
	import java.util.Arrays;
	       ^^^^^^^^^^^^^^^^
The import java.util.Arrays is never used
----------
----------
269. WARNING in /Users/tcv/git/Pydev/plugins/org.python.pydev.parser/src/org/python/pydev/parser/jython/ast/stmtType.java (at line 5)
	import java.util.Arrays;
	       ^^^^^^^^^^^^^^^^
The import java.util.Arrays is never used
----------
----------
270. WARNING in /Users/tcv/git/Pydev/plugins/org.python.pydev.parser/src/org/python/pydev/parser/jython/ast/suiteType.java (at line 5)
	import java.util.Arrays;
	       ^^^^^^^^^^^^^^^^
The import java.util.Arrays is never used
----------
----------
271. WARNING in /Users/tcv/git/Pydev/plugins/org.python.pydev.parser/src/org/python/pydev/parser/visitors/StopVisitingException.java (at line 15)
	public class StopVisitingException extends Exception {
	             ^^^^^^^^^^^^^^^^^^^^^
The serializable class StopVisitingException does not declare a static final serialVersionUID field of type long
----------
----------
272. WARNING in /Users/tcv/git/Pydev/plugins/org.python.pydev.parser/src/org/python/pydev/parser/visitors/comparator/DifferException.java (at line 12)
	public class DifferException extends Exception {
	             ^^^^^^^^^^^^^^^
The serializable class DifferException does not declare a static final serialVersionUID field of type long
----------
----------
273. WARNING in /Users/tcv/git/Pydev/plugins/org.python.pydev.parser/src/org/python/pydev/parser/visitors/scope/CodeFoldingVisitor.java (at line 188)
	public List<ASTEntry> getAsList(Class... classes) {
	                                ^^^^^
Class is a raw type. References to generic type Class<T> should be parameterized
----------
274. WARNING in /Users/tcv/git/Pydev/plugins/org.python.pydev.parser/src/org/python/pydev/parser/visitors/scope/CodeFoldingVisitor.java (at line 197)
	private void checkEntry(List<ASTEntry> newList, ASTEntryWithChildren entry, Class... classes) {
	                                                                            ^^^^^
Class is a raw type. References to generic type Class<T> should be parameterized
----------
----------
275. WARNING in /Users/tcv/git/Pydev/plugins/org.python.pydev.parser/src/org/python/pydev/parser/visitors/scope/EasyAstIteratorBase.java (at line 341)
	public Iterator<ASTEntry> getIterator(Class class_) {
	                                      ^^^^^
Class is a raw type. References to generic type Class<T> should be parameterized
----------
276. WARNING in /Users/tcv/git/Pydev/plugins/org.python.pydev.parser/src/org/python/pydev/parser/visitors/scope/EasyAstIteratorBase.java (at line 345)
	public List<ASTEntry> getAsList(Class... classes) {
	                                ^^^^^
Class is a raw type. References to generic type Class<T> should be parameterized
----------
277. WARNING in /Users/tcv/git/Pydev/plugins/org.python.pydev.parser/src/org/python/pydev/parser/visitors/scope/EasyAstIteratorBase.java (at line 356)
	public List<ASTEntry> getAsList(Class class_) {
	                                ^^^^^
Class is a raw type. References to generic type Class<T> should be parameterized
----------
278. WARNING in /Users/tcv/git/Pydev/plugins/org.python.pydev.parser/src/org/python/pydev/parser/visitors/scope/EasyAstIteratorBase.java (at line 364)
	public Iterator<ASTEntry> getIterator(Class... classes) {
	                                      ^^^^^
Class is a raw type. References to generic type Class<T> should be parameterized
----------
279. WARNING in /Users/tcv/git/Pydev/plugins/org.python.pydev.parser/src/org/python/pydev/parser/visitors/scope/EasyAstIteratorBase.java (at line 396)
	protected boolean isFromClass(SimpleNode node, Class[] classes) {
	                                               ^^^^^
Class is a raw type. References to generic type Class<T> should be parameterized
----------
280. WARNING in /Users/tcv/git/Pydev/plugins/org.python.pydev.parser/src/org/python/pydev/parser/visitors/scope/EasyAstIteratorBase.java (at line 397)
	Class class1 = node.getClass();
	^^^^^
Class is a raw type. References to generic type Class<T> should be parameterized
----------
----------
281. WARNING in /Users/tcv/git/Pydev/plugins/org.python.pydev.parser/src/org/python/pydev/parser/visitors/scope/YieldVisitor.java (at line 45)
	private List<Yield> ret = new LowMemoryArrayList();
	                          ^^^^^^^^^^^^^^^^^^^^^^^^
Type safety: The expression of type LowMemoryArrayList needs unchecked conversion to conform to List<Yield>
----------
282. WARNING in /Users/tcv/git/Pydev/plugins/org.python.pydev.parser/src/org/python/pydev/parser/visitors/scope/YieldVisitor.java (at line 45)
	private List<Yield> ret = new LowMemoryArrayList();
	                              ^^^^^^^^^^^^^^^^^^
LowMemoryArrayList is a raw type. References to generic type LowMemoryArrayList<E> should be parameterized
----------
282 problems (282 warnings)
