# 11/7/22, 11:51:07 PM EST
# Eclipse Compiler for Java(TM) v20220831-1439, 3.31.0, Copyright IBM Corp 2000, 2020. All rights reserved.
----------
1. WARNING in /Users/tcv/git/Pydev/plugins/org.python.pydev.shared_core/src/org/python/pydev/shared_core/actions/ToggleLineCommentAction.java (at line 25)
	private boolean addCommentsAtIndent;
	                ^^^^^^^^^^^^^^^^^^^
The value of the field ToggleLineCommentAction.addCommentsAtIndent is not used
----------
----------
2. WARNING in /Users/tcv/git/Pydev/plugins/org.python.pydev.shared_core/src/org/python/pydev/shared_core/cache/LRUMap.java (at line 32)
	public boolean removeEldestEntry(Map.Entry eldest) {
	                                 ^^^^^^^^^
Map.Entry is a raw type. References to generic type Map.Entry<K,V> should be parameterized
----------
----------
3. WARNING in /Users/tcv/git/Pydev/plugins/org.python.pydev.shared_core/src/org/python/pydev/shared_core/callbacks/ListenerList.java (at line 95)
	EmptyArray = (X[]) Array.newInstance(genericType, 0);
	             ^^^^^^^^^^^^^^^^^^^^^^^^^^^^^^^^^^^^^^^
Type safety: Unchecked cast from Object to X[]
----------
4. WARNING in /Users/tcv/git/Pydev/plugins/org.python.pydev.shared_core/src/org/python/pydev/shared_core/callbacks/ListenerList.java (at line 122)
	X[] newListeners = (X[]) Array.newInstance(genericType, oldSize + 1);
	                   ^^^^^^^^^^^^^^^^^^^^^^^^^^^^^^^^^^^^^^^^^^^^^^^^^
Type safety: Unchecked cast from Object to X[]
----------
5. WARNING in /Users/tcv/git/Pydev/plugins/org.python.pydev.shared_core/src/org/python/pydev/shared_core/callbacks/ListenerList.java (at line 174)
	X[] newListeners = (X[]) Array.newInstance(genericType, oldSize - 1);
	                   ^^^^^^^^^^^^^^^^^^^^^^^^^^^^^^^^^^^^^^^^^^^^^^^^^
Type safety: Unchecked cast from Object to X[]
----------
----------
6. WARNING in /Users/tcv/git/Pydev/plugins/org.python.pydev.shared_core/src/org/python/pydev/shared_core/index/IndexApi.java (at line 494)
	ICallback<Object, java.nio.file.Path> onFile = new ICallback<Object, java.nio.file.Path>() {
	                                      ^^^^^^
The value of the local variable onFile is not used
----------
----------
7. WARNING in /Users/tcv/git/Pydev/plugins/org.python.pydev.shared_core/src/org/python/pydev/shared_core/preferences/ScopedPreferences.java (at line 482)
	Map<String, Object> ret = (Map<String, Object>) iCallback0.call();
	                          ^^^^^^^^^^^^^^^^^^^^^^^^^^^^^^^^^^^^^^^
Type safety: Unchecked cast from Object to Map<String,Object>
----------
----------
8. WARNING in /Users/tcv/git/Pydev/plugins/org.python.pydev.shared_core/src/org/python/pydev/shared_core/string/NoPeerAvailableException.java (at line 9)
	public class NoPeerAvailableException extends RuntimeException {
	             ^^^^^^^^^^^^^^^^^^^^^^^^
The serializable class NoPeerAvailableException does not declare a static final serialVersionUID field of type long
----------
----------
9. WARNING in /Users/tcv/git/Pydev/plugins/org.python.pydev.shared_core/src/org/python/pydev/shared_core/string/TextSelectionUtils.java (at line 929)
	int lineBreaks = 0;
	    ^^^^^^^^^^
The value of the local variable lineBreaks is not used
----------
----------
10. WARNING in /Users/tcv/git/Pydev/plugins/org.python.pydev.shared_core/src/org/python/pydev/shared_core/structure/FastStack.java (at line 191)
	int lastRet = -1;
	    ^^^^^^^
The value of the field FastStack<E>.ListItr.lastRet is not used
----------
----------
11. WARNING in /Users/tcv/git/Pydev/plugins/org.python.pydev.shared_core/src/org/python/pydev/shared_core/structure/ImmutableTuple.java (at line 41)
	ImmutableTuple t2 = (ImmutableTuple) obj;
	^^^^^^^^^^^^^^
ImmutableTuple is a raw type. References to generic type ImmutableTuple<X,Y> should be parameterized
----------
12. WARNING in /Users/tcv/git/Pydev/plugins/org.python.pydev.shared_core/src/org/python/pydev/shared_core/structure/ImmutableTuple.java (at line 41)
	ImmutableTuple t2 = (ImmutableTuple) obj;
	                     ^^^^^^^^^^^^^^
ImmutableTuple is a raw type. References to generic type ImmutableTuple<X,Y> should be parameterized
----------
----------
13. WARNING in /Users/tcv/git/Pydev/plugins/org.python.pydev.shared_core/src/org/python/pydev/shared_core/structure/LowMemoryArrayList.java (at line 92)
	a = (T[]) java.lang.reflect.Array.newInstance(a.getClass().getComponentType(), size);
	    ^^^^^^^^^^^^^^^^^^^^^^^^^^^^^^^^^^^^^^^^^^^^^^^^^^^^^^^^^^^^^^^^^^^^^^^^^^^^^^^^
Type safety: Unchecked cast from Object to T[]
----------
14. WARNING in /Users/tcv/git/Pydev/plugins/org.python.pydev.shared_core/src/org/python/pydev/shared_core/structure/LowMemoryArrayList.java (at line 120)
	data = (E[]) new Object[size];
	       ^^^^^^^^^^^^^^^^^^^^^^
Type safety: Unchecked cast from Object[] to E[]
----------
15. WARNING in /Users/tcv/git/Pydev/plugins/org.python.pydev.shared_core/src/org/python/pydev/shared_core/structure/LowMemoryArrayList.java (at line 131)
	data = (E[]) new Object[minCapacity];
	       ^^^^^^^^^^^^^^^^^^^^^^^^^^^^^
Type safety: Unchecked cast from Object[] to E[]
----------
16. WARNING in /Users/tcv/git/Pydev/plugins/org.python.pydev.shared_core/src/org/python/pydev/shared_core/structure/LowMemoryArrayList.java (at line 141)
	data = (E[]) new Object[newCapacity];
	       ^^^^^^^^^^^^^^^^^^^^^^^^^^^^^
Type safety: Unchecked cast from Object[] to E[]
----------
----------
17. WARNING in /Users/tcv/git/Pydev/plugins/org.python.pydev.shared_core/src/org/python/pydev/shared_core/structure/TreeNode.java (at line 138)
	TreeNode<?> parentNode = (TreeNode<?>) parent;
	            ^^^^^^^^^^
The value of the local variable parentNode is not used
----------
----------
18. WARNING in /Users/tcv/git/Pydev/plugins/org.python.pydev.shared_core/src/org/python/pydev/shared_core/structure/Tuple3.java (at line 71)
	final Tuple3 other = (Tuple3) obj;
	      ^^^^^^
Tuple3 is a raw type. References to generic type Tuple3<X,Y,Z> should be parameterized
----------
19. WARNING in /Users/tcv/git/Pydev/plugins/org.python.pydev.shared_core/src/org/python/pydev/shared_core/structure/Tuple3.java (at line 71)
	final Tuple3 other = (Tuple3) obj;
	                      ^^^^^^
Tuple3 is a raw type. References to generic type Tuple3<X,Y,Z> should be parameterized
----------
----------
20. WARNING in /Users/tcv/git/Pydev/plugins/org.python.pydev.shared_core/src/org/python/pydev/shared_core/structure/Tuple4.java (at line 43)
	Tuple4 t2 = (Tuple4) obj;
	^^^^^^
Tuple4 is a raw type. References to generic type Tuple4<X,Y,Z,T> should be parameterized
----------
21. WARNING in /Users/tcv/git/Pydev/plugins/org.python.pydev.shared_core/src/org/python/pydev/shared_core/structure/Tuple4.java (at line 43)
	Tuple4 t2 = (Tuple4) obj;
	             ^^^^^^
Tuple4 is a raw type. References to generic type Tuple4<X,Y,Z,T> should be parameterized
----------
----------
22. WARNING in /Users/tcv/git/Pydev/plugins/org.python.pydev.shared_core/src/org/python/pydev/shared_core/utils/ArrayUtils.java (at line 35)
	public static <T> T[] concatArrays(T[]... arrays) {
	                                          ^^^^^^
Type safety: Potential heap pollution via varargs parameter arrays
----------
23. WARNING in /Users/tcv/git/Pydev/plugins/org.python.pydev.shared_core/src/org/python/pydev/shared_core/utils/ArrayUtils.java (at line 43)
	final T[] mergedArray = (T[]) java.lang.reflect.Array.newInstance(arrays[0].getClass().getComponentType(),
                count);
	                        ^^^^^^^^^^^^^^^^^^^^^^^^^^^^^^^^^^^^^^^^^^^^^^^^^^^^^^^^^^^^^^^^^^^^^^^^^^^^^^^^^^^^^^^^^^^^^^^^^^^^^^^^^
Type safety: Unchecked cast from Object to T[]
----------
24. WARNING in /Users/tcv/git/Pydev/plugins/org.python.pydev.shared_core/src/org/python/pydev/shared_core/utils/ArrayUtils.java (at line 54)
	public static <T> T[] remove(T[] original, int element, Class componentType) {
	                                                        ^^^^^
Class is a raw type. References to generic type Class<T> should be parameterized
----------
25. WARNING in /Users/tcv/git/Pydev/plugins/org.python.pydev.shared_core/src/org/python/pydev/shared_core/utils/ArrayUtils.java (at line 55)
	final T[] n = (T[]) java.lang.reflect.Array.newInstance(componentType,
                original.length - 1);
	              ^^^^^^^^^^^^^^^^^^^^^^^^^^^^^^^^^^^^^^^^^^^^^^^^^^^^^^^^^^^^^^^^^^^^^^^^^^^^^^^^^^^^^^^^^^^^^
Type safety: Unchecked cast from Object to T[]
----------
26. WARNING in /Users/tcv/git/Pydev/plugins/org.python.pydev.shared_core/src/org/python/pydev/shared_core/utils/ArrayUtils.java (at line 79)
	public static <T> Set<T> asSet(T... objects) {
	                                    ^^^^^^^
Type safety: Potential heap pollution via varargs parameter objects
----------
----------
27. WARNING in /Users/tcv/git/Pydev/plugins/org.python.pydev.shared_core/src/org/python/pydev/shared_core/utils/BaseDocumentCommand.java (at line 64)
	public void execute(IDocument document) throws BadLocationException {
	            ^^^^^^^^^^^^^^^^^^^^^^^^^^^^^^^^^^^^^^^^^^^^^^^^^^^^^^^
The method execute(IDocument) from the type BaseDocumentCommand.Command is never used locally
----------
28. WARNING in /Users/tcv/git/Pydev/plugins/org.python.pydev.shared_core/src/org/python/pydev/shared_core/utils/BaseDocumentCommand.java (at line 362)
	private boolean updateCaret() {
	                ^^^^^^^^^^^^^
The method updateCaret() from the type BaseDocumentCommand is never used locally
----------
29. WARNING in /Users/tcv/git/Pydev/plugins/org.python.pydev.shared_core/src/org/python/pydev/shared_core/utils/BaseDocumentCommand.java (at line 372)
	private String getCategory() {
	               ^^^^^^^^^^^^^
The method getCategory() from the type BaseDocumentCommand is never used locally
----------
----------
30. WARNING in /Users/tcv/git/Pydev/plugins/org.python.pydev.shared_core/src/org/python/pydev/shared_core/utils/BaseExtensionHelper.java (at line 72)
	List<Object> participants = getParticipants(type);
	                            ^^^^^^^^^^^^^^^^^^^^^
Type safety: The expression of type List needs unchecked conversion to conform to List<Object>
----------
31. WARNING in /Users/tcv/git/Pydev/plugins/org.python.pydev.shared_core/src/org/python/pydev/shared_core/utils/BaseExtensionHelper.java (at line 87)
	public static List getParticipants(String type) {
	              ^^^^
List is a raw type. References to generic type List<E> should be parameterized
----------
31 problems (31 warnings)
