# 11/7/22, 11:51:14 PM EST
# Eclipse Compiler for Java(TM) v20220831-1439, 3.31.0, Copyright IBM Corp 2000, 2020. All rights reserved.
----------
1. WARNING in /Users/tcv/git/Pydev/plugins/org.python.pydev.shared_interactive_console/src/org/python/pydev/shared_interactive_console/console/ui/ScriptConsole.java (at line 17)
	import org.eclipse.debug.internal.ui.views.console.ProcessConsole;
	       ^^^^^^^^^^^^^^^^^^^^^^^^^^^^^^^^^^^^^^^^^^^^^^^^^^^^^^^^^^
Discouraged access: The type 'ProcessConsole' is not API (restriction on classpath entry '/Users/tcv/.p2/pool/plugins/org.eclipse.debug.ui_3.17.0.v20220817-1312.jar')
----------
2. WARNING in /Users/tcv/git/Pydev/plugins/org.python.pydev.shared_interactive_console/src/org/python/pydev/shared_interactive_console/console/ui/ScriptConsole.java (at line 66)
	protected ListenerList consoleListeners;
	          ^^^^^^^^^^^^
ListenerList is a raw type. References to generic type ListenerList<E> should be parameterized
----------
3. WARNING in /Users/tcv/git/Pydev/plugins/org.python.pydev.shared_interactive_console/src/org/python/pydev/shared_interactive_console/console/ui/ScriptConsole.java (at line 208)
	this.consoleListeners = new ListenerList(ListenerList.IDENTITY);
	                            ^^^^^^^^^^^^
ListenerList is a raw type. References to generic type ListenerList<E> should be parameterized
----------
4. WARNING in /Users/tcv/git/Pydev/plugins/org.python.pydev.shared_interactive_console/src/org/python/pydev/shared_interactive_console/console/ui/ScriptConsole.java (at line 245)
	consoleListeners.add(listener);
	^^^^^^^^^^^^^^^^^^^^^^^^^^^^^^
Type safety: The method add(Object) belongs to the raw type ListenerList. References to generic type ListenerList<E> should be parameterized
----------
----------
5. WARNING in /Users/tcv/git/Pydev/plugins/org.python.pydev.shared_interactive_console/src/org/python/pydev/shared_interactive_console/console/ui/internal/fromeclipse/HistoryFilteredList.java (at line 19)
	import org.eclipse.swt.SWTException;
	       ^^^^^^^^^^^^^^^^^^^^^^^^^^^^
The import org.eclipse.swt.SWTException is never used
----------
6. WARNING in /Users/tcv/git/Pydev/plugins/org.python.pydev.shared_interactive_console/src/org/python/pydev/shared_interactive_console/console/ui/internal/fromeclipse/HistoryFilteredList.java (at line 31)
	import org.eclipse.ui.internal.WorkbenchMessages;
	       ^^^^^^^^^^^^^^^^^^^^^^^^^^^^^^^^^^^^^^^^^
Discouraged access: The type 'WorkbenchMessages' is not API (restriction on classpath entry '/Users/tcv/.p2/pool/plugins/org.eclipse.ui.workbench_3.126.0.v20220823-0718.jar')
----------
7. WARNING in /Users/tcv/git/Pydev/plugins/org.python.pydev.shared_interactive_console/src/org/python/pydev/shared_interactive_console/console/ui/internal/fromeclipse/HistoryFilteredList.java (at line 505)
	super(WorkbenchMessages.FilteredList_UpdateJobName);
	      ^^^^^^^^^^^^^^^^^^^^^^^^^^^^^^^^^^^^^^^^^^^^
Discouraged access: The type 'WorkbenchMessages' is not API (restriction on classpath entry '/Users/tcv/.p2/pool/plugins/org.eclipse.ui.workbench_3.126.0.v20220823-0718.jar')
----------
8. WARNING in /Users/tcv/git/Pydev/plugins/org.python.pydev.shared_interactive_console/src/org/python/pydev/shared_interactive_console/console/ui/internal/fromeclipse/HistoryFilteredList.java (at line 505)
	super(WorkbenchMessages.FilteredList_UpdateJobName);
	                        ^^^^^^^^^^^^^^^^^^^^^^^^^^
Discouraged access: The field 'WorkbenchMessages.FilteredList_UpdateJobName' is not API (restriction on classpath entry '/Users/tcv/.p2/pool/plugins/org.eclipse.ui.workbench_3.126.0.v20220823-0718.jar')
----------
8 problems (8 warnings)
