# 11/7/22, 11:51:24 PM EST
# Eclipse Compiler for Java(TM) v20220831-1439, 3.31.0, Copyright IBM Corp 2000, 2020. All rights reserved.
----------
1. WARNING in /Users/tcv/git/Pydev/plugins/com.python.pydev.refactoring/src/com/python/pydev/refactoring/refactorer/search/PythonFileSearchResult.java (at line 11)
	import org.eclipse.search.internal.ui.SearchPluginImages;
	       ^^^^^^^^^^^^^^^^^^^^^^^^^^^^^^^^^^^^^^^^^^^^^^^^^
Discouraged access: The type 'SearchPluginImages' is not API (restriction on classpath entry '/Users/tcv/.p2/pool/plugins/org.eclipse.search_3.14.200.v20220817-1340.jar')
----------
2. WARNING in /Users/tcv/git/Pydev/plugins/com.python.pydev.refactoring/src/com/python/pydev/refactoring/refactorer/search/PythonFileSearchResult.java (at line 33)
	return SearchPluginImages.DESC_OBJ_TSEARCH_DPDN;
	       ^^^^^^^^^^^^^^^^^^^^^^^^^^^^^^^^^^^^^^^^
Discouraged access: The type 'SearchPluginImages' is not API (restriction on classpath entry '/Users/tcv/.p2/pool/plugins/org.eclipse.search_3.14.200.v20220817-1340.jar')
----------
3. WARNING in /Users/tcv/git/Pydev/plugins/com.python.pydev.refactoring/src/com/python/pydev/refactoring/refactorer/search/PythonFileSearchResult.java (at line 33)
	return SearchPluginImages.DESC_OBJ_TSEARCH_DPDN;
	                          ^^^^^^^^^^^^^^^^^^^^^
Discouraged access: The field 'SearchPluginImages.DESC_OBJ_TSEARCH_DPDN' is not API (restriction on classpath entry '/Users/tcv/.p2/pool/plugins/org.eclipse.search_3.14.200.v20220817-1340.jar')
----------
----------
4. WARNING in /Users/tcv/git/Pydev/plugins/com.python.pydev.refactoring/src/com/python/pydev/refactoring/refactorer/search/copied/EditorOpener.java (at line 127)
	HashMap attributes = new HashMap(4);
	^^^^^^^
HashMap is a raw type. References to generic type HashMap<K,V> should be parameterized
----------
5. WARNING in /Users/tcv/git/Pydev/plugins/com.python.pydev.refactoring/src/com/python/pydev/refactoring/refactorer/search/copied/EditorOpener.java (at line 127)
	HashMap attributes = new HashMap(4);
	                         ^^^^^^^
HashMap is a raw type. References to generic type HashMap<K,V> should be parameterized
----------
6. WARNING in /Users/tcv/git/Pydev/plugins/com.python.pydev.refactoring/src/com/python/pydev/refactoring/refactorer/search/copied/EditorOpener.java (at line 128)
	attributes.put(IMarker.CHAR_START, offset);
	^^^^^^^^^^^^^^^^^^^^^^^^^^^^^^^^^^^^^^^^^^
Type safety: The method put(Object, Object) belongs to the raw type HashMap. References to generic type HashMap<K,V> should be parameterized
----------
7. WARNING in /Users/tcv/git/Pydev/plugins/com.python.pydev.refactoring/src/com/python/pydev/refactoring/refactorer/search/copied/EditorOpener.java (at line 129)
	attributes.put(IMarker.CHAR_END, offset + length);
	^^^^^^^^^^^^^^^^^^^^^^^^^^^^^^^^^^^^^^^^^^^^^^^^^
Type safety: The method put(Object, Object) belongs to the raw type HashMap. References to generic type HashMap<K,V> should be parameterized
----------
8. WARNING in /Users/tcv/git/Pydev/plugins/com.python.pydev.refactoring/src/com/python/pydev/refactoring/refactorer/search/copied/EditorOpener.java (at line 130)
	marker.setAttributes(attributes);
	                     ^^^^^^^^^^
Type safety: The expression of type HashMap needs unchecked conversion to conform to Map<String,? extends Object>
----------
----------
9. WARNING in /Users/tcv/git/Pydev/plugins/com.python.pydev.refactoring/src/com/python/pydev/refactoring/refactorer/search/copied/FileTreeContentProvider.java (at line 32)
	private Map<Object, Set> fChildrenMap;
	                    ^^^
Set is a raw type. References to generic type Set<E> should be parameterized
----------
10. WARNING in /Users/tcv/git/Pydev/plugins/com.python.pydev.refactoring/src/com/python/pydev/refactoring/refactorer/search/copied/FileTreeContentProvider.java (at line 74)
	fChildrenMap = new HashMap<Object, Set>();
	                                   ^^^
Set is a raw type. References to generic type Set<E> should be parameterized
----------
11. WARNING in /Users/tcv/git/Pydev/plugins/com.python.pydev.refactoring/src/com/python/pydev/refactoring/refactorer/search/copied/FileTreeContentProvider.java (at line 120)
	Set children = (Set) fChildrenMap.get(parent);
	^^^
Set is a raw type. References to generic type Set<E> should be parameterized
----------
12. WARNING in /Users/tcv/git/Pydev/plugins/com.python.pydev.refactoring/src/com/python/pydev/refactoring/refactorer/search/copied/FileTreeContentProvider.java (at line 120)
	Set children = (Set) fChildrenMap.get(parent);
	                ^^^
Set is a raw type. References to generic type Set<E> should be parameterized
----------
13. WARNING in /Users/tcv/git/Pydev/plugins/com.python.pydev.refactoring/src/com/python/pydev/refactoring/refactorer/search/copied/FileTreeContentProvider.java (at line 122)
	children = new HashSet();
	               ^^^^^^^
HashSet is a raw type. References to generic type HashSet<E> should be parameterized
----------
14. WARNING in /Users/tcv/git/Pydev/plugins/com.python.pydev.refactoring/src/com/python/pydev/refactoring/refactorer/search/copied/FileTreeContentProvider.java (at line 125)
	return children.add(child);
	       ^^^^^^^^^^^^^^^^^^^
Type safety: The method add(Object) belongs to the raw type Set. References to generic type Set<E> should be parameterized
----------
15. WARNING in /Users/tcv/git/Pydev/plugins/com.python.pydev.refactoring/src/com/python/pydev/refactoring/refactorer/search/copied/FileTreeContentProvider.java (at line 129)
	Set children = (Set) fChildrenMap.get(parent);
	^^^
Set is a raw type. References to generic type Set<E> should be parameterized
----------
16. WARNING in /Users/tcv/git/Pydev/plugins/com.python.pydev.refactoring/src/com/python/pydev/refactoring/refactorer/search/copied/FileTreeContentProvider.java (at line 129)
	Set children = (Set) fChildrenMap.get(parent);
	                ^^^
Set is a raw type. References to generic type Set<E> should be parameterized
----------
17. WARNING in /Users/tcv/git/Pydev/plugins/com.python.pydev.refactoring/src/com/python/pydev/refactoring/refactorer/search/copied/FileTreeContentProvider.java (at line 168)
	Set siblings = (Set) fChildrenMap.get(parent);
	^^^
Set is a raw type. References to generic type Set<E> should be parameterized
----------
18. WARNING in /Users/tcv/git/Pydev/plugins/com.python.pydev.refactoring/src/com/python/pydev/refactoring/refactorer/search/copied/FileTreeContentProvider.java (at line 168)
	Set siblings = (Set) fChildrenMap.get(parent);
	                ^^^
Set is a raw type. References to generic type Set<E> should be parameterized
----------
19. WARNING in /Users/tcv/git/Pydev/plugins/com.python.pydev.refactoring/src/com/python/pydev/refactoring/refactorer/search/copied/FileTreeContentProvider.java (at line 176)
	Set children = (Set) fChildrenMap.get(parentElement);
	^^^
Set is a raw type. References to generic type Set<E> should be parameterized
----------
20. WARNING in /Users/tcv/git/Pydev/plugins/com.python.pydev.refactoring/src/com/python/pydev/refactoring/refactorer/search/copied/FileTreeContentProvider.java (at line 176)
	Set children = (Set) fChildrenMap.get(parentElement);
	                ^^^
Set is a raw type. References to generic type Set<E> should be parameterized
----------
----------
21. WARNING in /Users/tcv/git/Pydev/plugins/com.python.pydev.refactoring/src/com/python/pydev/refactoring/refactorer/search/copied/OpenSearchPreferencesAction.java (at line 10)
	import org.eclipse.search.internal.ui.SearchPlugin;
	       ^^^^^^^^^^^^^^^^^^^^^^^^^^^^^^^^^^^^^^^^^^^
Discouraged access: The type 'SearchPlugin' is not API (restriction on classpath entry '/Users/tcv/.p2/pool/plugins/org.eclipse.search_3.14.200.v20220817-1340.jar')
----------
22. WARNING in /Users/tcv/git/Pydev/plugins/com.python.pydev.refactoring/src/com/python/pydev/refactoring/refactorer/search/copied/OpenSearchPreferencesAction.java (at line 11)
	import org.eclipse.search.internal.ui.SearchPreferencePage;
	       ^^^^^^^^^^^^^^^^^^^^^^^^^^^^^^^^^^^^^^^^^^^^^^^^^^^
Discouraged access: The type 'SearchPreferencePage' is not API (restriction on classpath entry '/Users/tcv/.p2/pool/plugins/org.eclipse.search_3.14.200.v20220817-1340.jar')
----------
23. WARNING in /Users/tcv/git/Pydev/plugins/com.python.pydev.refactoring/src/com/python/pydev/refactoring/refactorer/search/copied/OpenSearchPreferencesAction.java (at line 31)
	Shell shell = SearchPlugin.getActiveWorkbenchShell();
	              ^^^^^^^^^^^^
Discouraged access: The type 'SearchPlugin' is not API (restriction on classpath entry '/Users/tcv/.p2/pool/plugins/org.eclipse.search_3.14.200.v20220817-1340.jar')
----------
24. WARNING in /Users/tcv/git/Pydev/plugins/com.python.pydev.refactoring/src/com/python/pydev/refactoring/refactorer/search/copied/OpenSearchPreferencesAction.java (at line 31)
	Shell shell = SearchPlugin.getActiveWorkbenchShell();
	                           ^^^^^^^^^^^^^^^^^^^^^^^
Discouraged access: The method 'SearchPlugin.getActiveWorkbenchShell()' is not API (restriction on classpath entry '/Users/tcv/.p2/pool/plugins/org.eclipse.search_3.14.200.v20220817-1340.jar')
----------
25. WARNING in /Users/tcv/git/Pydev/plugins/com.python.pydev.refactoring/src/com/python/pydev/refactoring/refactorer/search/copied/OpenSearchPreferencesAction.java (at line 32)
	PreferencesUtil.createPreferenceDialogOn(shell, SearchPreferencePage.PAGE_ID, null, null).open();
	                                                ^^^^^^^^^^^^^^^^^^^^^^^^^^^^
Discouraged access: The type 'SearchPreferencePage' is not API (restriction on classpath entry '/Users/tcv/.p2/pool/plugins/org.eclipse.search_3.14.200.v20220817-1340.jar')
----------
26. WARNING in /Users/tcv/git/Pydev/plugins/com.python.pydev.refactoring/src/com/python/pydev/refactoring/refactorer/search/copied/OpenSearchPreferencesAction.java (at line 32)
	PreferencesUtil.createPreferenceDialogOn(shell, SearchPreferencePage.PAGE_ID, null, null).open();
	                                                                     ^^^^^^^
Discouraged access: The field 'SearchPreferencePage.PAGE_ID' is not API (restriction on classpath entry '/Users/tcv/.p2/pool/plugins/org.eclipse.search_3.14.200.v20220817-1340.jar')
----------
----------
27. WARNING in /Users/tcv/git/Pydev/plugins/com.python.pydev.refactoring/src/com/python/pydev/refactoring/ui/findreplace/PySearchInOpenDocumentsAction.java (at line 16)
	import org.eclipse.ui.internal.texteditor.TextEditorPlugin;
	       ^^^^^^^^^^^^^^^^^^^^^^^^^^^^^^^^^^^^^^^^^^^^^^^^^^^
Discouraged access: The type 'TextEditorPlugin' is not API (restriction on classpath entry '/Users/tcv/.p2/pool/plugins/org.eclipse.ui.workbench.texteditor_3.16.600.v20220809-1658.jar')
----------
28. WARNING in /Users/tcv/git/Pydev/plugins/com.python.pydev.refactoring/src/com/python/pydev/refactoring/ui/findreplace/PySearchInOpenDocumentsAction.java (at line 49)
	IDialogSettings settings = TextEditorPlugin.getDefault().getDialogSettings();
	                           ^^^^^^^^^^^^^^^^
Discouraged access: The type 'TextEditorPlugin' is not API (restriction on classpath entry '/Users/tcv/.p2/pool/plugins/org.eclipse.ui.workbench.texteditor_3.16.600.v20220809-1658.jar')
----------
29. WARNING in /Users/tcv/git/Pydev/plugins/com.python.pydev.refactoring/src/com/python/pydev/refactoring/ui/findreplace/PySearchInOpenDocumentsAction.java (at line 49)
	IDialogSettings settings = TextEditorPlugin.getDefault().getDialogSettings();
	                                            ^^^^^^^^^^
Discouraged access: The method 'TextEditorPlugin.getDefault()' is not API (restriction on classpath entry '/Users/tcv/.p2/pool/plugins/org.eclipse.ui.workbench.texteditor_3.16.600.v20220809-1658.jar')
----------
29 problems (29 warnings)
